[2021-08-11 22:05:02,345] {scheduler_job.py:181} INFO - Started process (PID=389) to work on /home/airflow/.local/lib/python3.6/site-packages/airflow/example_dags/example_python_operator.py
[2021-08-11 22:05:02,346] {scheduler_job.py:632} INFO - Processing file /home/airflow/.local/lib/python3.6/site-packages/airflow/example_dags/example_python_operator.py for tasks to queue
[2021-08-11 22:05:02,347] {logging_mixin.py:104} INFO - [2021-08-11 22:05:02,347] {dagbag.py:496} INFO - Filling up the DagBag from /home/airflow/.local/lib/python3.6/site-packages/airflow/example_dags/example_python_operator.py
[2021-08-11 22:05:02,357] {scheduler_job.py:642} INFO - DAG(s) dict_keys(['example_python_operator']) retrieved from /home/airflow/.local/lib/python3.6/site-packages/airflow/example_dags/example_python_operator.py
[2021-08-11 22:05:03,771] {logging_mixin.py:104} INFO - [2021-08-11 22:05:03,771] {dag.py:1833} INFO - Sync 1 DAGs
[2021-08-11 22:05:03,778] {logging_mixin.py:104} INFO - [2021-08-11 22:05:03,777] {dag.py:1852} INFO - Creating ORM DAG for example_python_operator
[2021-08-11 22:05:03,781] {logging_mixin.py:104} INFO - [2021-08-11 22:05:03,781] {dag.py:2306} INFO - Setting next_dagrun for example_python_operator to None
[2021-08-11 22:05:03,786] {scheduler_job.py:189} INFO - Processing /home/airflow/.local/lib/python3.6/site-packages/airflow/example_dags/example_python_operator.py took 1.444 seconds
[2021-08-11 22:05:34,276] {scheduler_job.py:181} INFO - Started process (PID=933) to work on /home/airflow/.local/lib/python3.6/site-packages/airflow/example_dags/example_python_operator.py
[2021-08-11 22:05:34,277] {scheduler_job.py:632} INFO - Processing file /home/airflow/.local/lib/python3.6/site-packages/airflow/example_dags/example_python_operator.py for tasks to queue
[2021-08-11 22:05:34,277] {logging_mixin.py:104} INFO - [2021-08-11 22:05:34,277] {dagbag.py:496} INFO - Filling up the DagBag from /home/airflow/.local/lib/python3.6/site-packages/airflow/example_dags/example_python_operator.py
[2021-08-11 22:05:34,285] {scheduler_job.py:642} INFO - DAG(s) dict_keys(['example_python_operator']) retrieved from /home/airflow/.local/lib/python3.6/site-packages/airflow/example_dags/example_python_operator.py
[2021-08-11 22:05:34,298] {logging_mixin.py:104} INFO - [2021-08-11 22:05:34,298] {dag.py:1833} INFO - Sync 1 DAGs
[2021-08-11 22:05:34,309] {logging_mixin.py:104} INFO - [2021-08-11 22:05:34,309] {dag.py:2306} INFO - Setting next_dagrun for example_python_operator to None
[2021-08-11 22:05:34,314] {scheduler_job.py:189} INFO - Processing /home/airflow/.local/lib/python3.6/site-packages/airflow/example_dags/example_python_operator.py took 0.041 seconds
[2021-08-11 22:06:04,365] {scheduler_job.py:181} INFO - Started process (PID=1017) to work on /home/airflow/.local/lib/python3.6/site-packages/airflow/example_dags/example_python_operator.py
[2021-08-11 22:06:04,366] {scheduler_job.py:632} INFO - Processing file /home/airflow/.local/lib/python3.6/site-packages/airflow/example_dags/example_python_operator.py for tasks to queue
[2021-08-11 22:06:04,366] {logging_mixin.py:104} INFO - [2021-08-11 22:06:04,366] {dagbag.py:496} INFO - Filling up the DagBag from /home/airflow/.local/lib/python3.6/site-packages/airflow/example_dags/example_python_operator.py
[2021-08-11 22:06:04,377] {scheduler_job.py:642} INFO - DAG(s) dict_keys(['example_python_operator']) retrieved from /home/airflow/.local/lib/python3.6/site-packages/airflow/example_dags/example_python_operator.py
[2021-08-11 22:06:04,393] {logging_mixin.py:104} INFO - [2021-08-11 22:06:04,393] {dag.py:1833} INFO - Sync 1 DAGs
[2021-08-11 22:06:04,403] {logging_mixin.py:104} INFO - [2021-08-11 22:06:04,402] {dag.py:2306} INFO - Setting next_dagrun for example_python_operator to None
[2021-08-11 22:06:04,407] {scheduler_job.py:189} INFO - Processing /home/airflow/.local/lib/python3.6/site-packages/airflow/example_dags/example_python_operator.py took 0.045 seconds
[2021-08-11 22:06:34,424] {scheduler_job.py:181} INFO - Started process (PID=1098) to work on /home/airflow/.local/lib/python3.6/site-packages/airflow/example_dags/example_python_operator.py
[2021-08-11 22:06:34,425] {scheduler_job.py:632} INFO - Processing file /home/airflow/.local/lib/python3.6/site-packages/airflow/example_dags/example_python_operator.py for tasks to queue
[2021-08-11 22:06:34,426] {logging_mixin.py:104} INFO - [2021-08-11 22:06:34,425] {dagbag.py:496} INFO - Filling up the DagBag from /home/airflow/.local/lib/python3.6/site-packages/airflow/example_dags/example_python_operator.py
[2021-08-11 22:06:34,433] {scheduler_job.py:642} INFO - DAG(s) dict_keys(['example_python_operator']) retrieved from /home/airflow/.local/lib/python3.6/site-packages/airflow/example_dags/example_python_operator.py
[2021-08-11 22:06:34,450] {logging_mixin.py:104} INFO - [2021-08-11 22:06:34,450] {dag.py:1833} INFO - Sync 1 DAGs
[2021-08-11 22:06:34,459] {logging_mixin.py:104} INFO - [2021-08-11 22:06:34,459] {dag.py:2306} INFO - Setting next_dagrun for example_python_operator to None
[2021-08-11 22:06:34,464] {scheduler_job.py:189} INFO - Processing /home/airflow/.local/lib/python3.6/site-packages/airflow/example_dags/example_python_operator.py took 0.042 seconds
[2021-08-11 22:07:04,625] {scheduler_job.py:181} INFO - Started process (PID=1186) to work on /home/airflow/.local/lib/python3.6/site-packages/airflow/example_dags/example_python_operator.py
[2021-08-11 22:07:04,625] {scheduler_job.py:632} INFO - Processing file /home/airflow/.local/lib/python3.6/site-packages/airflow/example_dags/example_python_operator.py for tasks to queue
[2021-08-11 22:07:04,626] {logging_mixin.py:104} INFO - [2021-08-11 22:07:04,626] {dagbag.py:496} INFO - Filling up the DagBag from /home/airflow/.local/lib/python3.6/site-packages/airflow/example_dags/example_python_operator.py
[2021-08-11 22:07:04,636] {scheduler_job.py:642} INFO - DAG(s) dict_keys(['example_python_operator']) retrieved from /home/airflow/.local/lib/python3.6/site-packages/airflow/example_dags/example_python_operator.py
[2021-08-11 22:07:04,654] {logging_mixin.py:104} INFO - [2021-08-11 22:07:04,654] {dag.py:1833} INFO - Sync 1 DAGs
[2021-08-11 22:07:04,662] {logging_mixin.py:104} INFO - [2021-08-11 22:07:04,662] {dag.py:2306} INFO - Setting next_dagrun for example_python_operator to None
[2021-08-11 22:07:04,667] {scheduler_job.py:189} INFO - Processing /home/airflow/.local/lib/python3.6/site-packages/airflow/example_dags/example_python_operator.py took 0.044 seconds
[2021-08-11 22:07:34,814] {scheduler_job.py:181} INFO - Started process (PID=1276) to work on /home/airflow/.local/lib/python3.6/site-packages/airflow/example_dags/example_python_operator.py
[2021-08-11 22:07:34,815] {scheduler_job.py:632} INFO - Processing file /home/airflow/.local/lib/python3.6/site-packages/airflow/example_dags/example_python_operator.py for tasks to queue
[2021-08-11 22:07:34,816] {logging_mixin.py:104} INFO - [2021-08-11 22:07:34,816] {dagbag.py:496} INFO - Filling up the DagBag from /home/airflow/.local/lib/python3.6/site-packages/airflow/example_dags/example_python_operator.py
[2021-08-11 22:07:34,826] {scheduler_job.py:642} INFO - DAG(s) dict_keys(['example_python_operator']) retrieved from /home/airflow/.local/lib/python3.6/site-packages/airflow/example_dags/example_python_operator.py
[2021-08-11 22:07:34,842] {logging_mixin.py:104} INFO - [2021-08-11 22:07:34,842] {dag.py:1833} INFO - Sync 1 DAGs
[2021-08-11 22:07:34,851] {logging_mixin.py:104} INFO - [2021-08-11 22:07:34,850] {dag.py:2306} INFO - Setting next_dagrun for example_python_operator to None
[2021-08-11 22:07:34,855] {scheduler_job.py:189} INFO - Processing /home/airflow/.local/lib/python3.6/site-packages/airflow/example_dags/example_python_operator.py took 0.043 seconds
[2021-08-11 22:08:04,954] {scheduler_job.py:181} INFO - Started process (PID=1353) to work on /home/airflow/.local/lib/python3.6/site-packages/airflow/example_dags/example_python_operator.py
[2021-08-11 22:08:04,955] {scheduler_job.py:632} INFO - Processing file /home/airflow/.local/lib/python3.6/site-packages/airflow/example_dags/example_python_operator.py for tasks to queue
[2021-08-11 22:08:04,956] {logging_mixin.py:104} INFO - [2021-08-11 22:08:04,956] {dagbag.py:496} INFO - Filling up the DagBag from /home/airflow/.local/lib/python3.6/site-packages/airflow/example_dags/example_python_operator.py
[2021-08-11 22:08:04,965] {scheduler_job.py:642} INFO - DAG(s) dict_keys(['example_python_operator']) retrieved from /home/airflow/.local/lib/python3.6/site-packages/airflow/example_dags/example_python_operator.py
[2021-08-11 22:08:04,983] {logging_mixin.py:104} INFO - [2021-08-11 22:08:04,983] {dag.py:1833} INFO - Sync 1 DAGs
[2021-08-11 22:08:04,993] {logging_mixin.py:104} INFO - [2021-08-11 22:08:04,992] {dag.py:2306} INFO - Setting next_dagrun for example_python_operator to None
[2021-08-11 22:08:04,998] {scheduler_job.py:189} INFO - Processing /home/airflow/.local/lib/python3.6/site-packages/airflow/example_dags/example_python_operator.py took 0.046 seconds
[2021-08-11 22:08:35,149] {scheduler_job.py:181} INFO - Started process (PID=1442) to work on /home/airflow/.local/lib/python3.6/site-packages/airflow/example_dags/example_python_operator.py
[2021-08-11 22:08:35,150] {scheduler_job.py:632} INFO - Processing file /home/airflow/.local/lib/python3.6/site-packages/airflow/example_dags/example_python_operator.py for tasks to queue
[2021-08-11 22:08:35,151] {logging_mixin.py:104} INFO - [2021-08-11 22:08:35,151] {dagbag.py:496} INFO - Filling up the DagBag from /home/airflow/.local/lib/python3.6/site-packages/airflow/example_dags/example_python_operator.py
[2021-08-11 22:08:35,162] {scheduler_job.py:642} INFO - DAG(s) dict_keys(['example_python_operator']) retrieved from /home/airflow/.local/lib/python3.6/site-packages/airflow/example_dags/example_python_operator.py
[2021-08-11 22:08:35,179] {logging_mixin.py:104} INFO - [2021-08-11 22:08:35,179] {dag.py:1833} INFO - Sync 1 DAGs
[2021-08-11 22:08:35,189] {logging_mixin.py:104} INFO - [2021-08-11 22:08:35,189] {dag.py:2306} INFO - Setting next_dagrun for example_python_operator to None
[2021-08-11 22:08:35,193] {scheduler_job.py:189} INFO - Processing /home/airflow/.local/lib/python3.6/site-packages/airflow/example_dags/example_python_operator.py took 0.046 seconds
[2021-08-11 22:09:05,332] {scheduler_job.py:181} INFO - Started process (PID=1530) to work on /home/airflow/.local/lib/python3.6/site-packages/airflow/example_dags/example_python_operator.py
[2021-08-11 22:09:05,333] {scheduler_job.py:632} INFO - Processing file /home/airflow/.local/lib/python3.6/site-packages/airflow/example_dags/example_python_operator.py for tasks to queue
[2021-08-11 22:09:05,333] {logging_mixin.py:104} INFO - [2021-08-11 22:09:05,333] {dagbag.py:496} INFO - Filling up the DagBag from /home/airflow/.local/lib/python3.6/site-packages/airflow/example_dags/example_python_operator.py
[2021-08-11 22:09:05,343] {scheduler_job.py:642} INFO - DAG(s) dict_keys(['example_python_operator']) retrieved from /home/airflow/.local/lib/python3.6/site-packages/airflow/example_dags/example_python_operator.py
[2021-08-11 22:09:05,360] {logging_mixin.py:104} INFO - [2021-08-11 22:09:05,360] {dag.py:1833} INFO - Sync 1 DAGs
[2021-08-11 22:09:05,371] {logging_mixin.py:104} INFO - [2021-08-11 22:09:05,371] {dag.py:2306} INFO - Setting next_dagrun for example_python_operator to None
[2021-08-11 22:09:05,375] {scheduler_job.py:189} INFO - Processing /home/airflow/.local/lib/python3.6/site-packages/airflow/example_dags/example_python_operator.py took 0.046 seconds
[2021-08-11 22:09:35,398] {scheduler_job.py:181} INFO - Started process (PID=1608) to work on /home/airflow/.local/lib/python3.6/site-packages/airflow/example_dags/example_python_operator.py
[2021-08-11 22:09:35,399] {scheduler_job.py:632} INFO - Processing file /home/airflow/.local/lib/python3.6/site-packages/airflow/example_dags/example_python_operator.py for tasks to queue
[2021-08-11 22:09:35,400] {logging_mixin.py:104} INFO - [2021-08-11 22:09:35,399] {dagbag.py:496} INFO - Filling up the DagBag from /home/airflow/.local/lib/python3.6/site-packages/airflow/example_dags/example_python_operator.py
[2021-08-11 22:09:35,409] {scheduler_job.py:642} INFO - DAG(s) dict_keys(['example_python_operator']) retrieved from /home/airflow/.local/lib/python3.6/site-packages/airflow/example_dags/example_python_operator.py
[2021-08-11 22:09:35,426] {logging_mixin.py:104} INFO - [2021-08-11 22:09:35,426] {dag.py:1833} INFO - Sync 1 DAGs
[2021-08-11 22:09:35,436] {logging_mixin.py:104} INFO - [2021-08-11 22:09:35,435] {dag.py:2306} INFO - Setting next_dagrun for example_python_operator to None
[2021-08-11 22:09:35,440] {scheduler_job.py:189} INFO - Processing /home/airflow/.local/lib/python3.6/site-packages/airflow/example_dags/example_python_operator.py took 0.044 seconds
[2021-08-11 22:10:05,560] {scheduler_job.py:181} INFO - Started process (PID=1696) to work on /home/airflow/.local/lib/python3.6/site-packages/airflow/example_dags/example_python_operator.py
[2021-08-11 22:10:05,561] {scheduler_job.py:632} INFO - Processing file /home/airflow/.local/lib/python3.6/site-packages/airflow/example_dags/example_python_operator.py for tasks to queue
[2021-08-11 22:10:05,562] {logging_mixin.py:104} INFO - [2021-08-11 22:10:05,562] {dagbag.py:496} INFO - Filling up the DagBag from /home/airflow/.local/lib/python3.6/site-packages/airflow/example_dags/example_python_operator.py
[2021-08-11 22:10:05,570] {scheduler_job.py:642} INFO - DAG(s) dict_keys(['example_python_operator']) retrieved from /home/airflow/.local/lib/python3.6/site-packages/airflow/example_dags/example_python_operator.py
[2021-08-11 22:10:05,587] {logging_mixin.py:104} INFO - [2021-08-11 22:10:05,587] {dag.py:1833} INFO - Sync 1 DAGs
[2021-08-11 22:10:05,597] {logging_mixin.py:104} INFO - [2021-08-11 22:10:05,597] {dag.py:2306} INFO - Setting next_dagrun for example_python_operator to None
[2021-08-11 22:10:05,601] {scheduler_job.py:189} INFO - Processing /home/airflow/.local/lib/python3.6/site-packages/airflow/example_dags/example_python_operator.py took 0.043 seconds
[2021-08-11 22:10:35,923] {scheduler_job.py:181} INFO - Started process (PID=1785) to work on /home/airflow/.local/lib/python3.6/site-packages/airflow/example_dags/example_python_operator.py
[2021-08-11 22:10:35,924] {scheduler_job.py:632} INFO - Processing file /home/airflow/.local/lib/python3.6/site-packages/airflow/example_dags/example_python_operator.py for tasks to queue
[2021-08-11 22:10:35,924] {logging_mixin.py:104} INFO - [2021-08-11 22:10:35,924] {dagbag.py:496} INFO - Filling up the DagBag from /home/airflow/.local/lib/python3.6/site-packages/airflow/example_dags/example_python_operator.py
[2021-08-11 22:10:35,934] {scheduler_job.py:642} INFO - DAG(s) dict_keys(['example_python_operator']) retrieved from /home/airflow/.local/lib/python3.6/site-packages/airflow/example_dags/example_python_operator.py
[2021-08-11 22:10:35,952] {logging_mixin.py:104} INFO - [2021-08-11 22:10:35,952] {dag.py:1833} INFO - Sync 1 DAGs
[2021-08-11 22:10:35,962] {logging_mixin.py:104} INFO - [2021-08-11 22:10:35,962] {dag.py:2306} INFO - Setting next_dagrun for example_python_operator to None
[2021-08-11 22:10:35,966] {scheduler_job.py:189} INFO - Processing /home/airflow/.local/lib/python3.6/site-packages/airflow/example_dags/example_python_operator.py took 0.046 seconds
[2021-08-11 22:11:06,120] {scheduler_job.py:181} INFO - Started process (PID=1873) to work on /home/airflow/.local/lib/python3.6/site-packages/airflow/example_dags/example_python_operator.py
[2021-08-11 22:11:06,121] {scheduler_job.py:632} INFO - Processing file /home/airflow/.local/lib/python3.6/site-packages/airflow/example_dags/example_python_operator.py for tasks to queue
[2021-08-11 22:11:06,121] {logging_mixin.py:104} INFO - [2021-08-11 22:11:06,121] {dagbag.py:496} INFO - Filling up the DagBag from /home/airflow/.local/lib/python3.6/site-packages/airflow/example_dags/example_python_operator.py
[2021-08-11 22:11:06,130] {scheduler_job.py:642} INFO - DAG(s) dict_keys(['example_python_operator']) retrieved from /home/airflow/.local/lib/python3.6/site-packages/airflow/example_dags/example_python_operator.py
[2021-08-11 22:11:06,148] {logging_mixin.py:104} INFO - [2021-08-11 22:11:06,148] {dag.py:1833} INFO - Sync 1 DAGs
[2021-08-11 22:11:06,156] {logging_mixin.py:104} INFO - [2021-08-11 22:11:06,156] {dag.py:2306} INFO - Setting next_dagrun for example_python_operator to None
[2021-08-11 22:11:06,161] {scheduler_job.py:189} INFO - Processing /home/airflow/.local/lib/python3.6/site-packages/airflow/example_dags/example_python_operator.py took 0.043 seconds
[2021-08-11 22:12:26,937] {scheduler_job.py:181} INFO - Started process (PID=261) to work on /home/airflow/.local/lib/python3.6/site-packages/airflow/example_dags/example_python_operator.py
[2021-08-11 22:12:26,937] {scheduler_job.py:632} INFO - Processing file /home/airflow/.local/lib/python3.6/site-packages/airflow/example_dags/example_python_operator.py for tasks to queue
[2021-08-11 22:12:26,938] {logging_mixin.py:104} INFO - [2021-08-11 22:12:26,938] {dagbag.py:496} INFO - Filling up the DagBag from /home/airflow/.local/lib/python3.6/site-packages/airflow/example_dags/example_python_operator.py
[2021-08-11 22:12:26,949] {scheduler_job.py:642} INFO - DAG(s) dict_keys(['example_python_operator']) retrieved from /home/airflow/.local/lib/python3.6/site-packages/airflow/example_dags/example_python_operator.py
[2021-08-11 22:12:26,960] {logging_mixin.py:104} INFO - [2021-08-11 22:12:26,960] {dag.py:1833} INFO - Sync 1 DAGs
[2021-08-11 22:12:26,968] {logging_mixin.py:104} INFO - [2021-08-11 22:12:26,968] {dag.py:2306} INFO - Setting next_dagrun for example_python_operator to None
[2021-08-11 22:12:26,972] {scheduler_job.py:189} INFO - Processing /home/airflow/.local/lib/python3.6/site-packages/airflow/example_dags/example_python_operator.py took 0.038 seconds
[2021-08-11 22:12:57,474] {scheduler_job.py:181} INFO - Started process (PID=489) to work on /home/airflow/.local/lib/python3.6/site-packages/airflow/example_dags/example_python_operator.py
[2021-08-11 22:12:57,475] {scheduler_job.py:632} INFO - Processing file /home/airflow/.local/lib/python3.6/site-packages/airflow/example_dags/example_python_operator.py for tasks to queue
[2021-08-11 22:12:57,475] {logging_mixin.py:104} INFO - [2021-08-11 22:12:57,475] {dagbag.py:496} INFO - Filling up the DagBag from /home/airflow/.local/lib/python3.6/site-packages/airflow/example_dags/example_python_operator.py
[2021-08-11 22:12:57,486] {scheduler_job.py:642} INFO - DAG(s) dict_keys(['example_python_operator']) retrieved from /home/airflow/.local/lib/python3.6/site-packages/airflow/example_dags/example_python_operator.py
[2021-08-11 22:12:57,501] {logging_mixin.py:104} INFO - [2021-08-11 22:12:57,501] {dag.py:1833} INFO - Sync 1 DAGs
[2021-08-11 22:12:57,510] {logging_mixin.py:104} INFO - [2021-08-11 22:12:57,510] {dag.py:2306} INFO - Setting next_dagrun for example_python_operator to None
[2021-08-11 22:12:57,514] {scheduler_job.py:189} INFO - Processing /home/airflow/.local/lib/python3.6/site-packages/airflow/example_dags/example_python_operator.py took 0.042 seconds
[2021-08-11 22:13:27,973] {scheduler_job.py:181} INFO - Started process (PID=707) to work on /home/airflow/.local/lib/python3.6/site-packages/airflow/example_dags/example_python_operator.py
[2021-08-11 22:13:27,973] {scheduler_job.py:632} INFO - Processing file /home/airflow/.local/lib/python3.6/site-packages/airflow/example_dags/example_python_operator.py for tasks to queue
[2021-08-11 22:13:27,974] {logging_mixin.py:104} INFO - [2021-08-11 22:13:27,974] {dagbag.py:496} INFO - Filling up the DagBag from /home/airflow/.local/lib/python3.6/site-packages/airflow/example_dags/example_python_operator.py
[2021-08-11 22:13:27,985] {scheduler_job.py:642} INFO - DAG(s) dict_keys(['example_python_operator']) retrieved from /home/airflow/.local/lib/python3.6/site-packages/airflow/example_dags/example_python_operator.py
[2021-08-11 22:13:28,000] {logging_mixin.py:104} INFO - [2021-08-11 22:13:27,999] {dag.py:1833} INFO - Sync 1 DAGs
[2021-08-11 22:13:28,008] {logging_mixin.py:104} INFO - [2021-08-11 22:13:28,008] {dag.py:2306} INFO - Setting next_dagrun for example_python_operator to None
[2021-08-11 22:13:28,013] {scheduler_job.py:189} INFO - Processing /home/airflow/.local/lib/python3.6/site-packages/airflow/example_dags/example_python_operator.py took 0.042 seconds
[2021-08-11 22:13:58,491] {scheduler_job.py:181} INFO - Started process (PID=935) to work on /home/airflow/.local/lib/python3.6/site-packages/airflow/example_dags/example_python_operator.py
[2021-08-11 22:13:58,492] {scheduler_job.py:632} INFO - Processing file /home/airflow/.local/lib/python3.6/site-packages/airflow/example_dags/example_python_operator.py for tasks to queue
[2021-08-11 22:13:58,492] {logging_mixin.py:104} INFO - [2021-08-11 22:13:58,492] {dagbag.py:496} INFO - Filling up the DagBag from /home/airflow/.local/lib/python3.6/site-packages/airflow/example_dags/example_python_operator.py
[2021-08-11 22:13:58,500] {scheduler_job.py:642} INFO - DAG(s) dict_keys(['example_python_operator']) retrieved from /home/airflow/.local/lib/python3.6/site-packages/airflow/example_dags/example_python_operator.py
[2021-08-11 22:13:58,515] {logging_mixin.py:104} INFO - [2021-08-11 22:13:58,515] {dag.py:1833} INFO - Sync 1 DAGs
[2021-08-11 22:13:58,525] {logging_mixin.py:104} INFO - [2021-08-11 22:13:58,524] {dag.py:2306} INFO - Setting next_dagrun for example_python_operator to None
[2021-08-11 22:13:58,529] {scheduler_job.py:189} INFO - Processing /home/airflow/.local/lib/python3.6/site-packages/airflow/example_dags/example_python_operator.py took 0.040 seconds
[2021-08-11 22:14:28,982] {scheduler_job.py:181} INFO - Started process (PID=1163) to work on /home/airflow/.local/lib/python3.6/site-packages/airflow/example_dags/example_python_operator.py
[2021-08-11 22:14:28,983] {scheduler_job.py:632} INFO - Processing file /home/airflow/.local/lib/python3.6/site-packages/airflow/example_dags/example_python_operator.py for tasks to queue
[2021-08-11 22:14:28,984] {logging_mixin.py:104} INFO - [2021-08-11 22:14:28,984] {dagbag.py:496} INFO - Filling up the DagBag from /home/airflow/.local/lib/python3.6/site-packages/airflow/example_dags/example_python_operator.py
[2021-08-11 22:14:28,994] {scheduler_job.py:642} INFO - DAG(s) dict_keys(['example_python_operator']) retrieved from /home/airflow/.local/lib/python3.6/site-packages/airflow/example_dags/example_python_operator.py
[2021-08-11 22:14:29,011] {logging_mixin.py:104} INFO - [2021-08-11 22:14:29,011] {dag.py:1833} INFO - Sync 1 DAGs
[2021-08-11 22:14:29,023] {logging_mixin.py:104} INFO - [2021-08-11 22:14:29,022] {dag.py:2306} INFO - Setting next_dagrun for example_python_operator to None
[2021-08-11 22:14:29,030] {scheduler_job.py:189} INFO - Processing /home/airflow/.local/lib/python3.6/site-packages/airflow/example_dags/example_python_operator.py took 0.049 seconds
[2021-08-11 22:14:59,460] {scheduler_job.py:181} INFO - Started process (PID=1427) to work on /home/airflow/.local/lib/python3.6/site-packages/airflow/example_dags/example_python_operator.py
[2021-08-11 22:14:59,463] {scheduler_job.py:632} INFO - Processing file /home/airflow/.local/lib/python3.6/site-packages/airflow/example_dags/example_python_operator.py for tasks to queue
[2021-08-11 22:14:59,463] {logging_mixin.py:104} INFO - [2021-08-11 22:14:59,463] {dagbag.py:496} INFO - Filling up the DagBag from /home/airflow/.local/lib/python3.6/site-packages/airflow/example_dags/example_python_operator.py
[2021-08-11 22:14:59,470] {scheduler_job.py:642} INFO - DAG(s) dict_keys(['example_python_operator']) retrieved from /home/airflow/.local/lib/python3.6/site-packages/airflow/example_dags/example_python_operator.py
[2021-08-11 22:14:59,485] {logging_mixin.py:104} INFO - [2021-08-11 22:14:59,485] {dag.py:1833} INFO - Sync 1 DAGs
[2021-08-11 22:14:59,494] {logging_mixin.py:104} INFO - [2021-08-11 22:14:59,494] {dag.py:2306} INFO - Setting next_dagrun for example_python_operator to None
[2021-08-11 22:14:59,498] {scheduler_job.py:189} INFO - Processing /home/airflow/.local/lib/python3.6/site-packages/airflow/example_dags/example_python_operator.py took 0.041 seconds
