[2021-08-11 22:05:03,806] {scheduler_job.py:181} INFO - Started process (PID=439) to work on /home/airflow/.local/lib/python3.6/site-packages/airflow/example_dags/example_skip_dag.py
[2021-08-11 22:05:03,807] {scheduler_job.py:632} INFO - Processing file /home/airflow/.local/lib/python3.6/site-packages/airflow/example_dags/example_skip_dag.py for tasks to queue
[2021-08-11 22:05:03,807] {logging_mixin.py:104} INFO - [2021-08-11 22:05:03,807] {dagbag.py:496} INFO - Filling up the DagBag from /home/airflow/.local/lib/python3.6/site-packages/airflow/example_dags/example_skip_dag.py
[2021-08-11 22:05:03,816] {scheduler_job.py:642} INFO - DAG(s) dict_keys(['example_skip_dag']) retrieved from /home/airflow/.local/lib/python3.6/site-packages/airflow/example_dags/example_skip_dag.py
[2021-08-11 22:05:05,218] {logging_mixin.py:104} INFO - [2021-08-11 22:05:05,218] {dag.py:1833} INFO - Sync 1 DAGs
[2021-08-11 22:05:05,224] {logging_mixin.py:104} INFO - [2021-08-11 22:05:05,223] {dag.py:1852} INFO - Creating ORM DAG for example_skip_dag
[2021-08-11 22:05:05,227] {logging_mixin.py:104} INFO - [2021-08-11 22:05:05,226] {dag.py:2306} INFO - Setting next_dagrun for example_skip_dag to 2021-08-09 00:00:00+00:00
[2021-08-11 22:05:05,232] {scheduler_job.py:189} INFO - Processing /home/airflow/.local/lib/python3.6/site-packages/airflow/example_dags/example_skip_dag.py took 1.428 seconds
[2021-08-11 22:05:35,328] {scheduler_job.py:181} INFO - Started process (PID=935) to work on /home/airflow/.local/lib/python3.6/site-packages/airflow/example_dags/example_skip_dag.py
[2021-08-11 22:05:35,329] {scheduler_job.py:632} INFO - Processing file /home/airflow/.local/lib/python3.6/site-packages/airflow/example_dags/example_skip_dag.py for tasks to queue
[2021-08-11 22:05:35,329] {logging_mixin.py:104} INFO - [2021-08-11 22:05:35,329] {dagbag.py:496} INFO - Filling up the DagBag from /home/airflow/.local/lib/python3.6/site-packages/airflow/example_dags/example_skip_dag.py
[2021-08-11 22:05:35,338] {scheduler_job.py:642} INFO - DAG(s) dict_keys(['example_skip_dag']) retrieved from /home/airflow/.local/lib/python3.6/site-packages/airflow/example_dags/example_skip_dag.py
[2021-08-11 22:05:35,354] {logging_mixin.py:104} INFO - [2021-08-11 22:05:35,353] {dag.py:1833} INFO - Sync 1 DAGs
[2021-08-11 22:05:35,364] {logging_mixin.py:104} INFO - [2021-08-11 22:05:35,364] {dag.py:2306} INFO - Setting next_dagrun for example_skip_dag to 2021-08-09 00:00:00+00:00
[2021-08-11 22:05:35,368] {scheduler_job.py:189} INFO - Processing /home/airflow/.local/lib/python3.6/site-packages/airflow/example_dags/example_skip_dag.py took 0.042 seconds
[2021-08-11 22:06:05,468] {scheduler_job.py:181} INFO - Started process (PID=1023) to work on /home/airflow/.local/lib/python3.6/site-packages/airflow/example_dags/example_skip_dag.py
[2021-08-11 22:06:05,469] {scheduler_job.py:632} INFO - Processing file /home/airflow/.local/lib/python3.6/site-packages/airflow/example_dags/example_skip_dag.py for tasks to queue
[2021-08-11 22:06:05,469] {logging_mixin.py:104} INFO - [2021-08-11 22:06:05,469] {dagbag.py:496} INFO - Filling up the DagBag from /home/airflow/.local/lib/python3.6/site-packages/airflow/example_dags/example_skip_dag.py
[2021-08-11 22:06:05,479] {scheduler_job.py:642} INFO - DAG(s) dict_keys(['example_skip_dag']) retrieved from /home/airflow/.local/lib/python3.6/site-packages/airflow/example_dags/example_skip_dag.py
[2021-08-11 22:06:05,496] {logging_mixin.py:104} INFO - [2021-08-11 22:06:05,495] {dag.py:1833} INFO - Sync 1 DAGs
[2021-08-11 22:06:05,506] {logging_mixin.py:104} INFO - [2021-08-11 22:06:05,506] {dag.py:2306} INFO - Setting next_dagrun for example_skip_dag to 2021-08-09 00:00:00+00:00
[2021-08-11 22:06:05,511] {scheduler_job.py:189} INFO - Processing /home/airflow/.local/lib/python3.6/site-packages/airflow/example_dags/example_skip_dag.py took 0.045 seconds
[2021-08-11 22:06:35,533] {scheduler_job.py:181} INFO - Started process (PID=1101) to work on /home/airflow/.local/lib/python3.6/site-packages/airflow/example_dags/example_skip_dag.py
[2021-08-11 22:06:35,534] {scheduler_job.py:632} INFO - Processing file /home/airflow/.local/lib/python3.6/site-packages/airflow/example_dags/example_skip_dag.py for tasks to queue
[2021-08-11 22:06:35,534] {logging_mixin.py:104} INFO - [2021-08-11 22:06:35,534] {dagbag.py:496} INFO - Filling up the DagBag from /home/airflow/.local/lib/python3.6/site-packages/airflow/example_dags/example_skip_dag.py
[2021-08-11 22:06:35,545] {scheduler_job.py:642} INFO - DAG(s) dict_keys(['example_skip_dag']) retrieved from /home/airflow/.local/lib/python3.6/site-packages/airflow/example_dags/example_skip_dag.py
[2021-08-11 22:06:35,562] {logging_mixin.py:104} INFO - [2021-08-11 22:06:35,562] {dag.py:1833} INFO - Sync 1 DAGs
[2021-08-11 22:06:35,573] {logging_mixin.py:104} INFO - [2021-08-11 22:06:35,573] {dag.py:2306} INFO - Setting next_dagrun for example_skip_dag to 2021-08-09 00:00:00+00:00
[2021-08-11 22:06:35,577] {scheduler_job.py:189} INFO - Processing /home/airflow/.local/lib/python3.6/site-packages/airflow/example_dags/example_skip_dag.py took 0.047 seconds
[2021-08-11 22:07:05,682] {scheduler_job.py:181} INFO - Started process (PID=1189) to work on /home/airflow/.local/lib/python3.6/site-packages/airflow/example_dags/example_skip_dag.py
[2021-08-11 22:07:05,683] {scheduler_job.py:632} INFO - Processing file /home/airflow/.local/lib/python3.6/site-packages/airflow/example_dags/example_skip_dag.py for tasks to queue
[2021-08-11 22:07:05,684] {logging_mixin.py:104} INFO - [2021-08-11 22:07:05,684] {dagbag.py:496} INFO - Filling up the DagBag from /home/airflow/.local/lib/python3.6/site-packages/airflow/example_dags/example_skip_dag.py
[2021-08-11 22:07:05,691] {scheduler_job.py:642} INFO - DAG(s) dict_keys(['example_skip_dag']) retrieved from /home/airflow/.local/lib/python3.6/site-packages/airflow/example_dags/example_skip_dag.py
[2021-08-11 22:07:05,708] {logging_mixin.py:104} INFO - [2021-08-11 22:07:05,708] {dag.py:1833} INFO - Sync 1 DAGs
[2021-08-11 22:07:05,716] {logging_mixin.py:104} INFO - [2021-08-11 22:07:05,716] {dag.py:2306} INFO - Setting next_dagrun for example_skip_dag to 2021-08-09 00:00:00+00:00
[2021-08-11 22:07:05,721] {scheduler_job.py:189} INFO - Processing /home/airflow/.local/lib/python3.6/site-packages/airflow/example_dags/example_skip_dag.py took 0.041 seconds
[2021-08-11 22:07:35,924] {scheduler_job.py:181} INFO - Started process (PID=1278) to work on /home/airflow/.local/lib/python3.6/site-packages/airflow/example_dags/example_skip_dag.py
[2021-08-11 22:07:35,925] {scheduler_job.py:632} INFO - Processing file /home/airflow/.local/lib/python3.6/site-packages/airflow/example_dags/example_skip_dag.py for tasks to queue
[2021-08-11 22:07:35,925] {logging_mixin.py:104} INFO - [2021-08-11 22:07:35,925] {dagbag.py:496} INFO - Filling up the DagBag from /home/airflow/.local/lib/python3.6/site-packages/airflow/example_dags/example_skip_dag.py
[2021-08-11 22:07:35,933] {scheduler_job.py:642} INFO - DAG(s) dict_keys(['example_skip_dag']) retrieved from /home/airflow/.local/lib/python3.6/site-packages/airflow/example_dags/example_skip_dag.py
[2021-08-11 22:07:35,949] {logging_mixin.py:104} INFO - [2021-08-11 22:07:35,949] {dag.py:1833} INFO - Sync 1 DAGs
[2021-08-11 22:07:35,960] {logging_mixin.py:104} INFO - [2021-08-11 22:07:35,960] {dag.py:2306} INFO - Setting next_dagrun for example_skip_dag to 2021-08-09 00:00:00+00:00
[2021-08-11 22:07:35,966] {scheduler_job.py:189} INFO - Processing /home/airflow/.local/lib/python3.6/site-packages/airflow/example_dags/example_skip_dag.py took 0.044 seconds
[2021-08-11 22:08:06,016] {scheduler_job.py:181} INFO - Started process (PID=1356) to work on /home/airflow/.local/lib/python3.6/site-packages/airflow/example_dags/example_skip_dag.py
[2021-08-11 22:08:06,017] {scheduler_job.py:632} INFO - Processing file /home/airflow/.local/lib/python3.6/site-packages/airflow/example_dags/example_skip_dag.py for tasks to queue
[2021-08-11 22:08:06,018] {logging_mixin.py:104} INFO - [2021-08-11 22:08:06,018] {dagbag.py:496} INFO - Filling up the DagBag from /home/airflow/.local/lib/python3.6/site-packages/airflow/example_dags/example_skip_dag.py
[2021-08-11 22:08:06,027] {scheduler_job.py:642} INFO - DAG(s) dict_keys(['example_skip_dag']) retrieved from /home/airflow/.local/lib/python3.6/site-packages/airflow/example_dags/example_skip_dag.py
[2021-08-11 22:08:06,043] {logging_mixin.py:104} INFO - [2021-08-11 22:08:06,043] {dag.py:1833} INFO - Sync 1 DAGs
[2021-08-11 22:08:06,052] {logging_mixin.py:104} INFO - [2021-08-11 22:08:06,052] {dag.py:2306} INFO - Setting next_dagrun for example_skip_dag to 2021-08-09 00:00:00+00:00
[2021-08-11 22:08:06,056] {scheduler_job.py:189} INFO - Processing /home/airflow/.local/lib/python3.6/site-packages/airflow/example_dags/example_skip_dag.py took 0.043 seconds
[2021-08-11 22:08:36,212] {scheduler_job.py:181} INFO - Started process (PID=1445) to work on /home/airflow/.local/lib/python3.6/site-packages/airflow/example_dags/example_skip_dag.py
[2021-08-11 22:08:36,212] {scheduler_job.py:632} INFO - Processing file /home/airflow/.local/lib/python3.6/site-packages/airflow/example_dags/example_skip_dag.py for tasks to queue
[2021-08-11 22:08:36,213] {logging_mixin.py:104} INFO - [2021-08-11 22:08:36,213] {dagbag.py:496} INFO - Filling up the DagBag from /home/airflow/.local/lib/python3.6/site-packages/airflow/example_dags/example_skip_dag.py
[2021-08-11 22:08:36,221] {scheduler_job.py:642} INFO - DAG(s) dict_keys(['example_skip_dag']) retrieved from /home/airflow/.local/lib/python3.6/site-packages/airflow/example_dags/example_skip_dag.py
[2021-08-11 22:08:36,238] {logging_mixin.py:104} INFO - [2021-08-11 22:08:36,238] {dag.py:1833} INFO - Sync 1 DAGs
[2021-08-11 22:08:36,249] {logging_mixin.py:104} INFO - [2021-08-11 22:08:36,249] {dag.py:2306} INFO - Setting next_dagrun for example_skip_dag to 2021-08-09 00:00:00+00:00
[2021-08-11 22:08:36,255] {scheduler_job.py:189} INFO - Processing /home/airflow/.local/lib/python3.6/site-packages/airflow/example_dags/example_skip_dag.py took 0.046 seconds
[2021-08-11 22:09:06,392] {scheduler_job.py:181} INFO - Started process (PID=1533) to work on /home/airflow/.local/lib/python3.6/site-packages/airflow/example_dags/example_skip_dag.py
[2021-08-11 22:09:06,393] {scheduler_job.py:632} INFO - Processing file /home/airflow/.local/lib/python3.6/site-packages/airflow/example_dags/example_skip_dag.py for tasks to queue
[2021-08-11 22:09:06,393] {logging_mixin.py:104} INFO - [2021-08-11 22:09:06,393] {dagbag.py:496} INFO - Filling up the DagBag from /home/airflow/.local/lib/python3.6/site-packages/airflow/example_dags/example_skip_dag.py
[2021-08-11 22:09:06,401] {scheduler_job.py:642} INFO - DAG(s) dict_keys(['example_skip_dag']) retrieved from /home/airflow/.local/lib/python3.6/site-packages/airflow/example_dags/example_skip_dag.py
[2021-08-11 22:09:06,418] {logging_mixin.py:104} INFO - [2021-08-11 22:09:06,418] {dag.py:1833} INFO - Sync 1 DAGs
[2021-08-11 22:09:06,429] {logging_mixin.py:104} INFO - [2021-08-11 22:09:06,429] {dag.py:2306} INFO - Setting next_dagrun for example_skip_dag to 2021-08-09 00:00:00+00:00
[2021-08-11 22:09:06,436] {scheduler_job.py:189} INFO - Processing /home/airflow/.local/lib/python3.6/site-packages/airflow/example_dags/example_skip_dag.py took 0.046 seconds
[2021-08-11 22:09:36,573] {scheduler_job.py:181} INFO - Started process (PID=1621) to work on /home/airflow/.local/lib/python3.6/site-packages/airflow/example_dags/example_skip_dag.py
[2021-08-11 22:09:36,574] {scheduler_job.py:632} INFO - Processing file /home/airflow/.local/lib/python3.6/site-packages/airflow/example_dags/example_skip_dag.py for tasks to queue
[2021-08-11 22:09:36,574] {logging_mixin.py:104} INFO - [2021-08-11 22:09:36,574] {dagbag.py:496} INFO - Filling up the DagBag from /home/airflow/.local/lib/python3.6/site-packages/airflow/example_dags/example_skip_dag.py
[2021-08-11 22:09:36,581] {scheduler_job.py:642} INFO - DAG(s) dict_keys(['example_skip_dag']) retrieved from /home/airflow/.local/lib/python3.6/site-packages/airflow/example_dags/example_skip_dag.py
[2021-08-11 22:09:36,598] {logging_mixin.py:104} INFO - [2021-08-11 22:09:36,598] {dag.py:1833} INFO - Sync 1 DAGs
[2021-08-11 22:09:36,607] {logging_mixin.py:104} INFO - [2021-08-11 22:09:36,607] {dag.py:2306} INFO - Setting next_dagrun for example_skip_dag to 2021-08-09 00:00:00+00:00
[2021-08-11 22:09:36,613] {scheduler_job.py:189} INFO - Processing /home/airflow/.local/lib/python3.6/site-packages/airflow/example_dags/example_skip_dag.py took 0.043 seconds
[2021-08-11 22:10:06,790] {scheduler_job.py:181} INFO - Started process (PID=1700) to work on /home/airflow/.local/lib/python3.6/site-packages/airflow/example_dags/example_skip_dag.py
[2021-08-11 22:10:06,791] {scheduler_job.py:632} INFO - Processing file /home/airflow/.local/lib/python3.6/site-packages/airflow/example_dags/example_skip_dag.py for tasks to queue
[2021-08-11 22:10:06,792] {logging_mixin.py:104} INFO - [2021-08-11 22:10:06,792] {dagbag.py:496} INFO - Filling up the DagBag from /home/airflow/.local/lib/python3.6/site-packages/airflow/example_dags/example_skip_dag.py
[2021-08-11 22:10:06,803] {scheduler_job.py:642} INFO - DAG(s) dict_keys(['example_skip_dag']) retrieved from /home/airflow/.local/lib/python3.6/site-packages/airflow/example_dags/example_skip_dag.py
[2021-08-11 22:10:06,820] {logging_mixin.py:104} INFO - [2021-08-11 22:10:06,820] {dag.py:1833} INFO - Sync 1 DAGs
[2021-08-11 22:10:06,831] {logging_mixin.py:104} INFO - [2021-08-11 22:10:06,831] {dag.py:2306} INFO - Setting next_dagrun for example_skip_dag to 2021-08-09 00:00:00+00:00
[2021-08-11 22:10:06,835] {scheduler_job.py:189} INFO - Processing /home/airflow/.local/lib/python3.6/site-packages/airflow/example_dags/example_skip_dag.py took 0.048 seconds
[2021-08-11 22:10:37,094] {scheduler_job.py:181} INFO - Started process (PID=1788) to work on /home/airflow/.local/lib/python3.6/site-packages/airflow/example_dags/example_skip_dag.py
[2021-08-11 22:10:37,095] {scheduler_job.py:632} INFO - Processing file /home/airflow/.local/lib/python3.6/site-packages/airflow/example_dags/example_skip_dag.py for tasks to queue
[2021-08-11 22:10:37,096] {logging_mixin.py:104} INFO - [2021-08-11 22:10:37,096] {dagbag.py:496} INFO - Filling up the DagBag from /home/airflow/.local/lib/python3.6/site-packages/airflow/example_dags/example_skip_dag.py
[2021-08-11 22:10:37,103] {scheduler_job.py:642} INFO - DAG(s) dict_keys(['example_skip_dag']) retrieved from /home/airflow/.local/lib/python3.6/site-packages/airflow/example_dags/example_skip_dag.py
[2021-08-11 22:10:37,121] {logging_mixin.py:104} INFO - [2021-08-11 22:10:37,120] {dag.py:1833} INFO - Sync 1 DAGs
[2021-08-11 22:10:37,131] {logging_mixin.py:104} INFO - [2021-08-11 22:10:37,131] {dag.py:2306} INFO - Setting next_dagrun for example_skip_dag to 2021-08-09 00:00:00+00:00
[2021-08-11 22:10:37,135] {scheduler_job.py:189} INFO - Processing /home/airflow/.local/lib/python3.6/site-packages/airflow/example_dags/example_skip_dag.py took 0.043 seconds
[2021-08-11 22:11:07,292] {scheduler_job.py:181} INFO - Started process (PID=1876) to work on /home/airflow/.local/lib/python3.6/site-packages/airflow/example_dags/example_skip_dag.py
[2021-08-11 22:11:07,293] {scheduler_job.py:632} INFO - Processing file /home/airflow/.local/lib/python3.6/site-packages/airflow/example_dags/example_skip_dag.py for tasks to queue
[2021-08-11 22:11:07,293] {logging_mixin.py:104} INFO - [2021-08-11 22:11:07,293] {dagbag.py:496} INFO - Filling up the DagBag from /home/airflow/.local/lib/python3.6/site-packages/airflow/example_dags/example_skip_dag.py
[2021-08-11 22:11:07,303] {scheduler_job.py:642} INFO - DAG(s) dict_keys(['example_skip_dag']) retrieved from /home/airflow/.local/lib/python3.6/site-packages/airflow/example_dags/example_skip_dag.py
[2021-08-11 22:11:07,320] {logging_mixin.py:104} INFO - [2021-08-11 22:11:07,319] {dag.py:1833} INFO - Sync 1 DAGs
[2021-08-11 22:11:07,330] {logging_mixin.py:104} INFO - [2021-08-11 22:11:07,330] {dag.py:2306} INFO - Setting next_dagrun for example_skip_dag to 2021-08-09 00:00:00+00:00
[2021-08-11 22:11:07,334] {scheduler_job.py:189} INFO - Processing /home/airflow/.local/lib/python3.6/site-packages/airflow/example_dags/example_skip_dag.py took 0.045 seconds
[2021-08-11 22:12:27,040] {scheduler_job.py:181} INFO - Started process (PID=271) to work on /home/airflow/.local/lib/python3.6/site-packages/airflow/example_dags/example_skip_dag.py
[2021-08-11 22:12:27,041] {scheduler_job.py:632} INFO - Processing file /home/airflow/.local/lib/python3.6/site-packages/airflow/example_dags/example_skip_dag.py for tasks to queue
[2021-08-11 22:12:27,041] {logging_mixin.py:104} INFO - [2021-08-11 22:12:27,041] {dagbag.py:496} INFO - Filling up the DagBag from /home/airflow/.local/lib/python3.6/site-packages/airflow/example_dags/example_skip_dag.py
[2021-08-11 22:12:27,051] {scheduler_job.py:642} INFO - DAG(s) dict_keys(['example_skip_dag']) retrieved from /home/airflow/.local/lib/python3.6/site-packages/airflow/example_dags/example_skip_dag.py
[2021-08-11 22:12:27,064] {logging_mixin.py:104} INFO - [2021-08-11 22:12:27,064] {dag.py:1833} INFO - Sync 1 DAGs
[2021-08-11 22:12:27,074] {logging_mixin.py:104} INFO - [2021-08-11 22:12:27,074] {dag.py:2306} INFO - Setting next_dagrun for example_skip_dag to 2021-08-09 00:00:00+00:00
[2021-08-11 22:12:27,078] {scheduler_job.py:189} INFO - Processing /home/airflow/.local/lib/python3.6/site-packages/airflow/example_dags/example_skip_dag.py took 0.040 seconds
[2021-08-11 22:12:57,584] {scheduler_job.py:181} INFO - Started process (PID=499) to work on /home/airflow/.local/lib/python3.6/site-packages/airflow/example_dags/example_skip_dag.py
[2021-08-11 22:12:57,585] {scheduler_job.py:632} INFO - Processing file /home/airflow/.local/lib/python3.6/site-packages/airflow/example_dags/example_skip_dag.py for tasks to queue
[2021-08-11 22:12:57,585] {logging_mixin.py:104} INFO - [2021-08-11 22:12:57,585] {dagbag.py:496} INFO - Filling up the DagBag from /home/airflow/.local/lib/python3.6/site-packages/airflow/example_dags/example_skip_dag.py
[2021-08-11 22:12:57,595] {scheduler_job.py:642} INFO - DAG(s) dict_keys(['example_skip_dag']) retrieved from /home/airflow/.local/lib/python3.6/site-packages/airflow/example_dags/example_skip_dag.py
[2021-08-11 22:12:57,611] {logging_mixin.py:104} INFO - [2021-08-11 22:12:57,611] {dag.py:1833} INFO - Sync 1 DAGs
[2021-08-11 22:12:57,621] {logging_mixin.py:104} INFO - [2021-08-11 22:12:57,621] {dag.py:2306} INFO - Setting next_dagrun for example_skip_dag to 2021-08-09 00:00:00+00:00
[2021-08-11 22:12:57,626] {scheduler_job.py:189} INFO - Processing /home/airflow/.local/lib/python3.6/site-packages/airflow/example_dags/example_skip_dag.py took 0.044 seconds
[2021-08-11 22:13:28,086] {scheduler_job.py:181} INFO - Started process (PID=717) to work on /home/airflow/.local/lib/python3.6/site-packages/airflow/example_dags/example_skip_dag.py
[2021-08-11 22:13:28,087] {scheduler_job.py:632} INFO - Processing file /home/airflow/.local/lib/python3.6/site-packages/airflow/example_dags/example_skip_dag.py for tasks to queue
[2021-08-11 22:13:28,087] {logging_mixin.py:104} INFO - [2021-08-11 22:13:28,087] {dagbag.py:496} INFO - Filling up the DagBag from /home/airflow/.local/lib/python3.6/site-packages/airflow/example_dags/example_skip_dag.py
[2021-08-11 22:13:28,096] {scheduler_job.py:642} INFO - DAG(s) dict_keys(['example_skip_dag']) retrieved from /home/airflow/.local/lib/python3.6/site-packages/airflow/example_dags/example_skip_dag.py
[2021-08-11 22:13:28,112] {logging_mixin.py:104} INFO - [2021-08-11 22:13:28,112] {dag.py:1833} INFO - Sync 1 DAGs
[2021-08-11 22:13:28,122] {logging_mixin.py:104} INFO - [2021-08-11 22:13:28,122] {dag.py:2306} INFO - Setting next_dagrun for example_skip_dag to 2021-08-09 00:00:00+00:00
[2021-08-11 22:13:28,127] {scheduler_job.py:189} INFO - Processing /home/airflow/.local/lib/python3.6/site-packages/airflow/example_dags/example_skip_dag.py took 0.043 seconds
[2021-08-11 22:13:58,598] {scheduler_job.py:181} INFO - Started process (PID=945) to work on /home/airflow/.local/lib/python3.6/site-packages/airflow/example_dags/example_skip_dag.py
[2021-08-11 22:13:58,599] {scheduler_job.py:632} INFO - Processing file /home/airflow/.local/lib/python3.6/site-packages/airflow/example_dags/example_skip_dag.py for tasks to queue
[2021-08-11 22:13:58,599] {logging_mixin.py:104} INFO - [2021-08-11 22:13:58,599] {dagbag.py:496} INFO - Filling up the DagBag from /home/airflow/.local/lib/python3.6/site-packages/airflow/example_dags/example_skip_dag.py
[2021-08-11 22:13:58,609] {scheduler_job.py:642} INFO - DAG(s) dict_keys(['example_skip_dag']) retrieved from /home/airflow/.local/lib/python3.6/site-packages/airflow/example_dags/example_skip_dag.py
[2021-08-11 22:13:58,626] {logging_mixin.py:104} INFO - [2021-08-11 22:13:58,626] {dag.py:1833} INFO - Sync 1 DAGs
[2021-08-11 22:13:58,634] {logging_mixin.py:104} INFO - [2021-08-11 22:13:58,634] {dag.py:2306} INFO - Setting next_dagrun for example_skip_dag to 2021-08-09 00:00:00+00:00
[2021-08-11 22:13:58,639] {scheduler_job.py:189} INFO - Processing /home/airflow/.local/lib/python3.6/site-packages/airflow/example_dags/example_skip_dag.py took 0.043 seconds
[2021-08-11 22:14:29,106] {scheduler_job.py:181} INFO - Started process (PID=1173) to work on /home/airflow/.local/lib/python3.6/site-packages/airflow/example_dags/example_skip_dag.py
[2021-08-11 22:14:29,106] {scheduler_job.py:632} INFO - Processing file /home/airflow/.local/lib/python3.6/site-packages/airflow/example_dags/example_skip_dag.py for tasks to queue
[2021-08-11 22:14:29,107] {logging_mixin.py:104} INFO - [2021-08-11 22:14:29,106] {dagbag.py:496} INFO - Filling up the DagBag from /home/airflow/.local/lib/python3.6/site-packages/airflow/example_dags/example_skip_dag.py
[2021-08-11 22:14:29,116] {scheduler_job.py:642} INFO - DAG(s) dict_keys(['example_skip_dag']) retrieved from /home/airflow/.local/lib/python3.6/site-packages/airflow/example_dags/example_skip_dag.py
[2021-08-11 22:14:29,130] {logging_mixin.py:104} INFO - [2021-08-11 22:14:29,130] {dag.py:1833} INFO - Sync 1 DAGs
[2021-08-11 22:14:29,141] {logging_mixin.py:104} INFO - [2021-08-11 22:14:29,140] {dag.py:2306} INFO - Setting next_dagrun for example_skip_dag to 2021-08-09 00:00:00+00:00
[2021-08-11 22:14:29,145] {scheduler_job.py:189} INFO - Processing /home/airflow/.local/lib/python3.6/site-packages/airflow/example_dags/example_skip_dag.py took 0.042 seconds
[2021-08-11 22:14:59,567] {scheduler_job.py:181} INFO - Started process (PID=1437) to work on /home/airflow/.local/lib/python3.6/site-packages/airflow/example_dags/example_skip_dag.py
[2021-08-11 22:14:59,570] {scheduler_job.py:632} INFO - Processing file /home/airflow/.local/lib/python3.6/site-packages/airflow/example_dags/example_skip_dag.py for tasks to queue
[2021-08-11 22:14:59,570] {logging_mixin.py:104} INFO - [2021-08-11 22:14:59,570] {dagbag.py:496} INFO - Filling up the DagBag from /home/airflow/.local/lib/python3.6/site-packages/airflow/example_dags/example_skip_dag.py
[2021-08-11 22:14:59,577] {scheduler_job.py:642} INFO - DAG(s) dict_keys(['example_skip_dag']) retrieved from /home/airflow/.local/lib/python3.6/site-packages/airflow/example_dags/example_skip_dag.py
[2021-08-11 22:14:59,594] {logging_mixin.py:104} INFO - [2021-08-11 22:14:59,593] {dag.py:1833} INFO - Sync 1 DAGs
[2021-08-11 22:14:59,601] {logging_mixin.py:104} INFO - [2021-08-11 22:14:59,601] {dag.py:2306} INFO - Setting next_dagrun for example_skip_dag to 2021-08-09 00:00:00+00:00
[2021-08-11 22:14:59,606] {scheduler_job.py:189} INFO - Processing /home/airflow/.local/lib/python3.6/site-packages/airflow/example_dags/example_skip_dag.py took 0.041 seconds
