[2021-08-11 22:05:08,392] {scheduler_job.py:181} INFO - Started process (PID=590) to work on /home/airflow/.local/lib/python3.6/site-packages/airflow/example_dags/example_external_task_marker_dag.py
[2021-08-11 22:05:08,393] {scheduler_job.py:632} INFO - Processing file /home/airflow/.local/lib/python3.6/site-packages/airflow/example_dags/example_external_task_marker_dag.py for tasks to queue
[2021-08-11 22:05:08,393] {logging_mixin.py:104} INFO - [2021-08-11 22:05:08,393] {dagbag.py:496} INFO - Filling up the DagBag from /home/airflow/.local/lib/python3.6/site-packages/airflow/example_dags/example_external_task_marker_dag.py
[2021-08-11 22:05:08,405] {scheduler_job.py:642} INFO - DAG(s) dict_keys(['example_external_task_marker_parent', 'example_external_task_marker_child']) retrieved from /home/airflow/.local/lib/python3.6/site-packages/airflow/example_dags/example_external_task_marker_dag.py
[2021-08-11 22:05:09,838] {logging_mixin.py:104} INFO - [2021-08-11 22:05:09,838] {dag.py:1833} INFO - Sync 2 DAGs
[2021-08-11 22:05:09,845] {logging_mixin.py:104} INFO - [2021-08-11 22:05:09,844] {dag.py:1852} INFO - Creating ORM DAG for example_external_task_marker_child
[2021-08-11 22:05:09,845] {logging_mixin.py:104} INFO - [2021-08-11 22:05:09,845] {dag.py:1852} INFO - Creating ORM DAG for example_external_task_marker_parent
[2021-08-11 22:05:09,848] {logging_mixin.py:104} INFO - [2021-08-11 22:05:09,848] {dag.py:2306} INFO - Setting next_dagrun for example_external_task_marker_child to None
[2021-08-11 22:05:09,848] {logging_mixin.py:104} INFO - [2021-08-11 22:05:09,848] {dag.py:2306} INFO - Setting next_dagrun for example_external_task_marker_parent to None
[2021-08-11 22:05:09,854] {scheduler_job.py:189} INFO - Processing /home/airflow/.local/lib/python3.6/site-packages/airflow/example_dags/example_external_task_marker_dag.py took 1.464 seconds
[2021-08-11 22:05:40,499] {scheduler_job.py:181} INFO - Started process (PID=942) to work on /home/airflow/.local/lib/python3.6/site-packages/airflow/example_dags/example_external_task_marker_dag.py
[2021-08-11 22:05:40,500] {scheduler_job.py:632} INFO - Processing file /home/airflow/.local/lib/python3.6/site-packages/airflow/example_dags/example_external_task_marker_dag.py for tasks to queue
[2021-08-11 22:05:40,501] {logging_mixin.py:104} INFO - [2021-08-11 22:05:40,501] {dagbag.py:496} INFO - Filling up the DagBag from /home/airflow/.local/lib/python3.6/site-packages/airflow/example_dags/example_external_task_marker_dag.py
[2021-08-11 22:05:40,509] {scheduler_job.py:642} INFO - DAG(s) dict_keys(['example_external_task_marker_parent', 'example_external_task_marker_child']) retrieved from /home/airflow/.local/lib/python3.6/site-packages/airflow/example_dags/example_external_task_marker_dag.py
[2021-08-11 22:05:40,526] {logging_mixin.py:104} INFO - [2021-08-11 22:05:40,526] {dag.py:1833} INFO - Sync 2 DAGs
[2021-08-11 22:05:40,536] {logging_mixin.py:104} INFO - [2021-08-11 22:05:40,535] {dag.py:2306} INFO - Setting next_dagrun for example_external_task_marker_child to None
[2021-08-11 22:05:40,536] {logging_mixin.py:104} INFO - [2021-08-11 22:05:40,536] {dag.py:2306} INFO - Setting next_dagrun for example_external_task_marker_parent to None
[2021-08-11 22:05:40,541] {scheduler_job.py:189} INFO - Processing /home/airflow/.local/lib/python3.6/site-packages/airflow/example_dags/example_external_task_marker_dag.py took 0.044 seconds
[2021-08-11 22:06:10,640] {scheduler_job.py:181} INFO - Started process (PID=1030) to work on /home/airflow/.local/lib/python3.6/site-packages/airflow/example_dags/example_external_task_marker_dag.py
[2021-08-11 22:06:10,641] {scheduler_job.py:632} INFO - Processing file /home/airflow/.local/lib/python3.6/site-packages/airflow/example_dags/example_external_task_marker_dag.py for tasks to queue
[2021-08-11 22:06:10,642] {logging_mixin.py:104} INFO - [2021-08-11 22:06:10,641] {dagbag.py:496} INFO - Filling up the DagBag from /home/airflow/.local/lib/python3.6/site-packages/airflow/example_dags/example_external_task_marker_dag.py
[2021-08-11 22:06:10,649] {scheduler_job.py:642} INFO - DAG(s) dict_keys(['example_external_task_marker_parent', 'example_external_task_marker_child']) retrieved from /home/airflow/.local/lib/python3.6/site-packages/airflow/example_dags/example_external_task_marker_dag.py
[2021-08-11 22:06:10,794] {logging_mixin.py:104} INFO - [2021-08-11 22:06:10,794] {dag.py:1833} INFO - Sync 2 DAGs
[2021-08-11 22:06:10,803] {logging_mixin.py:104} INFO - [2021-08-11 22:06:10,803] {dag.py:2306} INFO - Setting next_dagrun for example_external_task_marker_child to None
[2021-08-11 22:06:10,804] {logging_mixin.py:104} INFO - [2021-08-11 22:06:10,804] {dag.py:2306} INFO - Setting next_dagrun for example_external_task_marker_parent to None
[2021-08-11 22:06:10,811] {scheduler_job.py:189} INFO - Processing /home/airflow/.local/lib/python3.6/site-packages/airflow/example_dags/example_external_task_marker_dag.py took 0.173 seconds
[2021-08-11 22:06:41,714] {scheduler_job.py:181} INFO - Started process (PID=1118) to work on /home/airflow/.local/lib/python3.6/site-packages/airflow/example_dags/example_external_task_marker_dag.py
[2021-08-11 22:06:41,714] {scheduler_job.py:632} INFO - Processing file /home/airflow/.local/lib/python3.6/site-packages/airflow/example_dags/example_external_task_marker_dag.py for tasks to queue
[2021-08-11 22:06:41,715] {logging_mixin.py:104} INFO - [2021-08-11 22:06:41,715] {dagbag.py:496} INFO - Filling up the DagBag from /home/airflow/.local/lib/python3.6/site-packages/airflow/example_dags/example_external_task_marker_dag.py
[2021-08-11 22:06:41,722] {scheduler_job.py:642} INFO - DAG(s) dict_keys(['example_external_task_marker_parent', 'example_external_task_marker_child']) retrieved from /home/airflow/.local/lib/python3.6/site-packages/airflow/example_dags/example_external_task_marker_dag.py
[2021-08-11 22:06:41,848] {logging_mixin.py:104} INFO - [2021-08-11 22:06:41,848] {dag.py:1833} INFO - Sync 2 DAGs
[2021-08-11 22:06:41,856] {logging_mixin.py:104} INFO - [2021-08-11 22:06:41,856] {dag.py:2306} INFO - Setting next_dagrun for example_external_task_marker_child to None
[2021-08-11 22:06:41,857] {logging_mixin.py:104} INFO - [2021-08-11 22:06:41,857] {dag.py:2306} INFO - Setting next_dagrun for example_external_task_marker_parent to None
[2021-08-11 22:06:41,862] {scheduler_job.py:189} INFO - Processing /home/airflow/.local/lib/python3.6/site-packages/airflow/example_dags/example_external_task_marker_dag.py took 0.151 seconds
[2021-08-11 22:07:11,905] {scheduler_job.py:181} INFO - Started process (PID=1208) to work on /home/airflow/.local/lib/python3.6/site-packages/airflow/example_dags/example_external_task_marker_dag.py
[2021-08-11 22:07:11,905] {scheduler_job.py:632} INFO - Processing file /home/airflow/.local/lib/python3.6/site-packages/airflow/example_dags/example_external_task_marker_dag.py for tasks to queue
[2021-08-11 22:07:11,906] {logging_mixin.py:104} INFO - [2021-08-11 22:07:11,906] {dagbag.py:496} INFO - Filling up the DagBag from /home/airflow/.local/lib/python3.6/site-packages/airflow/example_dags/example_external_task_marker_dag.py
[2021-08-11 22:07:11,913] {scheduler_job.py:642} INFO - DAG(s) dict_keys(['example_external_task_marker_parent', 'example_external_task_marker_child']) retrieved from /home/airflow/.local/lib/python3.6/site-packages/airflow/example_dags/example_external_task_marker_dag.py
[2021-08-11 22:07:12,038] {logging_mixin.py:104} INFO - [2021-08-11 22:07:12,038] {dag.py:1833} INFO - Sync 2 DAGs
[2021-08-11 22:07:12,046] {logging_mixin.py:104} INFO - [2021-08-11 22:07:12,046] {dag.py:2306} INFO - Setting next_dagrun for example_external_task_marker_child to None
[2021-08-11 22:07:12,046] {logging_mixin.py:104} INFO - [2021-08-11 22:07:12,046] {dag.py:2306} INFO - Setting next_dagrun for example_external_task_marker_parent to None
[2021-08-11 22:07:12,052] {scheduler_job.py:189} INFO - Processing /home/airflow/.local/lib/python3.6/site-packages/airflow/example_dags/example_external_task_marker_dag.py took 0.149 seconds
[2021-08-11 22:07:42,108] {scheduler_job.py:181} INFO - Started process (PID=1285) to work on /home/airflow/.local/lib/python3.6/site-packages/airflow/example_dags/example_external_task_marker_dag.py
[2021-08-11 22:07:42,109] {scheduler_job.py:632} INFO - Processing file /home/airflow/.local/lib/python3.6/site-packages/airflow/example_dags/example_external_task_marker_dag.py for tasks to queue
[2021-08-11 22:07:42,109] {logging_mixin.py:104} INFO - [2021-08-11 22:07:42,109] {dagbag.py:496} INFO - Filling up the DagBag from /home/airflow/.local/lib/python3.6/site-packages/airflow/example_dags/example_external_task_marker_dag.py
[2021-08-11 22:07:42,118] {scheduler_job.py:642} INFO - DAG(s) dict_keys(['example_external_task_marker_parent', 'example_external_task_marker_child']) retrieved from /home/airflow/.local/lib/python3.6/site-packages/airflow/example_dags/example_external_task_marker_dag.py
[2021-08-11 22:07:42,246] {logging_mixin.py:104} INFO - [2021-08-11 22:07:42,245] {dag.py:1833} INFO - Sync 2 DAGs
[2021-08-11 22:07:42,253] {logging_mixin.py:104} INFO - [2021-08-11 22:07:42,253] {dag.py:2306} INFO - Setting next_dagrun for example_external_task_marker_child to None
[2021-08-11 22:07:42,254] {logging_mixin.py:104} INFO - [2021-08-11 22:07:42,254] {dag.py:2306} INFO - Setting next_dagrun for example_external_task_marker_parent to None
[2021-08-11 22:07:42,259] {scheduler_job.py:189} INFO - Processing /home/airflow/.local/lib/python3.6/site-packages/airflow/example_dags/example_external_task_marker_dag.py took 0.154 seconds
[2021-08-11 22:08:12,288] {scheduler_job.py:181} INFO - Started process (PID=1375) to work on /home/airflow/.local/lib/python3.6/site-packages/airflow/example_dags/example_external_task_marker_dag.py
[2021-08-11 22:08:12,289] {scheduler_job.py:632} INFO - Processing file /home/airflow/.local/lib/python3.6/site-packages/airflow/example_dags/example_external_task_marker_dag.py for tasks to queue
[2021-08-11 22:08:12,289] {logging_mixin.py:104} INFO - [2021-08-11 22:08:12,289] {dagbag.py:496} INFO - Filling up the DagBag from /home/airflow/.local/lib/python3.6/site-packages/airflow/example_dags/example_external_task_marker_dag.py
[2021-08-11 22:08:12,297] {scheduler_job.py:642} INFO - DAG(s) dict_keys(['example_external_task_marker_parent', 'example_external_task_marker_child']) retrieved from /home/airflow/.local/lib/python3.6/site-packages/airflow/example_dags/example_external_task_marker_dag.py
[2021-08-11 22:08:12,426] {logging_mixin.py:104} INFO - [2021-08-11 22:08:12,426] {dag.py:1833} INFO - Sync 2 DAGs
[2021-08-11 22:08:12,435] {logging_mixin.py:104} INFO - [2021-08-11 22:08:12,435] {dag.py:2306} INFO - Setting next_dagrun for example_external_task_marker_child to None
[2021-08-11 22:08:12,435] {logging_mixin.py:104} INFO - [2021-08-11 22:08:12,435] {dag.py:2306} INFO - Setting next_dagrun for example_external_task_marker_parent to None
[2021-08-11 22:08:12,440] {scheduler_job.py:189} INFO - Processing /home/airflow/.local/lib/python3.6/site-packages/airflow/example_dags/example_external_task_marker_dag.py took 0.155 seconds
[2021-08-11 22:08:43,414] {scheduler_job.py:181} INFO - Started process (PID=1464) to work on /home/airflow/.local/lib/python3.6/site-packages/airflow/example_dags/example_external_task_marker_dag.py
[2021-08-11 22:08:43,415] {scheduler_job.py:632} INFO - Processing file /home/airflow/.local/lib/python3.6/site-packages/airflow/example_dags/example_external_task_marker_dag.py for tasks to queue
[2021-08-11 22:08:43,415] {logging_mixin.py:104} INFO - [2021-08-11 22:08:43,415] {dagbag.py:496} INFO - Filling up the DagBag from /home/airflow/.local/lib/python3.6/site-packages/airflow/example_dags/example_external_task_marker_dag.py
[2021-08-11 22:08:43,426] {scheduler_job.py:642} INFO - DAG(s) dict_keys(['example_external_task_marker_parent', 'example_external_task_marker_child']) retrieved from /home/airflow/.local/lib/python3.6/site-packages/airflow/example_dags/example_external_task_marker_dag.py
[2021-08-11 22:08:43,556] {logging_mixin.py:104} INFO - [2021-08-11 22:08:43,556] {dag.py:1833} INFO - Sync 2 DAGs
[2021-08-11 22:08:43,563] {logging_mixin.py:104} INFO - [2021-08-11 22:08:43,563] {dag.py:2306} INFO - Setting next_dagrun for example_external_task_marker_child to None
[2021-08-11 22:08:43,564] {logging_mixin.py:104} INFO - [2021-08-11 22:08:43,564] {dag.py:2306} INFO - Setting next_dagrun for example_external_task_marker_parent to None
[2021-08-11 22:08:43,569] {scheduler_job.py:189} INFO - Processing /home/airflow/.local/lib/python3.6/site-packages/airflow/example_dags/example_external_task_marker_dag.py took 0.158 seconds
[2021-08-11 22:09:13,584] {scheduler_job.py:181} INFO - Started process (PID=1542) to work on /home/airflow/.local/lib/python3.6/site-packages/airflow/example_dags/example_external_task_marker_dag.py
[2021-08-11 22:09:13,585] {scheduler_job.py:632} INFO - Processing file /home/airflow/.local/lib/python3.6/site-packages/airflow/example_dags/example_external_task_marker_dag.py for tasks to queue
[2021-08-11 22:09:13,585] {logging_mixin.py:104} INFO - [2021-08-11 22:09:13,585] {dagbag.py:496} INFO - Filling up the DagBag from /home/airflow/.local/lib/python3.6/site-packages/airflow/example_dags/example_external_task_marker_dag.py
[2021-08-11 22:09:13,593] {scheduler_job.py:642} INFO - DAG(s) dict_keys(['example_external_task_marker_parent', 'example_external_task_marker_child']) retrieved from /home/airflow/.local/lib/python3.6/site-packages/airflow/example_dags/example_external_task_marker_dag.py
[2021-08-11 22:09:13,713] {logging_mixin.py:104} INFO - [2021-08-11 22:09:13,713] {dag.py:1833} INFO - Sync 2 DAGs
[2021-08-11 22:09:13,720] {logging_mixin.py:104} INFO - [2021-08-11 22:09:13,720] {dag.py:2306} INFO - Setting next_dagrun for example_external_task_marker_child to None
[2021-08-11 22:09:13,721] {logging_mixin.py:104} INFO - [2021-08-11 22:09:13,721] {dag.py:2306} INFO - Setting next_dagrun for example_external_task_marker_parent to None
[2021-08-11 22:09:13,726] {scheduler_job.py:189} INFO - Processing /home/airflow/.local/lib/python3.6/site-packages/airflow/example_dags/example_external_task_marker_dag.py took 0.144 seconds
[2021-08-11 22:09:43,764] {scheduler_job.py:181} INFO - Started process (PID=1630) to work on /home/airflow/.local/lib/python3.6/site-packages/airflow/example_dags/example_external_task_marker_dag.py
[2021-08-11 22:09:43,765] {scheduler_job.py:632} INFO - Processing file /home/airflow/.local/lib/python3.6/site-packages/airflow/example_dags/example_external_task_marker_dag.py for tasks to queue
[2021-08-11 22:09:43,765] {logging_mixin.py:104} INFO - [2021-08-11 22:09:43,765] {dagbag.py:496} INFO - Filling up the DagBag from /home/airflow/.local/lib/python3.6/site-packages/airflow/example_dags/example_external_task_marker_dag.py
[2021-08-11 22:09:43,775] {scheduler_job.py:642} INFO - DAG(s) dict_keys(['example_external_task_marker_parent', 'example_external_task_marker_child']) retrieved from /home/airflow/.local/lib/python3.6/site-packages/airflow/example_dags/example_external_task_marker_dag.py
[2021-08-11 22:09:43,903] {logging_mixin.py:104} INFO - [2021-08-11 22:09:43,903] {dag.py:1833} INFO - Sync 2 DAGs
[2021-08-11 22:09:43,912] {logging_mixin.py:104} INFO - [2021-08-11 22:09:43,912] {dag.py:2306} INFO - Setting next_dagrun for example_external_task_marker_child to None
[2021-08-11 22:09:43,912] {logging_mixin.py:104} INFO - [2021-08-11 22:09:43,912] {dag.py:2306} INFO - Setting next_dagrun for example_external_task_marker_parent to None
[2021-08-11 22:09:43,919] {scheduler_job.py:189} INFO - Processing /home/airflow/.local/lib/python3.6/site-packages/airflow/example_dags/example_external_task_marker_dag.py took 0.157 seconds
[2021-08-11 22:10:13,978] {scheduler_job.py:181} INFO - Started process (PID=1719) to work on /home/airflow/.local/lib/python3.6/site-packages/airflow/example_dags/example_external_task_marker_dag.py
[2021-08-11 22:10:13,979] {scheduler_job.py:632} INFO - Processing file /home/airflow/.local/lib/python3.6/site-packages/airflow/example_dags/example_external_task_marker_dag.py for tasks to queue
[2021-08-11 22:10:13,980] {logging_mixin.py:104} INFO - [2021-08-11 22:10:13,979] {dagbag.py:496} INFO - Filling up the DagBag from /home/airflow/.local/lib/python3.6/site-packages/airflow/example_dags/example_external_task_marker_dag.py
[2021-08-11 22:10:13,989] {scheduler_job.py:642} INFO - DAG(s) dict_keys(['example_external_task_marker_parent', 'example_external_task_marker_child']) retrieved from /home/airflow/.local/lib/python3.6/site-packages/airflow/example_dags/example_external_task_marker_dag.py
[2021-08-11 22:10:14,120] {logging_mixin.py:104} INFO - [2021-08-11 22:10:14,120] {dag.py:1833} INFO - Sync 2 DAGs
[2021-08-11 22:10:14,128] {logging_mixin.py:104} INFO - [2021-08-11 22:10:14,128] {dag.py:2306} INFO - Setting next_dagrun for example_external_task_marker_child to None
[2021-08-11 22:10:14,128] {logging_mixin.py:104} INFO - [2021-08-11 22:10:14,128] {dag.py:2306} INFO - Setting next_dagrun for example_external_task_marker_parent to None
[2021-08-11 22:10:14,133] {scheduler_job.py:189} INFO - Processing /home/airflow/.local/lib/python3.6/site-packages/airflow/example_dags/example_external_task_marker_dag.py took 0.158 seconds
[2021-08-11 22:10:44,343] {scheduler_job.py:181} INFO - Started process (PID=1807) to work on /home/airflow/.local/lib/python3.6/site-packages/airflow/example_dags/example_external_task_marker_dag.py
[2021-08-11 22:10:44,343] {scheduler_job.py:632} INFO - Processing file /home/airflow/.local/lib/python3.6/site-packages/airflow/example_dags/example_external_task_marker_dag.py for tasks to queue
[2021-08-11 22:10:44,344] {logging_mixin.py:104} INFO - [2021-08-11 22:10:44,344] {dagbag.py:496} INFO - Filling up the DagBag from /home/airflow/.local/lib/python3.6/site-packages/airflow/example_dags/example_external_task_marker_dag.py
[2021-08-11 22:10:44,353] {scheduler_job.py:642} INFO - DAG(s) dict_keys(['example_external_task_marker_parent', 'example_external_task_marker_child']) retrieved from /home/airflow/.local/lib/python3.6/site-packages/airflow/example_dags/example_external_task_marker_dag.py
[2021-08-11 22:10:44,370] {logging_mixin.py:104} INFO - [2021-08-11 22:10:44,370] {dag.py:1833} INFO - Sync 2 DAGs
[2021-08-11 22:10:44,380] {logging_mixin.py:104} INFO - [2021-08-11 22:10:44,380] {dag.py:2306} INFO - Setting next_dagrun for example_external_task_marker_child to None
[2021-08-11 22:10:44,381] {logging_mixin.py:104} INFO - [2021-08-11 22:10:44,381] {dag.py:2306} INFO - Setting next_dagrun for example_external_task_marker_parent to None
[2021-08-11 22:10:44,385] {scheduler_job.py:189} INFO - Processing /home/airflow/.local/lib/python3.6/site-packages/airflow/example_dags/example_external_task_marker_dag.py took 0.045 seconds
[2021-08-11 22:11:14,528] {scheduler_job.py:181} INFO - Started process (PID=1885) to work on /home/airflow/.local/lib/python3.6/site-packages/airflow/example_dags/example_external_task_marker_dag.py
[2021-08-11 22:11:14,529] {scheduler_job.py:632} INFO - Processing file /home/airflow/.local/lib/python3.6/site-packages/airflow/example_dags/example_external_task_marker_dag.py for tasks to queue
[2021-08-11 22:11:14,529] {logging_mixin.py:104} INFO - [2021-08-11 22:11:14,529] {dagbag.py:496} INFO - Filling up the DagBag from /home/airflow/.local/lib/python3.6/site-packages/airflow/example_dags/example_external_task_marker_dag.py
[2021-08-11 22:11:14,538] {scheduler_job.py:642} INFO - DAG(s) dict_keys(['example_external_task_marker_parent', 'example_external_task_marker_child']) retrieved from /home/airflow/.local/lib/python3.6/site-packages/airflow/example_dags/example_external_task_marker_dag.py
[2021-08-11 22:11:14,664] {logging_mixin.py:104} INFO - [2021-08-11 22:11:14,664] {dag.py:1833} INFO - Sync 2 DAGs
[2021-08-11 22:11:14,672] {logging_mixin.py:104} INFO - [2021-08-11 22:11:14,672] {dag.py:2306} INFO - Setting next_dagrun for example_external_task_marker_child to None
[2021-08-11 22:11:14,673] {logging_mixin.py:104} INFO - [2021-08-11 22:11:14,673] {dag.py:2306} INFO - Setting next_dagrun for example_external_task_marker_parent to None
[2021-08-11 22:11:14,679] {scheduler_job.py:189} INFO - Processing /home/airflow/.local/lib/python3.6/site-packages/airflow/example_dags/example_external_task_marker_dag.py took 0.153 seconds
[2021-08-11 22:12:27,307] {scheduler_job.py:181} INFO - Started process (PID=306) to work on /home/airflow/.local/lib/python3.6/site-packages/airflow/example_dags/example_external_task_marker_dag.py
[2021-08-11 22:12:27,308] {scheduler_job.py:632} INFO - Processing file /home/airflow/.local/lib/python3.6/site-packages/airflow/example_dags/example_external_task_marker_dag.py for tasks to queue
[2021-08-11 22:12:27,309] {logging_mixin.py:104} INFO - [2021-08-11 22:12:27,309] {dagbag.py:496} INFO - Filling up the DagBag from /home/airflow/.local/lib/python3.6/site-packages/airflow/example_dags/example_external_task_marker_dag.py
[2021-08-11 22:12:27,319] {scheduler_job.py:642} INFO - DAG(s) dict_keys(['example_external_task_marker_parent', 'example_external_task_marker_child']) retrieved from /home/airflow/.local/lib/python3.6/site-packages/airflow/example_dags/example_external_task_marker_dag.py
[2021-08-11 22:12:27,451] {logging_mixin.py:104} INFO - [2021-08-11 22:12:27,451] {dag.py:1833} INFO - Sync 2 DAGs
[2021-08-11 22:12:27,459] {logging_mixin.py:104} INFO - [2021-08-11 22:12:27,459] {dag.py:2306} INFO - Setting next_dagrun for example_external_task_marker_child to None
[2021-08-11 22:12:27,460] {logging_mixin.py:104} INFO - [2021-08-11 22:12:27,460] {dag.py:2306} INFO - Setting next_dagrun for example_external_task_marker_parent to None
[2021-08-11 22:12:27,466] {scheduler_job.py:189} INFO - Processing /home/airflow/.local/lib/python3.6/site-packages/airflow/example_dags/example_external_task_marker_dag.py took 0.162 seconds
[2021-08-11 22:12:57,816] {scheduler_job.py:181} INFO - Started process (PID=534) to work on /home/airflow/.local/lib/python3.6/site-packages/airflow/example_dags/example_external_task_marker_dag.py
[2021-08-11 22:12:57,816] {scheduler_job.py:632} INFO - Processing file /home/airflow/.local/lib/python3.6/site-packages/airflow/example_dags/example_external_task_marker_dag.py for tasks to queue
[2021-08-11 22:12:57,817] {logging_mixin.py:104} INFO - [2021-08-11 22:12:57,817] {dagbag.py:496} INFO - Filling up the DagBag from /home/airflow/.local/lib/python3.6/site-packages/airflow/example_dags/example_external_task_marker_dag.py
[2021-08-11 22:12:57,825] {scheduler_job.py:642} INFO - DAG(s) dict_keys(['example_external_task_marker_parent', 'example_external_task_marker_child']) retrieved from /home/airflow/.local/lib/python3.6/site-packages/airflow/example_dags/example_external_task_marker_dag.py
[2021-08-11 22:12:57,950] {logging_mixin.py:104} INFO - [2021-08-11 22:12:57,950] {dag.py:1833} INFO - Sync 2 DAGs
[2021-08-11 22:12:57,959] {logging_mixin.py:104} INFO - [2021-08-11 22:12:57,959] {dag.py:2306} INFO - Setting next_dagrun for example_external_task_marker_child to None
[2021-08-11 22:12:57,959] {logging_mixin.py:104} INFO - [2021-08-11 22:12:57,959] {dag.py:2306} INFO - Setting next_dagrun for example_external_task_marker_parent to None
[2021-08-11 22:12:57,966] {scheduler_job.py:189} INFO - Processing /home/airflow/.local/lib/python3.6/site-packages/airflow/example_dags/example_external_task_marker_dag.py took 0.153 seconds
[2021-08-11 22:13:28,364] {scheduler_job.py:181} INFO - Started process (PID=752) to work on /home/airflow/.local/lib/python3.6/site-packages/airflow/example_dags/example_external_task_marker_dag.py
[2021-08-11 22:13:28,365] {scheduler_job.py:632} INFO - Processing file /home/airflow/.local/lib/python3.6/site-packages/airflow/example_dags/example_external_task_marker_dag.py for tasks to queue
[2021-08-11 22:13:28,366] {logging_mixin.py:104} INFO - [2021-08-11 22:13:28,366] {dagbag.py:496} INFO - Filling up the DagBag from /home/airflow/.local/lib/python3.6/site-packages/airflow/example_dags/example_external_task_marker_dag.py
[2021-08-11 22:13:28,374] {scheduler_job.py:642} INFO - DAG(s) dict_keys(['example_external_task_marker_parent', 'example_external_task_marker_child']) retrieved from /home/airflow/.local/lib/python3.6/site-packages/airflow/example_dags/example_external_task_marker_dag.py
[2021-08-11 22:13:28,503] {logging_mixin.py:104} INFO - [2021-08-11 22:13:28,503] {dag.py:1833} INFO - Sync 2 DAGs
[2021-08-11 22:13:28,511] {logging_mixin.py:104} INFO - [2021-08-11 22:13:28,511] {dag.py:2306} INFO - Setting next_dagrun for example_external_task_marker_child to None
[2021-08-11 22:13:28,512] {logging_mixin.py:104} INFO - [2021-08-11 22:13:28,512] {dag.py:2306} INFO - Setting next_dagrun for example_external_task_marker_parent to None
[2021-08-11 22:13:28,518] {scheduler_job.py:189} INFO - Processing /home/airflow/.local/lib/python3.6/site-packages/airflow/example_dags/example_external_task_marker_dag.py took 0.156 seconds
[2021-08-11 22:13:58,845] {scheduler_job.py:181} INFO - Started process (PID=980) to work on /home/airflow/.local/lib/python3.6/site-packages/airflow/example_dags/example_external_task_marker_dag.py
[2021-08-11 22:13:58,845] {scheduler_job.py:632} INFO - Processing file /home/airflow/.local/lib/python3.6/site-packages/airflow/example_dags/example_external_task_marker_dag.py for tasks to queue
[2021-08-11 22:13:58,846] {logging_mixin.py:104} INFO - [2021-08-11 22:13:58,846] {dagbag.py:496} INFO - Filling up the DagBag from /home/airflow/.local/lib/python3.6/site-packages/airflow/example_dags/example_external_task_marker_dag.py
[2021-08-11 22:13:58,856] {scheduler_job.py:642} INFO - DAG(s) dict_keys(['example_external_task_marker_parent', 'example_external_task_marker_child']) retrieved from /home/airflow/.local/lib/python3.6/site-packages/airflow/example_dags/example_external_task_marker_dag.py
[2021-08-11 22:13:58,874] {logging_mixin.py:104} INFO - [2021-08-11 22:13:58,874] {dag.py:1833} INFO - Sync 2 DAGs
[2021-08-11 22:13:58,883] {logging_mixin.py:104} INFO - [2021-08-11 22:13:58,883] {dag.py:2306} INFO - Setting next_dagrun for example_external_task_marker_child to None
[2021-08-11 22:13:58,884] {logging_mixin.py:104} INFO - [2021-08-11 22:13:58,883] {dag.py:2306} INFO - Setting next_dagrun for example_external_task_marker_parent to None
[2021-08-11 22:13:58,888] {scheduler_job.py:189} INFO - Processing /home/airflow/.local/lib/python3.6/site-packages/airflow/example_dags/example_external_task_marker_dag.py took 0.046 seconds
[2021-08-11 22:14:29,362] {scheduler_job.py:181} INFO - Started process (PID=1208) to work on /home/airflow/.local/lib/python3.6/site-packages/airflow/example_dags/example_external_task_marker_dag.py
[2021-08-11 22:14:29,363] {scheduler_job.py:632} INFO - Processing file /home/airflow/.local/lib/python3.6/site-packages/airflow/example_dags/example_external_task_marker_dag.py for tasks to queue
[2021-08-11 22:14:29,363] {logging_mixin.py:104} INFO - [2021-08-11 22:14:29,363] {dagbag.py:496} INFO - Filling up the DagBag from /home/airflow/.local/lib/python3.6/site-packages/airflow/example_dags/example_external_task_marker_dag.py
[2021-08-11 22:14:29,372] {scheduler_job.py:642} INFO - DAG(s) dict_keys(['example_external_task_marker_parent', 'example_external_task_marker_child']) retrieved from /home/airflow/.local/lib/python3.6/site-packages/airflow/example_dags/example_external_task_marker_dag.py
[2021-08-11 22:14:29,387] {logging_mixin.py:104} INFO - [2021-08-11 22:14:29,387] {dag.py:1833} INFO - Sync 2 DAGs
[2021-08-11 22:14:29,396] {logging_mixin.py:104} INFO - [2021-08-11 22:14:29,396] {dag.py:2306} INFO - Setting next_dagrun for example_external_task_marker_child to None
[2021-08-11 22:14:29,396] {logging_mixin.py:104} INFO - [2021-08-11 22:14:29,396] {dag.py:2306} INFO - Setting next_dagrun for example_external_task_marker_parent to None
[2021-08-11 22:14:29,402] {scheduler_job.py:189} INFO - Processing /home/airflow/.local/lib/python3.6/site-packages/airflow/example_dags/example_external_task_marker_dag.py took 0.042 seconds
[2021-08-11 22:14:59,794] {scheduler_job.py:181} INFO - Started process (PID=1472) to work on /home/airflow/.local/lib/python3.6/site-packages/airflow/example_dags/example_external_task_marker_dag.py
[2021-08-11 22:14:59,797] {scheduler_job.py:632} INFO - Processing file /home/airflow/.local/lib/python3.6/site-packages/airflow/example_dags/example_external_task_marker_dag.py for tasks to queue
[2021-08-11 22:14:59,797] {logging_mixin.py:104} INFO - [2021-08-11 22:14:59,797] {dagbag.py:496} INFO - Filling up the DagBag from /home/airflow/.local/lib/python3.6/site-packages/airflow/example_dags/example_external_task_marker_dag.py
[2021-08-11 22:14:59,804] {scheduler_job.py:642} INFO - DAG(s) dict_keys(['example_external_task_marker_parent', 'example_external_task_marker_child']) retrieved from /home/airflow/.local/lib/python3.6/site-packages/airflow/example_dags/example_external_task_marker_dag.py
[2021-08-11 22:14:59,820] {logging_mixin.py:104} INFO - [2021-08-11 22:14:59,820] {dag.py:1833} INFO - Sync 2 DAGs
[2021-08-11 22:14:59,829] {logging_mixin.py:104} INFO - [2021-08-11 22:14:59,829] {dag.py:2306} INFO - Setting next_dagrun for example_external_task_marker_child to None
[2021-08-11 22:14:59,829] {logging_mixin.py:104} INFO - [2021-08-11 22:14:59,829] {dag.py:2306} INFO - Setting next_dagrun for example_external_task_marker_parent to None
[2021-08-11 22:14:59,833] {scheduler_job.py:189} INFO - Processing /home/airflow/.local/lib/python3.6/site-packages/airflow/example_dags/example_external_task_marker_dag.py took 0.042 seconds
