[2021-08-11 22:05:14,221] {scheduler_job.py:181} INFO - Started process (PID=800) to work on /home/airflow/.local/lib/python3.6/site-packages/airflow/example_dags/example_branch_operator.py
[2021-08-11 22:05:14,221] {scheduler_job.py:632} INFO - Processing file /home/airflow/.local/lib/python3.6/site-packages/airflow/example_dags/example_branch_operator.py for tasks to queue
[2021-08-11 22:05:14,222] {logging_mixin.py:104} INFO - [2021-08-11 22:05:14,222] {dagbag.py:496} INFO - Filling up the DagBag from /home/airflow/.local/lib/python3.6/site-packages/airflow/example_dags/example_branch_operator.py
[2021-08-11 22:05:14,232] {scheduler_job.py:642} INFO - DAG(s) dict_keys(['example_branch_operator']) retrieved from /home/airflow/.local/lib/python3.6/site-packages/airflow/example_dags/example_branch_operator.py
[2021-08-11 22:05:15,636] {logging_mixin.py:104} INFO - [2021-08-11 22:05:15,636] {dag.py:1833} INFO - Sync 1 DAGs
[2021-08-11 22:05:15,645] {logging_mixin.py:104} INFO - [2021-08-11 22:05:15,645] {dag.py:1852} INFO - Creating ORM DAG for example_branch_operator
[2021-08-11 22:05:15,651] {logging_mixin.py:104} INFO - [2021-08-11 22:05:15,651] {dag.py:2306} INFO - Setting next_dagrun for example_branch_operator to 2021-08-09 00:00:00+00:00
[2021-08-11 22:05:15,659] {scheduler_job.py:189} INFO - Processing /home/airflow/.local/lib/python3.6/site-packages/airflow/example_dags/example_branch_operator.py took 1.440 seconds
[2021-08-11 22:05:45,680] {scheduler_job.py:181} INFO - Started process (PID=960) to work on /home/airflow/.local/lib/python3.6/site-packages/airflow/example_dags/example_branch_operator.py
[2021-08-11 22:05:45,681] {scheduler_job.py:632} INFO - Processing file /home/airflow/.local/lib/python3.6/site-packages/airflow/example_dags/example_branch_operator.py for tasks to queue
[2021-08-11 22:05:45,681] {logging_mixin.py:104} INFO - [2021-08-11 22:05:45,681] {dagbag.py:496} INFO - Filling up the DagBag from /home/airflow/.local/lib/python3.6/site-packages/airflow/example_dags/example_branch_operator.py
[2021-08-11 22:05:45,693] {scheduler_job.py:642} INFO - DAG(s) dict_keys(['example_branch_operator']) retrieved from /home/airflow/.local/lib/python3.6/site-packages/airflow/example_dags/example_branch_operator.py
[2021-08-11 22:05:45,711] {logging_mixin.py:104} INFO - [2021-08-11 22:05:45,711] {dag.py:1833} INFO - Sync 1 DAGs
[2021-08-11 22:05:45,722] {logging_mixin.py:104} INFO - [2021-08-11 22:05:45,722] {dag.py:2306} INFO - Setting next_dagrun for example_branch_operator to 2021-08-09 00:00:00+00:00
[2021-08-11 22:05:45,727] {scheduler_job.py:189} INFO - Processing /home/airflow/.local/lib/python3.6/site-packages/airflow/example_dags/example_branch_operator.py took 0.050 seconds
[2021-08-11 22:06:15,881] {scheduler_job.py:181} INFO - Started process (PID=1048) to work on /home/airflow/.local/lib/python3.6/site-packages/airflow/example_dags/example_branch_operator.py
[2021-08-11 22:06:15,881] {scheduler_job.py:632} INFO - Processing file /home/airflow/.local/lib/python3.6/site-packages/airflow/example_dags/example_branch_operator.py for tasks to queue
[2021-08-11 22:06:15,882] {logging_mixin.py:104} INFO - [2021-08-11 22:06:15,881] {dagbag.py:496} INFO - Filling up the DagBag from /home/airflow/.local/lib/python3.6/site-packages/airflow/example_dags/example_branch_operator.py
[2021-08-11 22:06:15,891] {scheduler_job.py:642} INFO - DAG(s) dict_keys(['example_branch_operator']) retrieved from /home/airflow/.local/lib/python3.6/site-packages/airflow/example_dags/example_branch_operator.py
[2021-08-11 22:06:15,909] {logging_mixin.py:104} INFO - [2021-08-11 22:06:15,909] {dag.py:1833} INFO - Sync 1 DAGs
[2021-08-11 22:06:15,919] {logging_mixin.py:104} INFO - [2021-08-11 22:06:15,919] {dag.py:2306} INFO - Setting next_dagrun for example_branch_operator to 2021-08-09 00:00:00+00:00
[2021-08-11 22:06:15,924] {scheduler_job.py:189} INFO - Processing /home/airflow/.local/lib/python3.6/site-packages/airflow/example_dags/example_branch_operator.py took 0.046 seconds
[2021-08-11 22:06:45,942] {scheduler_job.py:181} INFO - Started process (PID=1126) to work on /home/airflow/.local/lib/python3.6/site-packages/airflow/example_dags/example_branch_operator.py
[2021-08-11 22:06:45,943] {scheduler_job.py:632} INFO - Processing file /home/airflow/.local/lib/python3.6/site-packages/airflow/example_dags/example_branch_operator.py for tasks to queue
[2021-08-11 22:06:45,944] {logging_mixin.py:104} INFO - [2021-08-11 22:06:45,944] {dagbag.py:496} INFO - Filling up the DagBag from /home/airflow/.local/lib/python3.6/site-packages/airflow/example_dags/example_branch_operator.py
[2021-08-11 22:06:45,955] {scheduler_job.py:642} INFO - DAG(s) dict_keys(['example_branch_operator']) retrieved from /home/airflow/.local/lib/python3.6/site-packages/airflow/example_dags/example_branch_operator.py
[2021-08-11 22:06:45,971] {logging_mixin.py:104} INFO - [2021-08-11 22:06:45,971] {dag.py:1833} INFO - Sync 1 DAGs
[2021-08-11 22:06:45,982] {logging_mixin.py:104} INFO - [2021-08-11 22:06:45,982] {dag.py:2306} INFO - Setting next_dagrun for example_branch_operator to 2021-08-09 00:00:00+00:00
[2021-08-11 22:06:45,988] {scheduler_job.py:189} INFO - Processing /home/airflow/.local/lib/python3.6/site-packages/airflow/example_dags/example_branch_operator.py took 0.048 seconds
[2021-08-11 22:07:16,185] {scheduler_job.py:181} INFO - Started process (PID=1215) to work on /home/airflow/.local/lib/python3.6/site-packages/airflow/example_dags/example_branch_operator.py
[2021-08-11 22:07:16,185] {scheduler_job.py:632} INFO - Processing file /home/airflow/.local/lib/python3.6/site-packages/airflow/example_dags/example_branch_operator.py for tasks to queue
[2021-08-11 22:07:16,186] {logging_mixin.py:104} INFO - [2021-08-11 22:07:16,186] {dagbag.py:496} INFO - Filling up the DagBag from /home/airflow/.local/lib/python3.6/site-packages/airflow/example_dags/example_branch_operator.py
[2021-08-11 22:07:16,196] {scheduler_job.py:642} INFO - DAG(s) dict_keys(['example_branch_operator']) retrieved from /home/airflow/.local/lib/python3.6/site-packages/airflow/example_dags/example_branch_operator.py
[2021-08-11 22:07:16,214] {logging_mixin.py:104} INFO - [2021-08-11 22:07:16,214] {dag.py:1833} INFO - Sync 1 DAGs
[2021-08-11 22:07:16,229] {logging_mixin.py:104} INFO - [2021-08-11 22:07:16,229] {dag.py:2306} INFO - Setting next_dagrun for example_branch_operator to 2021-08-09 00:00:00+00:00
[2021-08-11 22:07:16,237] {scheduler_job.py:189} INFO - Processing /home/airflow/.local/lib/python3.6/site-packages/airflow/example_dags/example_branch_operator.py took 0.055 seconds
[2021-08-11 22:07:46,342] {scheduler_job.py:181} INFO - Started process (PID=1303) to work on /home/airflow/.local/lib/python3.6/site-packages/airflow/example_dags/example_branch_operator.py
[2021-08-11 22:07:46,343] {scheduler_job.py:632} INFO - Processing file /home/airflow/.local/lib/python3.6/site-packages/airflow/example_dags/example_branch_operator.py for tasks to queue
[2021-08-11 22:07:46,344] {logging_mixin.py:104} INFO - [2021-08-11 22:07:46,344] {dagbag.py:496} INFO - Filling up the DagBag from /home/airflow/.local/lib/python3.6/site-packages/airflow/example_dags/example_branch_operator.py
[2021-08-11 22:07:46,354] {scheduler_job.py:642} INFO - DAG(s) dict_keys(['example_branch_operator']) retrieved from /home/airflow/.local/lib/python3.6/site-packages/airflow/example_dags/example_branch_operator.py
[2021-08-11 22:07:46,370] {logging_mixin.py:104} INFO - [2021-08-11 22:07:46,370] {dag.py:1833} INFO - Sync 1 DAGs
[2021-08-11 22:07:46,380] {logging_mixin.py:104} INFO - [2021-08-11 22:07:46,380] {dag.py:2306} INFO - Setting next_dagrun for example_branch_operator to 2021-08-09 00:00:00+00:00
[2021-08-11 22:07:46,386] {scheduler_job.py:189} INFO - Processing /home/airflow/.local/lib/python3.6/site-packages/airflow/example_dags/example_branch_operator.py took 0.046 seconds
[2021-08-11 22:08:16,406] {scheduler_job.py:181} INFO - Started process (PID=1381) to work on /home/airflow/.local/lib/python3.6/site-packages/airflow/example_dags/example_branch_operator.py
[2021-08-11 22:08:16,406] {scheduler_job.py:632} INFO - Processing file /home/airflow/.local/lib/python3.6/site-packages/airflow/example_dags/example_branch_operator.py for tasks to queue
[2021-08-11 22:08:16,407] {logging_mixin.py:104} INFO - [2021-08-11 22:08:16,407] {dagbag.py:496} INFO - Filling up the DagBag from /home/airflow/.local/lib/python3.6/site-packages/airflow/example_dags/example_branch_operator.py
[2021-08-11 22:08:16,418] {scheduler_job.py:642} INFO - DAG(s) dict_keys(['example_branch_operator']) retrieved from /home/airflow/.local/lib/python3.6/site-packages/airflow/example_dags/example_branch_operator.py
[2021-08-11 22:08:16,433] {logging_mixin.py:104} INFO - [2021-08-11 22:08:16,433] {dag.py:1833} INFO - Sync 1 DAGs
[2021-08-11 22:08:16,446] {logging_mixin.py:104} INFO - [2021-08-11 22:08:16,445] {dag.py:2306} INFO - Setting next_dagrun for example_branch_operator to 2021-08-09 00:00:00+00:00
[2021-08-11 22:08:16,450] {scheduler_job.py:189} INFO - Processing /home/airflow/.local/lib/python3.6/site-packages/airflow/example_dags/example_branch_operator.py took 0.047 seconds
[2021-08-11 22:08:46,489] {scheduler_job.py:181} INFO - Started process (PID=1470) to work on /home/airflow/.local/lib/python3.6/site-packages/airflow/example_dags/example_branch_operator.py
[2021-08-11 22:08:46,489] {scheduler_job.py:632} INFO - Processing file /home/airflow/.local/lib/python3.6/site-packages/airflow/example_dags/example_branch_operator.py for tasks to queue
[2021-08-11 22:08:46,490] {logging_mixin.py:104} INFO - [2021-08-11 22:08:46,490] {dagbag.py:496} INFO - Filling up the DagBag from /home/airflow/.local/lib/python3.6/site-packages/airflow/example_dags/example_branch_operator.py
[2021-08-11 22:08:46,501] {scheduler_job.py:642} INFO - DAG(s) dict_keys(['example_branch_operator']) retrieved from /home/airflow/.local/lib/python3.6/site-packages/airflow/example_dags/example_branch_operator.py
[2021-08-11 22:08:46,518] {logging_mixin.py:104} INFO - [2021-08-11 22:08:46,518] {dag.py:1833} INFO - Sync 1 DAGs
[2021-08-11 22:08:46,529] {logging_mixin.py:104} INFO - [2021-08-11 22:08:46,529] {dag.py:2306} INFO - Setting next_dagrun for example_branch_operator to 2021-08-09 00:00:00+00:00
[2021-08-11 22:08:46,533] {scheduler_job.py:189} INFO - Processing /home/airflow/.local/lib/python3.6/site-packages/airflow/example_dags/example_branch_operator.py took 0.047 seconds
[2021-08-11 22:09:16,704] {scheduler_job.py:181} INFO - Started process (PID=1558) to work on /home/airflow/.local/lib/python3.6/site-packages/airflow/example_dags/example_branch_operator.py
[2021-08-11 22:09:16,705] {scheduler_job.py:632} INFO - Processing file /home/airflow/.local/lib/python3.6/site-packages/airflow/example_dags/example_branch_operator.py for tasks to queue
[2021-08-11 22:09:16,705] {logging_mixin.py:104} INFO - [2021-08-11 22:09:16,705] {dagbag.py:496} INFO - Filling up the DagBag from /home/airflow/.local/lib/python3.6/site-packages/airflow/example_dags/example_branch_operator.py
[2021-08-11 22:09:16,714] {scheduler_job.py:642} INFO - DAG(s) dict_keys(['example_branch_operator']) retrieved from /home/airflow/.local/lib/python3.6/site-packages/airflow/example_dags/example_branch_operator.py
[2021-08-11 22:09:16,731] {logging_mixin.py:104} INFO - [2021-08-11 22:09:16,731] {dag.py:1833} INFO - Sync 1 DAGs
[2021-08-11 22:09:16,742] {logging_mixin.py:104} INFO - [2021-08-11 22:09:16,742] {dag.py:2306} INFO - Setting next_dagrun for example_branch_operator to 2021-08-09 00:00:00+00:00
[2021-08-11 22:09:16,747] {scheduler_job.py:189} INFO - Processing /home/airflow/.local/lib/python3.6/site-packages/airflow/example_dags/example_branch_operator.py took 0.045 seconds
[2021-08-11 22:09:46,880] {scheduler_job.py:181} INFO - Started process (PID=1636) to work on /home/airflow/.local/lib/python3.6/site-packages/airflow/example_dags/example_branch_operator.py
[2021-08-11 22:09:46,881] {scheduler_job.py:632} INFO - Processing file /home/airflow/.local/lib/python3.6/site-packages/airflow/example_dags/example_branch_operator.py for tasks to queue
[2021-08-11 22:09:46,882] {logging_mixin.py:104} INFO - [2021-08-11 22:09:46,881] {dagbag.py:496} INFO - Filling up the DagBag from /home/airflow/.local/lib/python3.6/site-packages/airflow/example_dags/example_branch_operator.py
[2021-08-11 22:09:46,893] {scheduler_job.py:642} INFO - DAG(s) dict_keys(['example_branch_operator']) retrieved from /home/airflow/.local/lib/python3.6/site-packages/airflow/example_dags/example_branch_operator.py
[2021-08-11 22:09:46,914] {logging_mixin.py:104} INFO - [2021-08-11 22:09:46,913] {dag.py:1833} INFO - Sync 1 DAGs
[2021-08-11 22:09:46,927] {logging_mixin.py:104} INFO - [2021-08-11 22:09:46,927] {dag.py:2306} INFO - Setting next_dagrun for example_branch_operator to 2021-08-09 00:00:00+00:00
[2021-08-11 22:09:46,933] {scheduler_job.py:189} INFO - Processing /home/airflow/.local/lib/python3.6/site-packages/airflow/example_dags/example_branch_operator.py took 0.055 seconds
[2021-08-11 22:10:17,095] {scheduler_job.py:181} INFO - Started process (PID=1725) to work on /home/airflow/.local/lib/python3.6/site-packages/airflow/example_dags/example_branch_operator.py
[2021-08-11 22:10:17,095] {scheduler_job.py:632} INFO - Processing file /home/airflow/.local/lib/python3.6/site-packages/airflow/example_dags/example_branch_operator.py for tasks to queue
[2021-08-11 22:10:17,096] {logging_mixin.py:104} INFO - [2021-08-11 22:10:17,095] {dagbag.py:496} INFO - Filling up the DagBag from /home/airflow/.local/lib/python3.6/site-packages/airflow/example_dags/example_branch_operator.py
[2021-08-11 22:10:17,106] {scheduler_job.py:642} INFO - DAG(s) dict_keys(['example_branch_operator']) retrieved from /home/airflow/.local/lib/python3.6/site-packages/airflow/example_dags/example_branch_operator.py
[2021-08-11 22:10:17,124] {logging_mixin.py:104} INFO - [2021-08-11 22:10:17,124] {dag.py:1833} INFO - Sync 1 DAGs
[2021-08-11 22:10:17,134] {logging_mixin.py:104} INFO - [2021-08-11 22:10:17,133] {dag.py:2306} INFO - Setting next_dagrun for example_branch_operator to 2021-08-09 00:00:00+00:00
[2021-08-11 22:10:17,138] {scheduler_job.py:189} INFO - Processing /home/airflow/.local/lib/python3.6/site-packages/airflow/example_dags/example_branch_operator.py took 0.045 seconds
[2021-08-11 22:10:47,458] {scheduler_job.py:181} INFO - Started process (PID=1813) to work on /home/airflow/.local/lib/python3.6/site-packages/airflow/example_dags/example_branch_operator.py
[2021-08-11 22:10:47,458] {scheduler_job.py:632} INFO - Processing file /home/airflow/.local/lib/python3.6/site-packages/airflow/example_dags/example_branch_operator.py for tasks to queue
[2021-08-11 22:10:47,459] {logging_mixin.py:104} INFO - [2021-08-11 22:10:47,459] {dagbag.py:496} INFO - Filling up the DagBag from /home/airflow/.local/lib/python3.6/site-packages/airflow/example_dags/example_branch_operator.py
[2021-08-11 22:10:47,471] {scheduler_job.py:642} INFO - DAG(s) dict_keys(['example_branch_operator']) retrieved from /home/airflow/.local/lib/python3.6/site-packages/airflow/example_dags/example_branch_operator.py
[2021-08-11 22:10:47,489] {logging_mixin.py:104} INFO - [2021-08-11 22:10:47,489] {dag.py:1833} INFO - Sync 1 DAGs
[2021-08-11 22:10:47,501] {logging_mixin.py:104} INFO - [2021-08-11 22:10:47,501] {dag.py:2306} INFO - Setting next_dagrun for example_branch_operator to 2021-08-09 00:00:00+00:00
[2021-08-11 22:10:47,507] {scheduler_job.py:189} INFO - Processing /home/airflow/.local/lib/python3.6/site-packages/airflow/example_dags/example_branch_operator.py took 0.051 seconds
[2021-08-11 22:11:17,599] {scheduler_job.py:181} INFO - Started process (PID=1901) to work on /home/airflow/.local/lib/python3.6/site-packages/airflow/example_dags/example_branch_operator.py
[2021-08-11 22:11:17,599] {scheduler_job.py:632} INFO - Processing file /home/airflow/.local/lib/python3.6/site-packages/airflow/example_dags/example_branch_operator.py for tasks to queue
[2021-08-11 22:11:17,600] {logging_mixin.py:104} INFO - [2021-08-11 22:11:17,600] {dagbag.py:496} INFO - Filling up the DagBag from /home/airflow/.local/lib/python3.6/site-packages/airflow/example_dags/example_branch_operator.py
[2021-08-11 22:11:17,611] {scheduler_job.py:642} INFO - DAG(s) dict_keys(['example_branch_operator']) retrieved from /home/airflow/.local/lib/python3.6/site-packages/airflow/example_dags/example_branch_operator.py
[2021-08-11 22:11:17,630] {logging_mixin.py:104} INFO - [2021-08-11 22:11:17,630] {dag.py:1833} INFO - Sync 1 DAGs
[2021-08-11 22:11:17,640] {logging_mixin.py:104} INFO - [2021-08-11 22:11:17,639] {dag.py:2306} INFO - Setting next_dagrun for example_branch_operator to 2021-08-09 00:00:00+00:00
[2021-08-11 22:11:17,644] {scheduler_job.py:189} INFO - Processing /home/airflow/.local/lib/python3.6/site-packages/airflow/example_dags/example_branch_operator.py took 0.048 seconds
[2021-08-11 22:12:27,610] {scheduler_job.py:181} INFO - Started process (PID=346) to work on /home/airflow/.local/lib/python3.6/site-packages/airflow/example_dags/example_branch_operator.py
[2021-08-11 22:12:27,611] {scheduler_job.py:632} INFO - Processing file /home/airflow/.local/lib/python3.6/site-packages/airflow/example_dags/example_branch_operator.py for tasks to queue
[2021-08-11 22:12:27,611] {logging_mixin.py:104} INFO - [2021-08-11 22:12:27,611] {dagbag.py:496} INFO - Filling up the DagBag from /home/airflow/.local/lib/python3.6/site-packages/airflow/example_dags/example_branch_operator.py
[2021-08-11 22:12:27,622] {scheduler_job.py:642} INFO - DAG(s) dict_keys(['example_branch_operator']) retrieved from /home/airflow/.local/lib/python3.6/site-packages/airflow/example_dags/example_branch_operator.py
[2021-08-11 22:12:27,639] {logging_mixin.py:104} INFO - [2021-08-11 22:12:27,639] {dag.py:1833} INFO - Sync 1 DAGs
[2021-08-11 22:12:27,649] {logging_mixin.py:104} INFO - [2021-08-11 22:12:27,649] {dag.py:2306} INFO - Setting next_dagrun for example_branch_operator to 2021-08-09 00:00:00+00:00
[2021-08-11 22:12:27,654] {scheduler_job.py:189} INFO - Processing /home/airflow/.local/lib/python3.6/site-packages/airflow/example_dags/example_branch_operator.py took 0.046 seconds
[2021-08-11 22:12:58,142] {scheduler_job.py:181} INFO - Started process (PID=574) to work on /home/airflow/.local/lib/python3.6/site-packages/airflow/example_dags/example_branch_operator.py
[2021-08-11 22:12:58,143] {scheduler_job.py:632} INFO - Processing file /home/airflow/.local/lib/python3.6/site-packages/airflow/example_dags/example_branch_operator.py for tasks to queue
[2021-08-11 22:12:58,143] {logging_mixin.py:104} INFO - [2021-08-11 22:12:58,143] {dagbag.py:496} INFO - Filling up the DagBag from /home/airflow/.local/lib/python3.6/site-packages/airflow/example_dags/example_branch_operator.py
[2021-08-11 22:12:58,156] {scheduler_job.py:642} INFO - DAG(s) dict_keys(['example_branch_operator']) retrieved from /home/airflow/.local/lib/python3.6/site-packages/airflow/example_dags/example_branch_operator.py
[2021-08-11 22:12:58,173] {logging_mixin.py:104} INFO - [2021-08-11 22:12:58,172] {dag.py:1833} INFO - Sync 1 DAGs
[2021-08-11 22:12:58,183] {logging_mixin.py:104} INFO - [2021-08-11 22:12:58,183] {dag.py:2306} INFO - Setting next_dagrun for example_branch_operator to 2021-08-09 00:00:00+00:00
[2021-08-11 22:12:58,188] {scheduler_job.py:189} INFO - Processing /home/airflow/.local/lib/python3.6/site-packages/airflow/example_dags/example_branch_operator.py took 0.048 seconds
[2021-08-11 22:13:28,658] {scheduler_job.py:181} INFO - Started process (PID=801) to work on /home/airflow/.local/lib/python3.6/site-packages/airflow/example_dags/example_branch_operator.py
[2021-08-11 22:13:28,659] {scheduler_job.py:632} INFO - Processing file /home/airflow/.local/lib/python3.6/site-packages/airflow/example_dags/example_branch_operator.py for tasks to queue
[2021-08-11 22:13:28,659] {logging_mixin.py:104} INFO - [2021-08-11 22:13:28,659] {dagbag.py:496} INFO - Filling up the DagBag from /home/airflow/.local/lib/python3.6/site-packages/airflow/example_dags/example_branch_operator.py
[2021-08-11 22:13:28,670] {scheduler_job.py:642} INFO - DAG(s) dict_keys(['example_branch_operator']) retrieved from /home/airflow/.local/lib/python3.6/site-packages/airflow/example_dags/example_branch_operator.py
[2021-08-11 22:13:28,686] {logging_mixin.py:104} INFO - [2021-08-11 22:13:28,686] {dag.py:1833} INFO - Sync 1 DAGs
[2021-08-11 22:13:28,697] {logging_mixin.py:104} INFO - [2021-08-11 22:13:28,697] {dag.py:2306} INFO - Setting next_dagrun for example_branch_operator to 2021-08-09 00:00:00+00:00
[2021-08-11 22:13:28,704] {scheduler_job.py:189} INFO - Processing /home/airflow/.local/lib/python3.6/site-packages/airflow/example_dags/example_branch_operator.py took 0.048 seconds
[2021-08-11 22:13:59,063] {scheduler_job.py:181} INFO - Started process (PID=1020) to work on /home/airflow/.local/lib/python3.6/site-packages/airflow/example_dags/example_branch_operator.py
[2021-08-11 22:13:59,064] {scheduler_job.py:632} INFO - Processing file /home/airflow/.local/lib/python3.6/site-packages/airflow/example_dags/example_branch_operator.py for tasks to queue
[2021-08-11 22:13:59,065] {logging_mixin.py:104} INFO - [2021-08-11 22:13:59,065] {dagbag.py:496} INFO - Filling up the DagBag from /home/airflow/.local/lib/python3.6/site-packages/airflow/example_dags/example_branch_operator.py
[2021-08-11 22:13:59,077] {scheduler_job.py:642} INFO - DAG(s) dict_keys(['example_branch_operator']) retrieved from /home/airflow/.local/lib/python3.6/site-packages/airflow/example_dags/example_branch_operator.py
[2021-08-11 22:13:59,093] {logging_mixin.py:104} INFO - [2021-08-11 22:13:59,093] {dag.py:1833} INFO - Sync 1 DAGs
[2021-08-11 22:13:59,105] {logging_mixin.py:104} INFO - [2021-08-11 22:13:59,105] {dag.py:2306} INFO - Setting next_dagrun for example_branch_operator to 2021-08-09 00:00:00+00:00
[2021-08-11 22:13:59,109] {scheduler_job.py:189} INFO - Processing /home/airflow/.local/lib/python3.6/site-packages/airflow/example_dags/example_branch_operator.py took 0.049 seconds
[2021-08-11 22:14:29,637] {scheduler_job.py:181} INFO - Started process (PID=1250) to work on /home/airflow/.local/lib/python3.6/site-packages/airflow/example_dags/example_branch_operator.py
[2021-08-11 22:14:29,638] {scheduler_job.py:632} INFO - Processing file /home/airflow/.local/lib/python3.6/site-packages/airflow/example_dags/example_branch_operator.py for tasks to queue
[2021-08-11 22:14:29,638] {logging_mixin.py:104} INFO - [2021-08-11 22:14:29,638] {dagbag.py:496} INFO - Filling up the DagBag from /home/airflow/.local/lib/python3.6/site-packages/airflow/example_dags/example_branch_operator.py
[2021-08-11 22:14:29,651] {scheduler_job.py:642} INFO - DAG(s) dict_keys(['example_branch_operator']) retrieved from /home/airflow/.local/lib/python3.6/site-packages/airflow/example_dags/example_branch_operator.py
[2021-08-11 22:14:29,665] {logging_mixin.py:104} INFO - [2021-08-11 22:14:29,665] {dag.py:1833} INFO - Sync 1 DAGs
[2021-08-11 22:14:29,676] {logging_mixin.py:104} INFO - [2021-08-11 22:14:29,676] {dag.py:2306} INFO - Setting next_dagrun for example_branch_operator to 2021-08-09 00:00:00+00:00
[2021-08-11 22:14:29,681] {scheduler_job.py:189} INFO - Processing /home/airflow/.local/lib/python3.6/site-packages/airflow/example_dags/example_branch_operator.py took 0.046 seconds
[2021-08-11 22:15:00,125] {scheduler_job.py:181} INFO - Started process (PID=1514) to work on /home/airflow/.local/lib/python3.6/site-packages/airflow/example_dags/example_branch_operator.py
[2021-08-11 22:15:00,127] {scheduler_job.py:632} INFO - Processing file /home/airflow/.local/lib/python3.6/site-packages/airflow/example_dags/example_branch_operator.py for tasks to queue
[2021-08-11 22:15:00,128] {logging_mixin.py:104} INFO - [2021-08-11 22:15:00,128] {dagbag.py:496} INFO - Filling up the DagBag from /home/airflow/.local/lib/python3.6/site-packages/airflow/example_dags/example_branch_operator.py
[2021-08-11 22:15:00,139] {scheduler_job.py:642} INFO - DAG(s) dict_keys(['example_branch_operator']) retrieved from /home/airflow/.local/lib/python3.6/site-packages/airflow/example_dags/example_branch_operator.py
[2021-08-11 22:15:00,157] {logging_mixin.py:104} INFO - [2021-08-11 22:15:00,157] {dag.py:1833} INFO - Sync 1 DAGs
[2021-08-11 22:15:00,167] {logging_mixin.py:104} INFO - [2021-08-11 22:15:00,167] {dag.py:2306} INFO - Setting next_dagrun for example_branch_operator to 2021-08-09 00:00:00+00:00
[2021-08-11 22:15:00,172] {scheduler_job.py:189} INFO - Processing /home/airflow/.local/lib/python3.6/site-packages/airflow/example_dags/example_branch_operator.py took 0.049 seconds
