[2021-08-11 22:05:12,780] {scheduler_job.py:181} INFO - Started process (PID=750) to work on /home/airflow/.local/lib/python3.6/site-packages/airflow/example_dags/example_task_group.py
[2021-08-11 22:05:12,781] {scheduler_job.py:632} INFO - Processing file /home/airflow/.local/lib/python3.6/site-packages/airflow/example_dags/example_task_group.py for tasks to queue
[2021-08-11 22:05:12,781] {logging_mixin.py:104} INFO - [2021-08-11 22:05:12,781] {dagbag.py:496} INFO - Filling up the DagBag from /home/airflow/.local/lib/python3.6/site-packages/airflow/example_dags/example_task_group.py
[2021-08-11 22:05:12,790] {scheduler_job.py:642} INFO - DAG(s) dict_keys(['example_task_group']) retrieved from /home/airflow/.local/lib/python3.6/site-packages/airflow/example_dags/example_task_group.py
[2021-08-11 22:05:14,190] {logging_mixin.py:104} INFO - [2021-08-11 22:05:14,190] {dag.py:1833} INFO - Sync 1 DAGs
[2021-08-11 22:05:14,195] {logging_mixin.py:104} INFO - [2021-08-11 22:05:14,195] {dag.py:1852} INFO - Creating ORM DAG for example_task_group
[2021-08-11 22:05:14,198] {logging_mixin.py:104} INFO - [2021-08-11 22:05:14,198] {dag.py:2306} INFO - Setting next_dagrun for example_task_group to 2021-08-09 00:00:00+00:00
[2021-08-11 22:05:14,203] {scheduler_job.py:189} INFO - Processing /home/airflow/.local/lib/python3.6/site-packages/airflow/example_dags/example_task_group.py took 1.425 seconds
[2021-08-11 22:05:44,623] {scheduler_job.py:181} INFO - Started process (PID=958) to work on /home/airflow/.local/lib/python3.6/site-packages/airflow/example_dags/example_task_group.py
[2021-08-11 22:05:44,623] {scheduler_job.py:632} INFO - Processing file /home/airflow/.local/lib/python3.6/site-packages/airflow/example_dags/example_task_group.py for tasks to queue
[2021-08-11 22:05:44,624] {logging_mixin.py:104} INFO - [2021-08-11 22:05:44,624] {dagbag.py:496} INFO - Filling up the DagBag from /home/airflow/.local/lib/python3.6/site-packages/airflow/example_dags/example_task_group.py
[2021-08-11 22:05:44,634] {scheduler_job.py:642} INFO - DAG(s) dict_keys(['example_task_group']) retrieved from /home/airflow/.local/lib/python3.6/site-packages/airflow/example_dags/example_task_group.py
[2021-08-11 22:05:44,650] {logging_mixin.py:104} INFO - [2021-08-11 22:05:44,650] {dag.py:1833} INFO - Sync 1 DAGs
[2021-08-11 22:05:44,659] {logging_mixin.py:104} INFO - [2021-08-11 22:05:44,659] {dag.py:2306} INFO - Setting next_dagrun for example_task_group to 2021-08-09 00:00:00+00:00
[2021-08-11 22:05:44,663] {scheduler_job.py:189} INFO - Processing /home/airflow/.local/lib/python3.6/site-packages/airflow/example_dags/example_task_group.py took 0.043 seconds
[2021-08-11 22:06:14,822] {scheduler_job.py:181} INFO - Started process (PID=1036) to work on /home/airflow/.local/lib/python3.6/site-packages/airflow/example_dags/example_task_group.py
[2021-08-11 22:06:14,823] {scheduler_job.py:632} INFO - Processing file /home/airflow/.local/lib/python3.6/site-packages/airflow/example_dags/example_task_group.py for tasks to queue
[2021-08-11 22:06:14,823] {logging_mixin.py:104} INFO - [2021-08-11 22:06:14,823] {dagbag.py:496} INFO - Filling up the DagBag from /home/airflow/.local/lib/python3.6/site-packages/airflow/example_dags/example_task_group.py
[2021-08-11 22:06:14,835] {scheduler_job.py:642} INFO - DAG(s) dict_keys(['example_task_group']) retrieved from /home/airflow/.local/lib/python3.6/site-packages/airflow/example_dags/example_task_group.py
[2021-08-11 22:06:14,851] {logging_mixin.py:104} INFO - [2021-08-11 22:06:14,851] {dag.py:1833} INFO - Sync 1 DAGs
[2021-08-11 22:06:14,860] {logging_mixin.py:104} INFO - [2021-08-11 22:06:14,860] {dag.py:2306} INFO - Setting next_dagrun for example_task_group to 2021-08-09 00:00:00+00:00
[2021-08-11 22:06:14,864] {scheduler_job.py:189} INFO - Processing /home/airflow/.local/lib/python3.6/site-packages/airflow/example_dags/example_task_group.py took 0.044 seconds
[2021-08-11 22:06:44,886] {scheduler_job.py:181} INFO - Started process (PID=1124) to work on /home/airflow/.local/lib/python3.6/site-packages/airflow/example_dags/example_task_group.py
[2021-08-11 22:06:44,887] {scheduler_job.py:632} INFO - Processing file /home/airflow/.local/lib/python3.6/site-packages/airflow/example_dags/example_task_group.py for tasks to queue
[2021-08-11 22:06:44,887] {logging_mixin.py:104} INFO - [2021-08-11 22:06:44,887] {dagbag.py:496} INFO - Filling up the DagBag from /home/airflow/.local/lib/python3.6/site-packages/airflow/example_dags/example_task_group.py
[2021-08-11 22:06:44,899] {scheduler_job.py:642} INFO - DAG(s) dict_keys(['example_task_group']) retrieved from /home/airflow/.local/lib/python3.6/site-packages/airflow/example_dags/example_task_group.py
[2021-08-11 22:06:44,915] {logging_mixin.py:104} INFO - [2021-08-11 22:06:44,915] {dag.py:1833} INFO - Sync 1 DAGs
[2021-08-11 22:06:44,923] {logging_mixin.py:104} INFO - [2021-08-11 22:06:44,923] {dag.py:2306} INFO - Setting next_dagrun for example_task_group to 2021-08-09 00:00:00+00:00
[2021-08-11 22:06:44,927] {scheduler_job.py:189} INFO - Processing /home/airflow/.local/lib/python3.6/site-packages/airflow/example_dags/example_task_group.py took 0.044 seconds
[2021-08-11 22:07:15,126] {scheduler_job.py:181} INFO - Started process (PID=1213) to work on /home/airflow/.local/lib/python3.6/site-packages/airflow/example_dags/example_task_group.py
[2021-08-11 22:07:15,127] {scheduler_job.py:632} INFO - Processing file /home/airflow/.local/lib/python3.6/site-packages/airflow/example_dags/example_task_group.py for tasks to queue
[2021-08-11 22:07:15,127] {logging_mixin.py:104} INFO - [2021-08-11 22:07:15,127] {dagbag.py:496} INFO - Filling up the DagBag from /home/airflow/.local/lib/python3.6/site-packages/airflow/example_dags/example_task_group.py
[2021-08-11 22:07:15,138] {scheduler_job.py:642} INFO - DAG(s) dict_keys(['example_task_group']) retrieved from /home/airflow/.local/lib/python3.6/site-packages/airflow/example_dags/example_task_group.py
[2021-08-11 22:07:15,156] {logging_mixin.py:104} INFO - [2021-08-11 22:07:15,155] {dag.py:1833} INFO - Sync 1 DAGs
[2021-08-11 22:07:15,166] {logging_mixin.py:104} INFO - [2021-08-11 22:07:15,165] {dag.py:2306} INFO - Setting next_dagrun for example_task_group to 2021-08-09 00:00:00+00:00
[2021-08-11 22:07:15,170] {scheduler_job.py:189} INFO - Processing /home/airflow/.local/lib/python3.6/site-packages/airflow/example_dags/example_task_group.py took 0.046 seconds
[2021-08-11 22:07:45,280] {scheduler_job.py:181} INFO - Started process (PID=1301) to work on /home/airflow/.local/lib/python3.6/site-packages/airflow/example_dags/example_task_group.py
[2021-08-11 22:07:45,281] {scheduler_job.py:632} INFO - Processing file /home/airflow/.local/lib/python3.6/site-packages/airflow/example_dags/example_task_group.py for tasks to queue
[2021-08-11 22:07:45,282] {logging_mixin.py:104} INFO - [2021-08-11 22:07:45,282] {dagbag.py:496} INFO - Filling up the DagBag from /home/airflow/.local/lib/python3.6/site-packages/airflow/example_dags/example_task_group.py
[2021-08-11 22:07:45,293] {scheduler_job.py:642} INFO - DAG(s) dict_keys(['example_task_group']) retrieved from /home/airflow/.local/lib/python3.6/site-packages/airflow/example_dags/example_task_group.py
[2021-08-11 22:07:45,305] {logging_mixin.py:104} INFO - [2021-08-11 22:07:45,305] {dag.py:1833} INFO - Sync 1 DAGs
[2021-08-11 22:07:45,315] {logging_mixin.py:104} INFO - [2021-08-11 22:07:45,315] {dag.py:2306} INFO - Setting next_dagrun for example_task_group to 2021-08-09 00:00:00+00:00
[2021-08-11 22:07:45,322] {scheduler_job.py:189} INFO - Processing /home/airflow/.local/lib/python3.6/site-packages/airflow/example_dags/example_task_group.py took 0.044 seconds
[2021-08-11 22:08:15,348] {scheduler_job.py:181} INFO - Started process (PID=1379) to work on /home/airflow/.local/lib/python3.6/site-packages/airflow/example_dags/example_task_group.py
[2021-08-11 22:08:15,348] {scheduler_job.py:632} INFO - Processing file /home/airflow/.local/lib/python3.6/site-packages/airflow/example_dags/example_task_group.py for tasks to queue
[2021-08-11 22:08:15,349] {logging_mixin.py:104} INFO - [2021-08-11 22:08:15,349] {dagbag.py:496} INFO - Filling up the DagBag from /home/airflow/.local/lib/python3.6/site-packages/airflow/example_dags/example_task_group.py
[2021-08-11 22:08:15,358] {scheduler_job.py:642} INFO - DAG(s) dict_keys(['example_task_group']) retrieved from /home/airflow/.local/lib/python3.6/site-packages/airflow/example_dags/example_task_group.py
[2021-08-11 22:08:15,375] {logging_mixin.py:104} INFO - [2021-08-11 22:08:15,375] {dag.py:1833} INFO - Sync 1 DAGs
[2021-08-11 22:08:15,385] {logging_mixin.py:104} INFO - [2021-08-11 22:08:15,385] {dag.py:2306} INFO - Setting next_dagrun for example_task_group to 2021-08-09 00:00:00+00:00
[2021-08-11 22:08:15,391] {scheduler_job.py:189} INFO - Processing /home/airflow/.local/lib/python3.6/site-packages/airflow/example_dags/example_task_group.py took 0.045 seconds
[2021-08-11 22:08:45,433] {scheduler_job.py:181} INFO - Started process (PID=1468) to work on /home/airflow/.local/lib/python3.6/site-packages/airflow/example_dags/example_task_group.py
[2021-08-11 22:08:45,434] {scheduler_job.py:632} INFO - Processing file /home/airflow/.local/lib/python3.6/site-packages/airflow/example_dags/example_task_group.py for tasks to queue
[2021-08-11 22:08:45,435] {logging_mixin.py:104} INFO - [2021-08-11 22:08:45,434] {dagbag.py:496} INFO - Filling up the DagBag from /home/airflow/.local/lib/python3.6/site-packages/airflow/example_dags/example_task_group.py
[2021-08-11 22:08:45,445] {scheduler_job.py:642} INFO - DAG(s) dict_keys(['example_task_group']) retrieved from /home/airflow/.local/lib/python3.6/site-packages/airflow/example_dags/example_task_group.py
[2021-08-11 22:08:45,462] {logging_mixin.py:104} INFO - [2021-08-11 22:08:45,462] {dag.py:1833} INFO - Sync 1 DAGs
[2021-08-11 22:08:45,471] {logging_mixin.py:104} INFO - [2021-08-11 22:08:45,471] {dag.py:2306} INFO - Setting next_dagrun for example_task_group to 2021-08-09 00:00:00+00:00
[2021-08-11 22:08:45,476] {scheduler_job.py:189} INFO - Processing /home/airflow/.local/lib/python3.6/site-packages/airflow/example_dags/example_task_group.py took 0.045 seconds
[2021-08-11 22:09:15,648] {scheduler_job.py:181} INFO - Started process (PID=1556) to work on /home/airflow/.local/lib/python3.6/site-packages/airflow/example_dags/example_task_group.py
[2021-08-11 22:09:15,649] {scheduler_job.py:632} INFO - Processing file /home/airflow/.local/lib/python3.6/site-packages/airflow/example_dags/example_task_group.py for tasks to queue
[2021-08-11 22:09:15,649] {logging_mixin.py:104} INFO - [2021-08-11 22:09:15,649] {dagbag.py:496} INFO - Filling up the DagBag from /home/airflow/.local/lib/python3.6/site-packages/airflow/example_dags/example_task_group.py
[2021-08-11 22:09:15,660] {scheduler_job.py:642} INFO - DAG(s) dict_keys(['example_task_group']) retrieved from /home/airflow/.local/lib/python3.6/site-packages/airflow/example_dags/example_task_group.py
[2021-08-11 22:09:15,674] {logging_mixin.py:104} INFO - [2021-08-11 22:09:15,674] {dag.py:1833} INFO - Sync 1 DAGs
[2021-08-11 22:09:15,684] {logging_mixin.py:104} INFO - [2021-08-11 22:09:15,684] {dag.py:2306} INFO - Setting next_dagrun for example_task_group to 2021-08-09 00:00:00+00:00
[2021-08-11 22:09:15,689] {scheduler_job.py:189} INFO - Processing /home/airflow/.local/lib/python3.6/site-packages/airflow/example_dags/example_task_group.py took 0.043 seconds
[2021-08-11 22:09:45,824] {scheduler_job.py:181} INFO - Started process (PID=1634) to work on /home/airflow/.local/lib/python3.6/site-packages/airflow/example_dags/example_task_group.py
[2021-08-11 22:09:45,825] {scheduler_job.py:632} INFO - Processing file /home/airflow/.local/lib/python3.6/site-packages/airflow/example_dags/example_task_group.py for tasks to queue
[2021-08-11 22:09:45,825] {logging_mixin.py:104} INFO - [2021-08-11 22:09:45,825] {dagbag.py:496} INFO - Filling up the DagBag from /home/airflow/.local/lib/python3.6/site-packages/airflow/example_dags/example_task_group.py
[2021-08-11 22:09:45,835] {scheduler_job.py:642} INFO - DAG(s) dict_keys(['example_task_group']) retrieved from /home/airflow/.local/lib/python3.6/site-packages/airflow/example_dags/example_task_group.py
[2021-08-11 22:09:45,850] {logging_mixin.py:104} INFO - [2021-08-11 22:09:45,850] {dag.py:1833} INFO - Sync 1 DAGs
[2021-08-11 22:09:45,860] {logging_mixin.py:104} INFO - [2021-08-11 22:09:45,860] {dag.py:2306} INFO - Setting next_dagrun for example_task_group to 2021-08-09 00:00:00+00:00
[2021-08-11 22:09:45,864] {scheduler_job.py:189} INFO - Processing /home/airflow/.local/lib/python3.6/site-packages/airflow/example_dags/example_task_group.py took 0.043 seconds
[2021-08-11 22:10:16,044] {scheduler_job.py:181} INFO - Started process (PID=1723) to work on /home/airflow/.local/lib/python3.6/site-packages/airflow/example_dags/example_task_group.py
[2021-08-11 22:10:16,045] {scheduler_job.py:632} INFO - Processing file /home/airflow/.local/lib/python3.6/site-packages/airflow/example_dags/example_task_group.py for tasks to queue
[2021-08-11 22:10:16,045] {logging_mixin.py:104} INFO - [2021-08-11 22:10:16,045] {dagbag.py:496} INFO - Filling up the DagBag from /home/airflow/.local/lib/python3.6/site-packages/airflow/example_dags/example_task_group.py
[2021-08-11 22:10:16,054] {scheduler_job.py:642} INFO - DAG(s) dict_keys(['example_task_group']) retrieved from /home/airflow/.local/lib/python3.6/site-packages/airflow/example_dags/example_task_group.py
[2021-08-11 22:10:16,066] {logging_mixin.py:104} INFO - [2021-08-11 22:10:16,066] {dag.py:1833} INFO - Sync 1 DAGs
[2021-08-11 22:10:16,075] {logging_mixin.py:104} INFO - [2021-08-11 22:10:16,075] {dag.py:2306} INFO - Setting next_dagrun for example_task_group to 2021-08-09 00:00:00+00:00
[2021-08-11 22:10:16,080] {scheduler_job.py:189} INFO - Processing /home/airflow/.local/lib/python3.6/site-packages/airflow/example_dags/example_task_group.py took 0.038 seconds
[2021-08-11 22:10:46,405] {scheduler_job.py:181} INFO - Started process (PID=1811) to work on /home/airflow/.local/lib/python3.6/site-packages/airflow/example_dags/example_task_group.py
[2021-08-11 22:10:46,405] {scheduler_job.py:632} INFO - Processing file /home/airflow/.local/lib/python3.6/site-packages/airflow/example_dags/example_task_group.py for tasks to queue
[2021-08-11 22:10:46,406] {logging_mixin.py:104} INFO - [2021-08-11 22:10:46,406] {dagbag.py:496} INFO - Filling up the DagBag from /home/airflow/.local/lib/python3.6/site-packages/airflow/example_dags/example_task_group.py
[2021-08-11 22:10:46,416] {scheduler_job.py:642} INFO - DAG(s) dict_keys(['example_task_group']) retrieved from /home/airflow/.local/lib/python3.6/site-packages/airflow/example_dags/example_task_group.py
[2021-08-11 22:10:46,428] {logging_mixin.py:104} INFO - [2021-08-11 22:10:46,428] {dag.py:1833} INFO - Sync 1 DAGs
[2021-08-11 22:10:46,438] {logging_mixin.py:104} INFO - [2021-08-11 22:10:46,438] {dag.py:2306} INFO - Setting next_dagrun for example_task_group to 2021-08-09 00:00:00+00:00
[2021-08-11 22:10:46,443] {scheduler_job.py:189} INFO - Processing /home/airflow/.local/lib/python3.6/site-packages/airflow/example_dags/example_task_group.py took 0.041 seconds
[2021-08-11 22:11:16,544] {scheduler_job.py:181} INFO - Started process (PID=1899) to work on /home/airflow/.local/lib/python3.6/site-packages/airflow/example_dags/example_task_group.py
[2021-08-11 22:11:16,545] {scheduler_job.py:632} INFO - Processing file /home/airflow/.local/lib/python3.6/site-packages/airflow/example_dags/example_task_group.py for tasks to queue
[2021-08-11 22:11:16,545] {logging_mixin.py:104} INFO - [2021-08-11 22:11:16,545] {dagbag.py:496} INFO - Filling up the DagBag from /home/airflow/.local/lib/python3.6/site-packages/airflow/example_dags/example_task_group.py
[2021-08-11 22:11:16,554] {scheduler_job.py:642} INFO - DAG(s) dict_keys(['example_task_group']) retrieved from /home/airflow/.local/lib/python3.6/site-packages/airflow/example_dags/example_task_group.py
[2021-08-11 22:11:16,572] {logging_mixin.py:104} INFO - [2021-08-11 22:11:16,571] {dag.py:1833} INFO - Sync 1 DAGs
[2021-08-11 22:11:16,580] {logging_mixin.py:104} INFO - [2021-08-11 22:11:16,580] {dag.py:2306} INFO - Setting next_dagrun for example_task_group to 2021-08-09 00:00:00+00:00
[2021-08-11 22:11:16,584] {scheduler_job.py:189} INFO - Processing /home/airflow/.local/lib/python3.6/site-packages/airflow/example_dags/example_task_group.py took 0.042 seconds
[2021-08-11 22:12:27,525] {scheduler_job.py:181} INFO - Started process (PID=336) to work on /home/airflow/.local/lib/python3.6/site-packages/airflow/example_dags/example_task_group.py
[2021-08-11 22:12:27,526] {scheduler_job.py:632} INFO - Processing file /home/airflow/.local/lib/python3.6/site-packages/airflow/example_dags/example_task_group.py for tasks to queue
[2021-08-11 22:12:27,526] {logging_mixin.py:104} INFO - [2021-08-11 22:12:27,526] {dagbag.py:496} INFO - Filling up the DagBag from /home/airflow/.local/lib/python3.6/site-packages/airflow/example_dags/example_task_group.py
[2021-08-11 22:12:27,538] {scheduler_job.py:642} INFO - DAG(s) dict_keys(['example_task_group']) retrieved from /home/airflow/.local/lib/python3.6/site-packages/airflow/example_dags/example_task_group.py
[2021-08-11 22:12:27,665] {logging_mixin.py:104} INFO - [2021-08-11 22:12:27,665] {dag.py:1833} INFO - Sync 1 DAGs
[2021-08-11 22:12:27,673] {logging_mixin.py:104} INFO - [2021-08-11 22:12:27,673] {dag.py:2306} INFO - Setting next_dagrun for example_task_group to 2021-08-09 00:00:00+00:00
[2021-08-11 22:12:27,679] {scheduler_job.py:189} INFO - Processing /home/airflow/.local/lib/python3.6/site-packages/airflow/example_dags/example_task_group.py took 0.155 seconds
[2021-08-11 22:12:58,083] {scheduler_job.py:181} INFO - Started process (PID=564) to work on /home/airflow/.local/lib/python3.6/site-packages/airflow/example_dags/example_task_group.py
[2021-08-11 22:12:58,084] {scheduler_job.py:632} INFO - Processing file /home/airflow/.local/lib/python3.6/site-packages/airflow/example_dags/example_task_group.py for tasks to queue
[2021-08-11 22:12:58,084] {logging_mixin.py:104} INFO - [2021-08-11 22:12:58,084] {dagbag.py:496} INFO - Filling up the DagBag from /home/airflow/.local/lib/python3.6/site-packages/airflow/example_dags/example_task_group.py
[2021-08-11 22:12:58,095] {scheduler_job.py:642} INFO - DAG(s) dict_keys(['example_task_group']) retrieved from /home/airflow/.local/lib/python3.6/site-packages/airflow/example_dags/example_task_group.py
[2021-08-11 22:12:58,113] {logging_mixin.py:104} INFO - [2021-08-11 22:12:58,113] {dag.py:1833} INFO - Sync 1 DAGs
[2021-08-11 22:12:58,122] {logging_mixin.py:104} INFO - [2021-08-11 22:12:58,122] {dag.py:2306} INFO - Setting next_dagrun for example_task_group to 2021-08-09 00:00:00+00:00
[2021-08-11 22:12:58,127] {scheduler_job.py:189} INFO - Processing /home/airflow/.local/lib/python3.6/site-packages/airflow/example_dags/example_task_group.py took 0.045 seconds
[2021-08-11 22:13:28,590] {scheduler_job.py:181} INFO - Started process (PID=789) to work on /home/airflow/.local/lib/python3.6/site-packages/airflow/example_dags/example_task_group.py
[2021-08-11 22:13:28,591] {scheduler_job.py:632} INFO - Processing file /home/airflow/.local/lib/python3.6/site-packages/airflow/example_dags/example_task_group.py for tasks to queue
[2021-08-11 22:13:28,592] {logging_mixin.py:104} INFO - [2021-08-11 22:13:28,591] {dagbag.py:496} INFO - Filling up the DagBag from /home/airflow/.local/lib/python3.6/site-packages/airflow/example_dags/example_task_group.py
[2021-08-11 22:13:28,603] {scheduler_job.py:642} INFO - DAG(s) dict_keys(['example_task_group']) retrieved from /home/airflow/.local/lib/python3.6/site-packages/airflow/example_dags/example_task_group.py
[2021-08-11 22:13:28,620] {logging_mixin.py:104} INFO - [2021-08-11 22:13:28,620] {dag.py:1833} INFO - Sync 1 DAGs
[2021-08-11 22:13:28,628] {logging_mixin.py:104} INFO - [2021-08-11 22:13:28,628] {dag.py:2306} INFO - Setting next_dagrun for example_task_group to 2021-08-09 00:00:00+00:00
[2021-08-11 22:13:28,633] {scheduler_job.py:189} INFO - Processing /home/airflow/.local/lib/python3.6/site-packages/airflow/example_dags/example_task_group.py took 0.045 seconds
[2021-08-11 22:13:59,009] {scheduler_job.py:181} INFO - Started process (PID=1010) to work on /home/airflow/.local/lib/python3.6/site-packages/airflow/example_dags/example_task_group.py
[2021-08-11 22:13:59,009] {scheduler_job.py:632} INFO - Processing file /home/airflow/.local/lib/python3.6/site-packages/airflow/example_dags/example_task_group.py for tasks to queue
[2021-08-11 22:13:59,010] {logging_mixin.py:104} INFO - [2021-08-11 22:13:59,010] {dagbag.py:496} INFO - Filling up the DagBag from /home/airflow/.local/lib/python3.6/site-packages/airflow/example_dags/example_task_group.py
[2021-08-11 22:13:59,021] {scheduler_job.py:642} INFO - DAG(s) dict_keys(['example_task_group']) retrieved from /home/airflow/.local/lib/python3.6/site-packages/airflow/example_dags/example_task_group.py
[2021-08-11 22:13:59,038] {logging_mixin.py:104} INFO - [2021-08-11 22:13:59,037] {dag.py:1833} INFO - Sync 1 DAGs
[2021-08-11 22:13:59,045] {logging_mixin.py:104} INFO - [2021-08-11 22:13:59,045] {dag.py:2306} INFO - Setting next_dagrun for example_task_group to 2021-08-09 00:00:00+00:00
[2021-08-11 22:13:59,050] {scheduler_job.py:189} INFO - Processing /home/airflow/.local/lib/python3.6/site-packages/airflow/example_dags/example_task_group.py took 0.043 seconds
[2021-08-11 22:14:29,530] {scheduler_job.py:181} INFO - Started process (PID=1238) to work on /home/airflow/.local/lib/python3.6/site-packages/airflow/example_dags/example_task_group.py
[2021-08-11 22:14:29,531] {scheduler_job.py:632} INFO - Processing file /home/airflow/.local/lib/python3.6/site-packages/airflow/example_dags/example_task_group.py for tasks to queue
[2021-08-11 22:14:29,532] {logging_mixin.py:104} INFO - [2021-08-11 22:14:29,532] {dagbag.py:496} INFO - Filling up the DagBag from /home/airflow/.local/lib/python3.6/site-packages/airflow/example_dags/example_task_group.py
[2021-08-11 22:14:29,542] {scheduler_job.py:642} INFO - DAG(s) dict_keys(['example_task_group']) retrieved from /home/airflow/.local/lib/python3.6/site-packages/airflow/example_dags/example_task_group.py
[2021-08-11 22:14:29,557] {logging_mixin.py:104} INFO - [2021-08-11 22:14:29,557] {dag.py:1833} INFO - Sync 1 DAGs
[2021-08-11 22:14:29,566] {logging_mixin.py:104} INFO - [2021-08-11 22:14:29,566] {dag.py:2306} INFO - Setting next_dagrun for example_task_group to 2021-08-09 00:00:00+00:00
[2021-08-11 22:14:29,571] {scheduler_job.py:189} INFO - Processing /home/airflow/.local/lib/python3.6/site-packages/airflow/example_dags/example_task_group.py took 0.044 seconds
[2021-08-11 22:15:00,017] {scheduler_job.py:181} INFO - Started process (PID=1502) to work on /home/airflow/.local/lib/python3.6/site-packages/airflow/example_dags/example_task_group.py
[2021-08-11 22:15:00,020] {scheduler_job.py:632} INFO - Processing file /home/airflow/.local/lib/python3.6/site-packages/airflow/example_dags/example_task_group.py for tasks to queue
[2021-08-11 22:15:00,021] {logging_mixin.py:104} INFO - [2021-08-11 22:15:00,021] {dagbag.py:496} INFO - Filling up the DagBag from /home/airflow/.local/lib/python3.6/site-packages/airflow/example_dags/example_task_group.py
[2021-08-11 22:15:00,029] {scheduler_job.py:642} INFO - DAG(s) dict_keys(['example_task_group']) retrieved from /home/airflow/.local/lib/python3.6/site-packages/airflow/example_dags/example_task_group.py
[2021-08-11 22:15:00,041] {logging_mixin.py:104} INFO - [2021-08-11 22:15:00,041] {dag.py:1833} INFO - Sync 1 DAGs
[2021-08-11 22:15:00,051] {logging_mixin.py:104} INFO - [2021-08-11 22:15:00,051] {dag.py:2306} INFO - Setting next_dagrun for example_task_group to 2021-08-09 00:00:00+00:00
[2021-08-11 22:15:00,055] {scheduler_job.py:189} INFO - Processing /home/airflow/.local/lib/python3.6/site-packages/airflow/example_dags/example_task_group.py took 0.040 seconds
