[2021-08-11 22:04:56,465] {scheduler_job.py:181} INFO - Started process (PID=203) to work on /home/airflow/.local/lib/python3.6/site-packages/airflow/example_dags/tutorial_etl_dag.py
[2021-08-11 22:04:56,466] {scheduler_job.py:632} INFO - Processing file /home/airflow/.local/lib/python3.6/site-packages/airflow/example_dags/tutorial_etl_dag.py for tasks to queue
[2021-08-11 22:04:56,467] {logging_mixin.py:104} INFO - [2021-08-11 22:04:56,467] {dagbag.py:496} INFO - Filling up the DagBag from /home/airflow/.local/lib/python3.6/site-packages/airflow/example_dags/tutorial_etl_dag.py
[2021-08-11 22:04:56,476] {scheduler_job.py:642} INFO - DAG(s) dict_keys(['tutorial_etl_dag']) retrieved from /home/airflow/.local/lib/python3.6/site-packages/airflow/example_dags/tutorial_etl_dag.py
[2021-08-11 22:04:57,943] {logging_mixin.py:104} INFO - [2021-08-11 22:04:57,943] {dag.py:1833} INFO - Sync 1 DAGs
[2021-08-11 22:04:57,950] {logging_mixin.py:104} INFO - [2021-08-11 22:04:57,949] {dag.py:1852} INFO - Creating ORM DAG for tutorial_etl_dag
[2021-08-11 22:04:57,952] {logging_mixin.py:104} INFO - [2021-08-11 22:04:57,952] {dag.py:2306} INFO - Setting next_dagrun for tutorial_etl_dag to None
[2021-08-11 22:04:57,958] {scheduler_job.py:189} INFO - Processing /home/airflow/.local/lib/python3.6/site-packages/airflow/example_dags/tutorial_etl_dag.py took 1.495 seconds
[2021-08-11 22:05:28,000] {scheduler_job.py:181} INFO - Started process (PID=916) to work on /home/airflow/.local/lib/python3.6/site-packages/airflow/example_dags/tutorial_etl_dag.py
[2021-08-11 22:05:28,001] {scheduler_job.py:632} INFO - Processing file /home/airflow/.local/lib/python3.6/site-packages/airflow/example_dags/tutorial_etl_dag.py for tasks to queue
[2021-08-11 22:05:28,001] {logging_mixin.py:104} INFO - [2021-08-11 22:05:28,001] {dagbag.py:496} INFO - Filling up the DagBag from /home/airflow/.local/lib/python3.6/site-packages/airflow/example_dags/tutorial_etl_dag.py
[2021-08-11 22:05:28,008] {scheduler_job.py:642} INFO - DAG(s) dict_keys(['tutorial_etl_dag']) retrieved from /home/airflow/.local/lib/python3.6/site-packages/airflow/example_dags/tutorial_etl_dag.py
[2021-08-11 22:05:28,025] {logging_mixin.py:104} INFO - [2021-08-11 22:05:28,025] {dag.py:1833} INFO - Sync 1 DAGs
[2021-08-11 22:05:28,033] {logging_mixin.py:104} INFO - [2021-08-11 22:05:28,033] {dag.py:2306} INFO - Setting next_dagrun for tutorial_etl_dag to None
[2021-08-11 22:05:28,038] {scheduler_job.py:189} INFO - Processing /home/airflow/.local/lib/python3.6/site-packages/airflow/example_dags/tutorial_etl_dag.py took 0.040 seconds
[2021-08-11 22:05:58,101] {scheduler_job.py:181} INFO - Started process (PID=1004) to work on /home/airflow/.local/lib/python3.6/site-packages/airflow/example_dags/tutorial_etl_dag.py
[2021-08-11 22:05:58,102] {scheduler_job.py:632} INFO - Processing file /home/airflow/.local/lib/python3.6/site-packages/airflow/example_dags/tutorial_etl_dag.py for tasks to queue
[2021-08-11 22:05:58,103] {logging_mixin.py:104} INFO - [2021-08-11 22:05:58,102] {dagbag.py:496} INFO - Filling up the DagBag from /home/airflow/.local/lib/python3.6/site-packages/airflow/example_dags/tutorial_etl_dag.py
[2021-08-11 22:05:58,112] {scheduler_job.py:642} INFO - DAG(s) dict_keys(['tutorial_etl_dag']) retrieved from /home/airflow/.local/lib/python3.6/site-packages/airflow/example_dags/tutorial_etl_dag.py
[2021-08-11 22:05:58,127] {logging_mixin.py:104} INFO - [2021-08-11 22:05:58,127] {dag.py:1833} INFO - Sync 1 DAGs
[2021-08-11 22:05:58,139] {logging_mixin.py:104} INFO - [2021-08-11 22:05:58,139] {dag.py:2306} INFO - Setting next_dagrun for tutorial_etl_dag to None
[2021-08-11 22:05:58,144] {scheduler_job.py:189} INFO - Processing /home/airflow/.local/lib/python3.6/site-packages/airflow/example_dags/tutorial_etl_dag.py took 0.045 seconds
[2021-08-11 22:06:28,177] {scheduler_job.py:181} INFO - Started process (PID=1092) to work on /home/airflow/.local/lib/python3.6/site-packages/airflow/example_dags/tutorial_etl_dag.py
[2021-08-11 22:06:28,178] {scheduler_job.py:632} INFO - Processing file /home/airflow/.local/lib/python3.6/site-packages/airflow/example_dags/tutorial_etl_dag.py for tasks to queue
[2021-08-11 22:06:28,179] {logging_mixin.py:104} INFO - [2021-08-11 22:06:28,178] {dagbag.py:496} INFO - Filling up the DagBag from /home/airflow/.local/lib/python3.6/site-packages/airflow/example_dags/tutorial_etl_dag.py
[2021-08-11 22:06:28,188] {scheduler_job.py:642} INFO - DAG(s) dict_keys(['tutorial_etl_dag']) retrieved from /home/airflow/.local/lib/python3.6/site-packages/airflow/example_dags/tutorial_etl_dag.py
[2021-08-11 22:06:28,202] {logging_mixin.py:104} INFO - [2021-08-11 22:06:28,202] {dag.py:1833} INFO - Sync 1 DAGs
[2021-08-11 22:06:28,210] {logging_mixin.py:104} INFO - [2021-08-11 22:06:28,210] {dag.py:2306} INFO - Setting next_dagrun for tutorial_etl_dag to None
[2021-08-11 22:06:28,215] {scheduler_job.py:189} INFO - Processing /home/airflow/.local/lib/python3.6/site-packages/airflow/example_dags/tutorial_etl_dag.py took 0.040 seconds
[2021-08-11 22:06:58,379] {scheduler_job.py:181} INFO - Started process (PID=1170) to work on /home/airflow/.local/lib/python3.6/site-packages/airflow/example_dags/tutorial_etl_dag.py
[2021-08-11 22:06:58,380] {scheduler_job.py:632} INFO - Processing file /home/airflow/.local/lib/python3.6/site-packages/airflow/example_dags/tutorial_etl_dag.py for tasks to queue
[2021-08-11 22:06:58,380] {logging_mixin.py:104} INFO - [2021-08-11 22:06:58,380] {dagbag.py:496} INFO - Filling up the DagBag from /home/airflow/.local/lib/python3.6/site-packages/airflow/example_dags/tutorial_etl_dag.py
[2021-08-11 22:06:58,389] {scheduler_job.py:642} INFO - DAG(s) dict_keys(['tutorial_etl_dag']) retrieved from /home/airflow/.local/lib/python3.6/site-packages/airflow/example_dags/tutorial_etl_dag.py
[2021-08-11 22:06:58,406] {logging_mixin.py:104} INFO - [2021-08-11 22:06:58,406] {dag.py:1833} INFO - Sync 1 DAGs
[2021-08-11 22:06:58,414] {logging_mixin.py:104} INFO - [2021-08-11 22:06:58,414] {dag.py:2306} INFO - Setting next_dagrun for tutorial_etl_dag to None
[2021-08-11 22:06:58,418] {scheduler_job.py:189} INFO - Processing /home/airflow/.local/lib/python3.6/site-packages/airflow/example_dags/tutorial_etl_dag.py took 0.042 seconds
[2021-08-11 22:07:28,570] {scheduler_job.py:181} INFO - Started process (PID=1259) to work on /home/airflow/.local/lib/python3.6/site-packages/airflow/example_dags/tutorial_etl_dag.py
[2021-08-11 22:07:28,571] {scheduler_job.py:632} INFO - Processing file /home/airflow/.local/lib/python3.6/site-packages/airflow/example_dags/tutorial_etl_dag.py for tasks to queue
[2021-08-11 22:07:28,572] {logging_mixin.py:104} INFO - [2021-08-11 22:07:28,572] {dagbag.py:496} INFO - Filling up the DagBag from /home/airflow/.local/lib/python3.6/site-packages/airflow/example_dags/tutorial_etl_dag.py
[2021-08-11 22:07:28,578] {scheduler_job.py:642} INFO - DAG(s) dict_keys(['tutorial_etl_dag']) retrieved from /home/airflow/.local/lib/python3.6/site-packages/airflow/example_dags/tutorial_etl_dag.py
[2021-08-11 22:07:28,596] {logging_mixin.py:104} INFO - [2021-08-11 22:07:28,596] {dag.py:1833} INFO - Sync 1 DAGs
[2021-08-11 22:07:28,606] {logging_mixin.py:104} INFO - [2021-08-11 22:07:28,606] {dag.py:2306} INFO - Setting next_dagrun for tutorial_etl_dag to None
[2021-08-11 22:07:28,610] {scheduler_job.py:189} INFO - Processing /home/airflow/.local/lib/python3.6/site-packages/airflow/example_dags/tutorial_etl_dag.py took 0.043 seconds
[2021-08-11 22:07:58,664] {scheduler_job.py:181} INFO - Started process (PID=1323) to work on /home/airflow/.local/lib/python3.6/site-packages/airflow/example_dags/tutorial_etl_dag.py
[2021-08-11 22:07:58,665] {scheduler_job.py:632} INFO - Processing file /home/airflow/.local/lib/python3.6/site-packages/airflow/example_dags/tutorial_etl_dag.py for tasks to queue
[2021-08-11 22:07:58,666] {logging_mixin.py:104} INFO - [2021-08-11 22:07:58,666] {dagbag.py:496} INFO - Filling up the DagBag from /home/airflow/.local/lib/python3.6/site-packages/airflow/example_dags/tutorial_etl_dag.py
[2021-08-11 22:07:58,675] {scheduler_job.py:642} INFO - DAG(s) dict_keys(['tutorial_etl_dag']) retrieved from /home/airflow/.local/lib/python3.6/site-packages/airflow/example_dags/tutorial_etl_dag.py
[2021-08-11 22:07:58,691] {logging_mixin.py:104} INFO - [2021-08-11 22:07:58,691] {dag.py:1833} INFO - Sync 1 DAGs
[2021-08-11 22:07:58,702] {logging_mixin.py:104} INFO - [2021-08-11 22:07:58,702] {dag.py:2306} INFO - Setting next_dagrun for tutorial_etl_dag to None
[2021-08-11 22:07:58,708] {scheduler_job.py:189} INFO - Processing /home/airflow/.local/lib/python3.6/site-packages/airflow/example_dags/tutorial_etl_dag.py took 0.046 seconds
[2021-08-11 22:08:28,765] {scheduler_job.py:181} INFO - Started process (PID=1402) to work on /home/airflow/.local/lib/python3.6/site-packages/airflow/example_dags/tutorial_etl_dag.py
[2021-08-11 22:08:28,765] {scheduler_job.py:632} INFO - Processing file /home/airflow/.local/lib/python3.6/site-packages/airflow/example_dags/tutorial_etl_dag.py for tasks to queue
[2021-08-11 22:08:28,766] {logging_mixin.py:104} INFO - [2021-08-11 22:08:28,766] {dagbag.py:496} INFO - Filling up the DagBag from /home/airflow/.local/lib/python3.6/site-packages/airflow/example_dags/tutorial_etl_dag.py
[2021-08-11 22:08:28,774] {scheduler_job.py:642} INFO - DAG(s) dict_keys(['tutorial_etl_dag']) retrieved from /home/airflow/.local/lib/python3.6/site-packages/airflow/example_dags/tutorial_etl_dag.py
[2021-08-11 22:08:28,789] {logging_mixin.py:104} INFO - [2021-08-11 22:08:28,789] {dag.py:1833} INFO - Sync 1 DAGs
[2021-08-11 22:08:28,800] {logging_mixin.py:104} INFO - [2021-08-11 22:08:28,800] {dag.py:2306} INFO - Setting next_dagrun for tutorial_etl_dag to None
[2021-08-11 22:08:28,806] {scheduler_job.py:189} INFO - Processing /home/airflow/.local/lib/python3.6/site-packages/airflow/example_dags/tutorial_etl_dag.py took 0.043 seconds
[2021-08-11 22:08:58,863] {scheduler_job.py:181} INFO - Started process (PID=1490) to work on /home/airflow/.local/lib/python3.6/site-packages/airflow/example_dags/tutorial_etl_dag.py
[2021-08-11 22:08:58,863] {scheduler_job.py:632} INFO - Processing file /home/airflow/.local/lib/python3.6/site-packages/airflow/example_dags/tutorial_etl_dag.py for tasks to queue
[2021-08-11 22:08:58,864] {logging_mixin.py:104} INFO - [2021-08-11 22:08:58,864] {dagbag.py:496} INFO - Filling up the DagBag from /home/airflow/.local/lib/python3.6/site-packages/airflow/example_dags/tutorial_etl_dag.py
[2021-08-11 22:08:58,873] {scheduler_job.py:642} INFO - DAG(s) dict_keys(['tutorial_etl_dag']) retrieved from /home/airflow/.local/lib/python3.6/site-packages/airflow/example_dags/tutorial_etl_dag.py
[2021-08-11 22:08:58,888] {logging_mixin.py:104} INFO - [2021-08-11 22:08:58,888] {dag.py:1833} INFO - Sync 1 DAGs
[2021-08-11 22:08:58,899] {logging_mixin.py:104} INFO - [2021-08-11 22:08:58,899] {dag.py:2306} INFO - Setting next_dagrun for tutorial_etl_dag to None
[2021-08-11 22:08:58,908] {scheduler_job.py:189} INFO - Processing /home/airflow/.local/lib/python3.6/site-packages/airflow/example_dags/tutorial_etl_dag.py took 0.048 seconds
[2021-08-11 22:09:28,978] {scheduler_job.py:181} INFO - Started process (PID=1578) to work on /home/airflow/.local/lib/python3.6/site-packages/airflow/example_dags/tutorial_etl_dag.py
[2021-08-11 22:09:28,979] {scheduler_job.py:632} INFO - Processing file /home/airflow/.local/lib/python3.6/site-packages/airflow/example_dags/tutorial_etl_dag.py for tasks to queue
[2021-08-11 22:09:28,979] {logging_mixin.py:104} INFO - [2021-08-11 22:09:28,979] {dagbag.py:496} INFO - Filling up the DagBag from /home/airflow/.local/lib/python3.6/site-packages/airflow/example_dags/tutorial_etl_dag.py
[2021-08-11 22:09:28,990] {scheduler_job.py:642} INFO - DAG(s) dict_keys(['tutorial_etl_dag']) retrieved from /home/airflow/.local/lib/python3.6/site-packages/airflow/example_dags/tutorial_etl_dag.py
[2021-08-11 22:09:29,002] {logging_mixin.py:104} INFO - [2021-08-11 22:09:29,002] {dag.py:1833} INFO - Sync 1 DAGs
[2021-08-11 22:09:29,013] {logging_mixin.py:104} INFO - [2021-08-11 22:09:29,013] {dag.py:2306} INFO - Setting next_dagrun for tutorial_etl_dag to None
[2021-08-11 22:09:29,019] {scheduler_job.py:189} INFO - Processing /home/airflow/.local/lib/python3.6/site-packages/airflow/example_dags/tutorial_etl_dag.py took 0.043 seconds
[2021-08-11 22:09:59,161] {scheduler_job.py:181} INFO - Started process (PID=1667) to work on /home/airflow/.local/lib/python3.6/site-packages/airflow/example_dags/tutorial_etl_dag.py
[2021-08-11 22:09:59,162] {scheduler_job.py:632} INFO - Processing file /home/airflow/.local/lib/python3.6/site-packages/airflow/example_dags/tutorial_etl_dag.py for tasks to queue
[2021-08-11 22:09:59,162] {logging_mixin.py:104} INFO - [2021-08-11 22:09:59,162] {dagbag.py:496} INFO - Filling up the DagBag from /home/airflow/.local/lib/python3.6/site-packages/airflow/example_dags/tutorial_etl_dag.py
[2021-08-11 22:09:59,172] {scheduler_job.py:642} INFO - DAG(s) dict_keys(['tutorial_etl_dag']) retrieved from /home/airflow/.local/lib/python3.6/site-packages/airflow/example_dags/tutorial_etl_dag.py
[2021-08-11 22:09:59,186] {logging_mixin.py:104} INFO - [2021-08-11 22:09:59,186] {dag.py:1833} INFO - Sync 1 DAGs
[2021-08-11 22:09:59,200] {logging_mixin.py:104} INFO - [2021-08-11 22:09:59,200] {dag.py:2306} INFO - Setting next_dagrun for tutorial_etl_dag to None
[2021-08-11 22:09:59,206] {scheduler_job.py:189} INFO - Processing /home/airflow/.local/lib/python3.6/site-packages/airflow/example_dags/tutorial_etl_dag.py took 0.047 seconds
[2021-08-11 22:10:29,346] {scheduler_job.py:181} INFO - Started process (PID=1745) to work on /home/airflow/.local/lib/python3.6/site-packages/airflow/example_dags/tutorial_etl_dag.py
[2021-08-11 22:10:29,347] {scheduler_job.py:632} INFO - Processing file /home/airflow/.local/lib/python3.6/site-packages/airflow/example_dags/tutorial_etl_dag.py for tasks to queue
[2021-08-11 22:10:29,347] {logging_mixin.py:104} INFO - [2021-08-11 22:10:29,347] {dagbag.py:496} INFO - Filling up the DagBag from /home/airflow/.local/lib/python3.6/site-packages/airflow/example_dags/tutorial_etl_dag.py
[2021-08-11 22:10:29,356] {scheduler_job.py:642} INFO - DAG(s) dict_keys(['tutorial_etl_dag']) retrieved from /home/airflow/.local/lib/python3.6/site-packages/airflow/example_dags/tutorial_etl_dag.py
[2021-08-11 22:10:29,370] {logging_mixin.py:104} INFO - [2021-08-11 22:10:29,370] {dag.py:1833} INFO - Sync 1 DAGs
[2021-08-11 22:10:29,380] {logging_mixin.py:104} INFO - [2021-08-11 22:10:29,380] {dag.py:2306} INFO - Setting next_dagrun for tutorial_etl_dag to None
[2021-08-11 22:10:29,384] {scheduler_job.py:189} INFO - Processing /home/airflow/.local/lib/python3.6/site-packages/airflow/example_dags/tutorial_etl_dag.py took 0.039 seconds
[2021-08-11 22:10:59,670] {scheduler_job.py:181} INFO - Started process (PID=1833) to work on /home/airflow/.local/lib/python3.6/site-packages/airflow/example_dags/tutorial_etl_dag.py
[2021-08-11 22:10:59,670] {scheduler_job.py:632} INFO - Processing file /home/airflow/.local/lib/python3.6/site-packages/airflow/example_dags/tutorial_etl_dag.py for tasks to queue
[2021-08-11 22:10:59,671] {logging_mixin.py:104} INFO - [2021-08-11 22:10:59,671] {dagbag.py:496} INFO - Filling up the DagBag from /home/airflow/.local/lib/python3.6/site-packages/airflow/example_dags/tutorial_etl_dag.py
[2021-08-11 22:10:59,681] {scheduler_job.py:642} INFO - DAG(s) dict_keys(['tutorial_etl_dag']) retrieved from /home/airflow/.local/lib/python3.6/site-packages/airflow/example_dags/tutorial_etl_dag.py
[2021-08-11 22:10:59,692] {logging_mixin.py:104} INFO - [2021-08-11 22:10:59,692] {dag.py:1833} INFO - Sync 1 DAGs
[2021-08-11 22:10:59,703] {logging_mixin.py:104} INFO - [2021-08-11 22:10:59,703] {dag.py:2306} INFO - Setting next_dagrun for tutorial_etl_dag to None
[2021-08-11 22:10:59,707] {scheduler_job.py:189} INFO - Processing /home/airflow/.local/lib/python3.6/site-packages/airflow/example_dags/tutorial_etl_dag.py took 0.040 seconds
[2021-08-11 22:12:26,351] {scheduler_job.py:181} INFO - Started process (PID=226) to work on /home/airflow/.local/lib/python3.6/site-packages/airflow/example_dags/tutorial_etl_dag.py
[2021-08-11 22:12:26,352] {scheduler_job.py:632} INFO - Processing file /home/airflow/.local/lib/python3.6/site-packages/airflow/example_dags/tutorial_etl_dag.py for tasks to queue
[2021-08-11 22:12:26,352] {logging_mixin.py:104} INFO - [2021-08-11 22:12:26,352] {dagbag.py:496} INFO - Filling up the DagBag from /home/airflow/.local/lib/python3.6/site-packages/airflow/example_dags/tutorial_etl_dag.py
[2021-08-11 22:12:26,362] {scheduler_job.py:642} INFO - DAG(s) dict_keys(['tutorial_etl_dag']) retrieved from /home/airflow/.local/lib/python3.6/site-packages/airflow/example_dags/tutorial_etl_dag.py
[2021-08-11 22:12:26,378] {logging_mixin.py:104} INFO - [2021-08-11 22:12:26,378] {dag.py:1833} INFO - Sync 1 DAGs
[2021-08-11 22:12:26,387] {logging_mixin.py:104} INFO - [2021-08-11 22:12:26,387] {dag.py:2306} INFO - Setting next_dagrun for tutorial_etl_dag to None
[2021-08-11 22:12:26,392] {scheduler_job.py:189} INFO - Processing /home/airflow/.local/lib/python3.6/site-packages/airflow/example_dags/tutorial_etl_dag.py took 0.044 seconds
[2021-08-11 22:12:57,157] {scheduler_job.py:181} INFO - Started process (PID=454) to work on /home/airflow/.local/lib/python3.6/site-packages/airflow/example_dags/tutorial_etl_dag.py
[2021-08-11 22:12:57,157] {scheduler_job.py:632} INFO - Processing file /home/airflow/.local/lib/python3.6/site-packages/airflow/example_dags/tutorial_etl_dag.py for tasks to queue
[2021-08-11 22:12:57,158] {logging_mixin.py:104} INFO - [2021-08-11 22:12:57,158] {dagbag.py:496} INFO - Filling up the DagBag from /home/airflow/.local/lib/python3.6/site-packages/airflow/example_dags/tutorial_etl_dag.py
[2021-08-11 22:12:57,168] {scheduler_job.py:642} INFO - DAG(s) dict_keys(['tutorial_etl_dag']) retrieved from /home/airflow/.local/lib/python3.6/site-packages/airflow/example_dags/tutorial_etl_dag.py
[2021-08-11 22:12:57,183] {logging_mixin.py:104} INFO - [2021-08-11 22:12:57,183] {dag.py:1833} INFO - Sync 1 DAGs
[2021-08-11 22:12:57,192] {logging_mixin.py:104} INFO - [2021-08-11 22:12:57,192] {dag.py:2306} INFO - Setting next_dagrun for tutorial_etl_dag to None
[2021-08-11 22:12:57,197] {scheduler_job.py:189} INFO - Processing /home/airflow/.local/lib/python3.6/site-packages/airflow/example_dags/tutorial_etl_dag.py took 0.043 seconds
[2021-08-11 22:13:27,686] {scheduler_job.py:181} INFO - Started process (PID=674) to work on /home/airflow/.local/lib/python3.6/site-packages/airflow/example_dags/tutorial_etl_dag.py
[2021-08-11 22:13:27,687] {scheduler_job.py:632} INFO - Processing file /home/airflow/.local/lib/python3.6/site-packages/airflow/example_dags/tutorial_etl_dag.py for tasks to queue
[2021-08-11 22:13:27,687] {logging_mixin.py:104} INFO - [2021-08-11 22:13:27,687] {dagbag.py:496} INFO - Filling up the DagBag from /home/airflow/.local/lib/python3.6/site-packages/airflow/example_dags/tutorial_etl_dag.py
[2021-08-11 22:13:27,698] {scheduler_job.py:642} INFO - DAG(s) dict_keys(['tutorial_etl_dag']) retrieved from /home/airflow/.local/lib/python3.6/site-packages/airflow/example_dags/tutorial_etl_dag.py
[2021-08-11 22:13:27,713] {logging_mixin.py:104} INFO - [2021-08-11 22:13:27,713] {dag.py:1833} INFO - Sync 1 DAGs
[2021-08-11 22:13:27,722] {logging_mixin.py:104} INFO - [2021-08-11 22:13:27,722] {dag.py:2306} INFO - Setting next_dagrun for tutorial_etl_dag to None
[2021-08-11 22:13:27,726] {scheduler_job.py:189} INFO - Processing /home/airflow/.local/lib/python3.6/site-packages/airflow/example_dags/tutorial_etl_dag.py took 0.043 seconds
[2021-08-11 22:13:58,179] {scheduler_job.py:181} INFO - Started process (PID=900) to work on /home/airflow/.local/lib/python3.6/site-packages/airflow/example_dags/tutorial_etl_dag.py
[2021-08-11 22:13:58,180] {scheduler_job.py:632} INFO - Processing file /home/airflow/.local/lib/python3.6/site-packages/airflow/example_dags/tutorial_etl_dag.py for tasks to queue
[2021-08-11 22:13:58,180] {logging_mixin.py:104} INFO - [2021-08-11 22:13:58,180] {dagbag.py:496} INFO - Filling up the DagBag from /home/airflow/.local/lib/python3.6/site-packages/airflow/example_dags/tutorial_etl_dag.py
[2021-08-11 22:13:58,190] {scheduler_job.py:642} INFO - DAG(s) dict_keys(['tutorial_etl_dag']) retrieved from /home/airflow/.local/lib/python3.6/site-packages/airflow/example_dags/tutorial_etl_dag.py
[2021-08-11 22:13:58,202] {logging_mixin.py:104} INFO - [2021-08-11 22:13:58,202] {dag.py:1833} INFO - Sync 1 DAGs
[2021-08-11 22:13:58,211] {logging_mixin.py:104} INFO - [2021-08-11 22:13:58,211] {dag.py:2306} INFO - Setting next_dagrun for tutorial_etl_dag to None
[2021-08-11 22:13:58,215] {scheduler_job.py:189} INFO - Processing /home/airflow/.local/lib/python3.6/site-packages/airflow/example_dags/tutorial_etl_dag.py took 0.038 seconds
[2021-08-11 22:14:28,634] {scheduler_job.py:181} INFO - Started process (PID=1130) to work on /home/airflow/.local/lib/python3.6/site-packages/airflow/example_dags/tutorial_etl_dag.py
[2021-08-11 22:14:28,635] {scheduler_job.py:632} INFO - Processing file /home/airflow/.local/lib/python3.6/site-packages/airflow/example_dags/tutorial_etl_dag.py for tasks to queue
[2021-08-11 22:14:28,635] {logging_mixin.py:104} INFO - [2021-08-11 22:14:28,635] {dagbag.py:496} INFO - Filling up the DagBag from /home/airflow/.local/lib/python3.6/site-packages/airflow/example_dags/tutorial_etl_dag.py
[2021-08-11 22:14:28,645] {scheduler_job.py:642} INFO - DAG(s) dict_keys(['tutorial_etl_dag']) retrieved from /home/airflow/.local/lib/python3.6/site-packages/airflow/example_dags/tutorial_etl_dag.py
[2021-08-11 22:14:28,661] {logging_mixin.py:104} INFO - [2021-08-11 22:14:28,661] {dag.py:1833} INFO - Sync 1 DAGs
[2021-08-11 22:14:28,671] {logging_mixin.py:104} INFO - [2021-08-11 22:14:28,670] {dag.py:2306} INFO - Setting next_dagrun for tutorial_etl_dag to None
[2021-08-11 22:14:28,675] {scheduler_job.py:189} INFO - Processing /home/airflow/.local/lib/python3.6/site-packages/airflow/example_dags/tutorial_etl_dag.py took 0.044 seconds
[2021-08-11 22:14:59,126] {scheduler_job.py:181} INFO - Started process (PID=1392) to work on /home/airflow/.local/lib/python3.6/site-packages/airflow/example_dags/tutorial_etl_dag.py
[2021-08-11 22:14:59,130] {scheduler_job.py:632} INFO - Processing file /home/airflow/.local/lib/python3.6/site-packages/airflow/example_dags/tutorial_etl_dag.py for tasks to queue
[2021-08-11 22:14:59,130] {logging_mixin.py:104} INFO - [2021-08-11 22:14:59,130] {dagbag.py:496} INFO - Filling up the DagBag from /home/airflow/.local/lib/python3.6/site-packages/airflow/example_dags/tutorial_etl_dag.py
[2021-08-11 22:14:59,139] {scheduler_job.py:642} INFO - DAG(s) dict_keys(['tutorial_etl_dag']) retrieved from /home/airflow/.local/lib/python3.6/site-packages/airflow/example_dags/tutorial_etl_dag.py
[2021-08-11 22:14:59,155] {logging_mixin.py:104} INFO - [2021-08-11 22:14:59,155] {dag.py:1833} INFO - Sync 1 DAGs
[2021-08-11 22:14:59,166] {logging_mixin.py:104} INFO - [2021-08-11 22:14:59,166] {dag.py:2306} INFO - Setting next_dagrun for tutorial_etl_dag to None
[2021-08-11 22:14:59,173] {scheduler_job.py:189} INFO - Processing /home/airflow/.local/lib/python3.6/site-packages/airflow/example_dags/tutorial_etl_dag.py took 0.049 seconds
