[2021-08-11 22:05:05,479] {scheduler_job.py:181} INFO - Started process (PID=513) to work on /home/airflow/.local/lib/python3.6/site-packages/airflow/example_dags/tutorial.py
[2021-08-11 22:05:05,481] {scheduler_job.py:632} INFO - Processing file /home/airflow/.local/lib/python3.6/site-packages/airflow/example_dags/tutorial.py for tasks to queue
[2021-08-11 22:05:05,481] {logging_mixin.py:104} INFO - [2021-08-11 22:05:05,481] {dagbag.py:496} INFO - Filling up the DagBag from /home/airflow/.local/lib/python3.6/site-packages/airflow/example_dags/tutorial.py
[2021-08-11 22:05:05,498] {scheduler_job.py:642} INFO - DAG(s) dict_keys(['tutorial']) retrieved from /home/airflow/.local/lib/python3.6/site-packages/airflow/example_dags/tutorial.py
[2021-08-11 22:05:06,893] {logging_mixin.py:104} INFO - [2021-08-11 22:05:06,893] {dag.py:1833} INFO - Sync 1 DAGs
[2021-08-11 22:05:06,902] {logging_mixin.py:104} INFO - [2021-08-11 22:05:06,901] {dag.py:1852} INFO - Creating ORM DAG for tutorial
[2021-08-11 22:05:06,906] {logging_mixin.py:104} INFO - [2021-08-11 22:05:06,906] {dag.py:2306} INFO - Setting next_dagrun for tutorial to 2021-08-09 00:00:00+00:00
[2021-08-11 22:05:06,915] {scheduler_job.py:189} INFO - Processing /home/airflow/.local/lib/python3.6/site-packages/airflow/example_dags/tutorial.py took 1.439 seconds
[2021-08-11 22:05:37,386] {scheduler_job.py:181} INFO - Started process (PID=938) to work on /home/airflow/.local/lib/python3.6/site-packages/airflow/example_dags/tutorial.py
[2021-08-11 22:05:37,387] {scheduler_job.py:632} INFO - Processing file /home/airflow/.local/lib/python3.6/site-packages/airflow/example_dags/tutorial.py for tasks to queue
[2021-08-11 22:05:37,387] {logging_mixin.py:104} INFO - [2021-08-11 22:05:37,387] {dagbag.py:496} INFO - Filling up the DagBag from /home/airflow/.local/lib/python3.6/site-packages/airflow/example_dags/tutorial.py
[2021-08-11 22:05:37,398] {scheduler_job.py:642} INFO - DAG(s) dict_keys(['tutorial']) retrieved from /home/airflow/.local/lib/python3.6/site-packages/airflow/example_dags/tutorial.py
[2021-08-11 22:05:37,411] {logging_mixin.py:104} INFO - [2021-08-11 22:05:37,411] {dag.py:1833} INFO - Sync 1 DAGs
[2021-08-11 22:05:37,419] {logging_mixin.py:104} INFO - [2021-08-11 22:05:37,419] {dag.py:2306} INFO - Setting next_dagrun for tutorial to 2021-08-09 00:00:00+00:00
[2021-08-11 22:05:37,423] {scheduler_job.py:189} INFO - Processing /home/airflow/.local/lib/python3.6/site-packages/airflow/example_dags/tutorial.py took 0.040 seconds
[2021-08-11 22:06:07,528] {scheduler_job.py:181} INFO - Started process (PID=1026) to work on /home/airflow/.local/lib/python3.6/site-packages/airflow/example_dags/tutorial.py
[2021-08-11 22:06:07,529] {scheduler_job.py:632} INFO - Processing file /home/airflow/.local/lib/python3.6/site-packages/airflow/example_dags/tutorial.py for tasks to queue
[2021-08-11 22:06:07,530] {logging_mixin.py:104} INFO - [2021-08-11 22:06:07,530] {dagbag.py:496} INFO - Filling up the DagBag from /home/airflow/.local/lib/python3.6/site-packages/airflow/example_dags/tutorial.py
[2021-08-11 22:06:07,537] {scheduler_job.py:642} INFO - DAG(s) dict_keys(['tutorial']) retrieved from /home/airflow/.local/lib/python3.6/site-packages/airflow/example_dags/tutorial.py
[2021-08-11 22:06:07,551] {logging_mixin.py:104} INFO - [2021-08-11 22:06:07,551] {dag.py:1833} INFO - Sync 1 DAGs
[2021-08-11 22:06:07,561] {logging_mixin.py:104} INFO - [2021-08-11 22:06:07,561] {dag.py:2306} INFO - Setting next_dagrun for tutorial to 2021-08-09 00:00:00+00:00
[2021-08-11 22:06:07,566] {scheduler_job.py:189} INFO - Processing /home/airflow/.local/lib/python3.6/site-packages/airflow/example_dags/tutorial.py took 0.040 seconds
[2021-08-11 22:06:37,596] {scheduler_job.py:181} INFO - Started process (PID=1104) to work on /home/airflow/.local/lib/python3.6/site-packages/airflow/example_dags/tutorial.py
[2021-08-11 22:06:37,597] {scheduler_job.py:632} INFO - Processing file /home/airflow/.local/lib/python3.6/site-packages/airflow/example_dags/tutorial.py for tasks to queue
[2021-08-11 22:06:37,597] {logging_mixin.py:104} INFO - [2021-08-11 22:06:37,597] {dagbag.py:496} INFO - Filling up the DagBag from /home/airflow/.local/lib/python3.6/site-packages/airflow/example_dags/tutorial.py
[2021-08-11 22:06:37,606] {scheduler_job.py:642} INFO - DAG(s) dict_keys(['tutorial']) retrieved from /home/airflow/.local/lib/python3.6/site-packages/airflow/example_dags/tutorial.py
[2021-08-11 22:06:37,618] {logging_mixin.py:104} INFO - [2021-08-11 22:06:37,618] {dag.py:1833} INFO - Sync 1 DAGs
[2021-08-11 22:06:37,628] {logging_mixin.py:104} INFO - [2021-08-11 22:06:37,628] {dag.py:2306} INFO - Setting next_dagrun for tutorial to 2021-08-09 00:00:00+00:00
[2021-08-11 22:06:37,634] {scheduler_job.py:189} INFO - Processing /home/airflow/.local/lib/python3.6/site-packages/airflow/example_dags/tutorial.py took 0.040 seconds
[2021-08-11 22:07:07,741] {scheduler_job.py:181} INFO - Started process (PID=1192) to work on /home/airflow/.local/lib/python3.6/site-packages/airflow/example_dags/tutorial.py
[2021-08-11 22:07:07,741] {scheduler_job.py:632} INFO - Processing file /home/airflow/.local/lib/python3.6/site-packages/airflow/example_dags/tutorial.py for tasks to queue
[2021-08-11 22:07:07,742] {logging_mixin.py:104} INFO - [2021-08-11 22:07:07,742] {dagbag.py:496} INFO - Filling up the DagBag from /home/airflow/.local/lib/python3.6/site-packages/airflow/example_dags/tutorial.py
[2021-08-11 22:07:07,751] {scheduler_job.py:642} INFO - DAG(s) dict_keys(['tutorial']) retrieved from /home/airflow/.local/lib/python3.6/site-packages/airflow/example_dags/tutorial.py
[2021-08-11 22:07:07,763] {logging_mixin.py:104} INFO - [2021-08-11 22:07:07,763] {dag.py:1833} INFO - Sync 1 DAGs
[2021-08-11 22:07:07,772] {logging_mixin.py:104} INFO - [2021-08-11 22:07:07,772] {dag.py:2306} INFO - Setting next_dagrun for tutorial to 2021-08-09 00:00:00+00:00
[2021-08-11 22:07:07,778] {scheduler_job.py:189} INFO - Processing /home/airflow/.local/lib/python3.6/site-packages/airflow/example_dags/tutorial.py took 0.040 seconds
[2021-08-11 22:07:37,985] {scheduler_job.py:181} INFO - Started process (PID=1281) to work on /home/airflow/.local/lib/python3.6/site-packages/airflow/example_dags/tutorial.py
[2021-08-11 22:07:37,986] {scheduler_job.py:632} INFO - Processing file /home/airflow/.local/lib/python3.6/site-packages/airflow/example_dags/tutorial.py for tasks to queue
[2021-08-11 22:07:37,987] {logging_mixin.py:104} INFO - [2021-08-11 22:07:37,987] {dagbag.py:496} INFO - Filling up the DagBag from /home/airflow/.local/lib/python3.6/site-packages/airflow/example_dags/tutorial.py
[2021-08-11 22:07:37,994] {scheduler_job.py:642} INFO - DAG(s) dict_keys(['tutorial']) retrieved from /home/airflow/.local/lib/python3.6/site-packages/airflow/example_dags/tutorial.py
[2021-08-11 22:07:38,008] {logging_mixin.py:104} INFO - [2021-08-11 22:07:38,008] {dag.py:1833} INFO - Sync 1 DAGs
[2021-08-11 22:07:38,019] {logging_mixin.py:104} INFO - [2021-08-11 22:07:38,019] {dag.py:2306} INFO - Setting next_dagrun for tutorial to 2021-08-09 00:00:00+00:00
[2021-08-11 22:07:38,023] {scheduler_job.py:189} INFO - Processing /home/airflow/.local/lib/python3.6/site-packages/airflow/example_dags/tutorial.py took 0.041 seconds
[2021-08-11 22:08:08,074] {scheduler_job.py:181} INFO - Started process (PID=1369) to work on /home/airflow/.local/lib/python3.6/site-packages/airflow/example_dags/tutorial.py
[2021-08-11 22:08:08,075] {scheduler_job.py:632} INFO - Processing file /home/airflow/.local/lib/python3.6/site-packages/airflow/example_dags/tutorial.py for tasks to queue
[2021-08-11 22:08:08,076] {logging_mixin.py:104} INFO - [2021-08-11 22:08:08,076] {dagbag.py:496} INFO - Filling up the DagBag from /home/airflow/.local/lib/python3.6/site-packages/airflow/example_dags/tutorial.py
[2021-08-11 22:08:08,084] {scheduler_job.py:642} INFO - DAG(s) dict_keys(['tutorial']) retrieved from /home/airflow/.local/lib/python3.6/site-packages/airflow/example_dags/tutorial.py
[2021-08-11 22:08:08,100] {logging_mixin.py:104} INFO - [2021-08-11 22:08:08,100] {dag.py:1833} INFO - Sync 1 DAGs
[2021-08-11 22:08:08,110] {logging_mixin.py:104} INFO - [2021-08-11 22:08:08,110] {dag.py:2306} INFO - Setting next_dagrun for tutorial to 2021-08-09 00:00:00+00:00
[2021-08-11 22:08:08,114] {scheduler_job.py:189} INFO - Processing /home/airflow/.local/lib/python3.6/site-packages/airflow/example_dags/tutorial.py took 0.043 seconds
[2021-08-11 22:08:38,230] {scheduler_job.py:181} INFO - Started process (PID=1448) to work on /home/airflow/.local/lib/python3.6/site-packages/airflow/example_dags/tutorial.py
[2021-08-11 22:08:38,230] {scheduler_job.py:632} INFO - Processing file /home/airflow/.local/lib/python3.6/site-packages/airflow/example_dags/tutorial.py for tasks to queue
[2021-08-11 22:08:38,231] {logging_mixin.py:104} INFO - [2021-08-11 22:08:38,231] {dagbag.py:496} INFO - Filling up the DagBag from /home/airflow/.local/lib/python3.6/site-packages/airflow/example_dags/tutorial.py
[2021-08-11 22:08:38,238] {scheduler_job.py:642} INFO - DAG(s) dict_keys(['tutorial']) retrieved from /home/airflow/.local/lib/python3.6/site-packages/airflow/example_dags/tutorial.py
[2021-08-11 22:08:38,254] {logging_mixin.py:104} INFO - [2021-08-11 22:08:38,254] {dag.py:1833} INFO - Sync 1 DAGs
[2021-08-11 22:08:38,262] {logging_mixin.py:104} INFO - [2021-08-11 22:08:38,262] {dag.py:2306} INFO - Setting next_dagrun for tutorial to 2021-08-09 00:00:00+00:00
[2021-08-11 22:08:38,268] {scheduler_job.py:189} INFO - Processing /home/airflow/.local/lib/python3.6/site-packages/airflow/example_dags/tutorial.py took 0.040 seconds
[2021-08-11 22:09:08,406] {scheduler_job.py:181} INFO - Started process (PID=1536) to work on /home/airflow/.local/lib/python3.6/site-packages/airflow/example_dags/tutorial.py
[2021-08-11 22:09:08,406] {scheduler_job.py:632} INFO - Processing file /home/airflow/.local/lib/python3.6/site-packages/airflow/example_dags/tutorial.py for tasks to queue
[2021-08-11 22:09:08,407] {logging_mixin.py:104} INFO - [2021-08-11 22:09:08,407] {dagbag.py:496} INFO - Filling up the DagBag from /home/airflow/.local/lib/python3.6/site-packages/airflow/example_dags/tutorial.py
[2021-08-11 22:09:08,417] {scheduler_job.py:642} INFO - DAG(s) dict_keys(['tutorial']) retrieved from /home/airflow/.local/lib/python3.6/site-packages/airflow/example_dags/tutorial.py
[2021-08-11 22:09:08,434] {logging_mixin.py:104} INFO - [2021-08-11 22:09:08,434] {dag.py:1833} INFO - Sync 1 DAGs
[2021-08-11 22:09:08,442] {logging_mixin.py:104} INFO - [2021-08-11 22:09:08,442] {dag.py:2306} INFO - Setting next_dagrun for tutorial to 2021-08-09 00:00:00+00:00
[2021-08-11 22:09:08,447] {scheduler_job.py:189} INFO - Processing /home/airflow/.local/lib/python3.6/site-packages/airflow/example_dags/tutorial.py took 0.044 seconds
[2021-08-11 22:09:38,631] {scheduler_job.py:181} INFO - Started process (PID=1624) to work on /home/airflow/.local/lib/python3.6/site-packages/airflow/example_dags/tutorial.py
[2021-08-11 22:09:38,632] {scheduler_job.py:632} INFO - Processing file /home/airflow/.local/lib/python3.6/site-packages/airflow/example_dags/tutorial.py for tasks to queue
[2021-08-11 22:09:38,632] {logging_mixin.py:104} INFO - [2021-08-11 22:09:38,632] {dagbag.py:496} INFO - Filling up the DagBag from /home/airflow/.local/lib/python3.6/site-packages/airflow/example_dags/tutorial.py
[2021-08-11 22:09:38,641] {scheduler_job.py:642} INFO - DAG(s) dict_keys(['tutorial']) retrieved from /home/airflow/.local/lib/python3.6/site-packages/airflow/example_dags/tutorial.py
[2021-08-11 22:09:38,657] {logging_mixin.py:104} INFO - [2021-08-11 22:09:38,657] {dag.py:1833} INFO - Sync 1 DAGs
[2021-08-11 22:09:38,666] {logging_mixin.py:104} INFO - [2021-08-11 22:09:38,666] {dag.py:2306} INFO - Setting next_dagrun for tutorial to 2021-08-09 00:00:00+00:00
[2021-08-11 22:09:38,672] {scheduler_job.py:189} INFO - Processing /home/airflow/.local/lib/python3.6/site-packages/airflow/example_dags/tutorial.py took 0.042 seconds
[2021-08-11 22:10:08,853] {scheduler_job.py:181} INFO - Started process (PID=1703) to work on /home/airflow/.local/lib/python3.6/site-packages/airflow/example_dags/tutorial.py
[2021-08-11 22:10:08,854] {scheduler_job.py:632} INFO - Processing file /home/airflow/.local/lib/python3.6/site-packages/airflow/example_dags/tutorial.py for tasks to queue
[2021-08-11 22:10:08,854] {logging_mixin.py:104} INFO - [2021-08-11 22:10:08,854] {dagbag.py:496} INFO - Filling up the DagBag from /home/airflow/.local/lib/python3.6/site-packages/airflow/example_dags/tutorial.py
[2021-08-11 22:10:08,864] {scheduler_job.py:642} INFO - DAG(s) dict_keys(['tutorial']) retrieved from /home/airflow/.local/lib/python3.6/site-packages/airflow/example_dags/tutorial.py
[2021-08-11 22:10:08,880] {logging_mixin.py:104} INFO - [2021-08-11 22:10:08,879] {dag.py:1833} INFO - Sync 1 DAGs
[2021-08-11 22:10:08,889] {logging_mixin.py:104} INFO - [2021-08-11 22:10:08,889] {dag.py:2306} INFO - Setting next_dagrun for tutorial to 2021-08-09 00:00:00+00:00
[2021-08-11 22:10:08,894] {scheduler_job.py:189} INFO - Processing /home/airflow/.local/lib/python3.6/site-packages/airflow/example_dags/tutorial.py took 0.043 seconds
[2021-08-11 22:10:39,153] {scheduler_job.py:181} INFO - Started process (PID=1791) to work on /home/airflow/.local/lib/python3.6/site-packages/airflow/example_dags/tutorial.py
[2021-08-11 22:10:39,154] {scheduler_job.py:632} INFO - Processing file /home/airflow/.local/lib/python3.6/site-packages/airflow/example_dags/tutorial.py for tasks to queue
[2021-08-11 22:10:39,154] {logging_mixin.py:104} INFO - [2021-08-11 22:10:39,154] {dagbag.py:496} INFO - Filling up the DagBag from /home/airflow/.local/lib/python3.6/site-packages/airflow/example_dags/tutorial.py
[2021-08-11 22:10:39,162] {scheduler_job.py:642} INFO - DAG(s) dict_keys(['tutorial']) retrieved from /home/airflow/.local/lib/python3.6/site-packages/airflow/example_dags/tutorial.py
[2021-08-11 22:10:39,181] {logging_mixin.py:104} INFO - [2021-08-11 22:10:39,181] {dag.py:1833} INFO - Sync 1 DAGs
[2021-08-11 22:10:39,193] {logging_mixin.py:104} INFO - [2021-08-11 22:10:39,193] {dag.py:2306} INFO - Setting next_dagrun for tutorial to 2021-08-09 00:00:00+00:00
[2021-08-11 22:10:39,199] {scheduler_job.py:189} INFO - Processing /home/airflow/.local/lib/python3.6/site-packages/airflow/example_dags/tutorial.py took 0.048 seconds
[2021-08-11 22:11:09,353] {scheduler_job.py:181} INFO - Started process (PID=1879) to work on /home/airflow/.local/lib/python3.6/site-packages/airflow/example_dags/tutorial.py
[2021-08-11 22:11:09,354] {scheduler_job.py:632} INFO - Processing file /home/airflow/.local/lib/python3.6/site-packages/airflow/example_dags/tutorial.py for tasks to queue
[2021-08-11 22:11:09,354] {logging_mixin.py:104} INFO - [2021-08-11 22:11:09,354] {dagbag.py:496} INFO - Filling up the DagBag from /home/airflow/.local/lib/python3.6/site-packages/airflow/example_dags/tutorial.py
[2021-08-11 22:11:09,364] {scheduler_job.py:642} INFO - DAG(s) dict_keys(['tutorial']) retrieved from /home/airflow/.local/lib/python3.6/site-packages/airflow/example_dags/tutorial.py
[2021-08-11 22:11:09,376] {logging_mixin.py:104} INFO - [2021-08-11 22:11:09,376] {dag.py:1833} INFO - Sync 1 DAGs
[2021-08-11 22:11:09,388] {logging_mixin.py:104} INFO - [2021-08-11 22:11:09,387] {dag.py:2306} INFO - Setting next_dagrun for tutorial to 2021-08-09 00:00:00+00:00
[2021-08-11 22:11:09,392] {scheduler_job.py:189} INFO - Processing /home/airflow/.local/lib/python3.6/site-packages/airflow/example_dags/tutorial.py took 0.041 seconds
[2021-08-11 22:12:27,146] {scheduler_job.py:181} INFO - Started process (PID=286) to work on /home/airflow/.local/lib/python3.6/site-packages/airflow/example_dags/tutorial.py
[2021-08-11 22:12:27,146] {scheduler_job.py:632} INFO - Processing file /home/airflow/.local/lib/python3.6/site-packages/airflow/example_dags/tutorial.py for tasks to queue
[2021-08-11 22:12:27,147] {logging_mixin.py:104} INFO - [2021-08-11 22:12:27,147] {dagbag.py:496} INFO - Filling up the DagBag from /home/airflow/.local/lib/python3.6/site-packages/airflow/example_dags/tutorial.py
[2021-08-11 22:12:27,157] {scheduler_job.py:642} INFO - DAG(s) dict_keys(['tutorial']) retrieved from /home/airflow/.local/lib/python3.6/site-packages/airflow/example_dags/tutorial.py
[2021-08-11 22:12:27,172] {logging_mixin.py:104} INFO - [2021-08-11 22:12:27,172] {dag.py:1833} INFO - Sync 1 DAGs
[2021-08-11 22:12:27,182] {logging_mixin.py:104} INFO - [2021-08-11 22:12:27,182] {dag.py:2306} INFO - Setting next_dagrun for tutorial to 2021-08-09 00:00:00+00:00
[2021-08-11 22:12:27,186] {scheduler_job.py:189} INFO - Processing /home/airflow/.local/lib/python3.6/site-packages/airflow/example_dags/tutorial.py took 0.043 seconds
[2021-08-11 22:12:57,679] {scheduler_job.py:181} INFO - Started process (PID=514) to work on /home/airflow/.local/lib/python3.6/site-packages/airflow/example_dags/tutorial.py
[2021-08-11 22:12:57,680] {scheduler_job.py:632} INFO - Processing file /home/airflow/.local/lib/python3.6/site-packages/airflow/example_dags/tutorial.py for tasks to queue
[2021-08-11 22:12:57,680] {logging_mixin.py:104} INFO - [2021-08-11 22:12:57,680] {dagbag.py:496} INFO - Filling up the DagBag from /home/airflow/.local/lib/python3.6/site-packages/airflow/example_dags/tutorial.py
[2021-08-11 22:12:57,689] {scheduler_job.py:642} INFO - DAG(s) dict_keys(['tutorial']) retrieved from /home/airflow/.local/lib/python3.6/site-packages/airflow/example_dags/tutorial.py
[2021-08-11 22:12:57,704] {logging_mixin.py:104} INFO - [2021-08-11 22:12:57,704] {dag.py:1833} INFO - Sync 1 DAGs
[2021-08-11 22:12:57,713] {logging_mixin.py:104} INFO - [2021-08-11 22:12:57,713] {dag.py:2306} INFO - Setting next_dagrun for tutorial to 2021-08-09 00:00:00+00:00
[2021-08-11 22:12:57,717] {scheduler_job.py:189} INFO - Processing /home/airflow/.local/lib/python3.6/site-packages/airflow/example_dags/tutorial.py took 0.041 seconds
[2021-08-11 22:13:28,194] {scheduler_job.py:181} INFO - Started process (PID=732) to work on /home/airflow/.local/lib/python3.6/site-packages/airflow/example_dags/tutorial.py
[2021-08-11 22:13:28,195] {scheduler_job.py:632} INFO - Processing file /home/airflow/.local/lib/python3.6/site-packages/airflow/example_dags/tutorial.py for tasks to queue
[2021-08-11 22:13:28,195] {logging_mixin.py:104} INFO - [2021-08-11 22:13:28,195] {dagbag.py:496} INFO - Filling up the DagBag from /home/airflow/.local/lib/python3.6/site-packages/airflow/example_dags/tutorial.py
[2021-08-11 22:13:28,205] {scheduler_job.py:642} INFO - DAG(s) dict_keys(['tutorial']) retrieved from /home/airflow/.local/lib/python3.6/site-packages/airflow/example_dags/tutorial.py
[2021-08-11 22:13:28,220] {logging_mixin.py:104} INFO - [2021-08-11 22:13:28,220] {dag.py:1833} INFO - Sync 1 DAGs
[2021-08-11 22:13:28,229] {logging_mixin.py:104} INFO - [2021-08-11 22:13:28,229] {dag.py:2306} INFO - Setting next_dagrun for tutorial to 2021-08-09 00:00:00+00:00
[2021-08-11 22:13:28,235] {scheduler_job.py:189} INFO - Processing /home/airflow/.local/lib/python3.6/site-packages/airflow/example_dags/tutorial.py took 0.043 seconds
[2021-08-11 22:13:58,681] {scheduler_job.py:181} INFO - Started process (PID=960) to work on /home/airflow/.local/lib/python3.6/site-packages/airflow/example_dags/tutorial.py
[2021-08-11 22:13:58,681] {scheduler_job.py:632} INFO - Processing file /home/airflow/.local/lib/python3.6/site-packages/airflow/example_dags/tutorial.py for tasks to queue
[2021-08-11 22:13:58,682] {logging_mixin.py:104} INFO - [2021-08-11 22:13:58,682] {dagbag.py:496} INFO - Filling up the DagBag from /home/airflow/.local/lib/python3.6/site-packages/airflow/example_dags/tutorial.py
[2021-08-11 22:13:58,690] {scheduler_job.py:642} INFO - DAG(s) dict_keys(['tutorial']) retrieved from /home/airflow/.local/lib/python3.6/site-packages/airflow/example_dags/tutorial.py
[2021-08-11 22:13:58,706] {logging_mixin.py:104} INFO - [2021-08-11 22:13:58,706] {dag.py:1833} INFO - Sync 1 DAGs
[2021-08-11 22:13:58,714] {logging_mixin.py:104} INFO - [2021-08-11 22:13:58,714] {dag.py:2306} INFO - Setting next_dagrun for tutorial to 2021-08-09 00:00:00+00:00
[2021-08-11 22:13:58,718] {scheduler_job.py:189} INFO - Processing /home/airflow/.local/lib/python3.6/site-packages/airflow/example_dags/tutorial.py took 0.039 seconds
[2021-08-11 22:14:29,196] {scheduler_job.py:181} INFO - Started process (PID=1188) to work on /home/airflow/.local/lib/python3.6/site-packages/airflow/example_dags/tutorial.py
[2021-08-11 22:14:29,196] {scheduler_job.py:632} INFO - Processing file /home/airflow/.local/lib/python3.6/site-packages/airflow/example_dags/tutorial.py for tasks to queue
[2021-08-11 22:14:29,197] {logging_mixin.py:104} INFO - [2021-08-11 22:14:29,197] {dagbag.py:496} INFO - Filling up the DagBag from /home/airflow/.local/lib/python3.6/site-packages/airflow/example_dags/tutorial.py
[2021-08-11 22:14:29,205] {scheduler_job.py:642} INFO - DAG(s) dict_keys(['tutorial']) retrieved from /home/airflow/.local/lib/python3.6/site-packages/airflow/example_dags/tutorial.py
[2021-08-11 22:14:29,219] {logging_mixin.py:104} INFO - [2021-08-11 22:14:29,219] {dag.py:1833} INFO - Sync 1 DAGs
[2021-08-11 22:14:29,230] {logging_mixin.py:104} INFO - [2021-08-11 22:14:29,230] {dag.py:2306} INFO - Setting next_dagrun for tutorial to 2021-08-09 00:00:00+00:00
[2021-08-11 22:14:29,235] {scheduler_job.py:189} INFO - Processing /home/airflow/.local/lib/python3.6/site-packages/airflow/example_dags/tutorial.py took 0.042 seconds
[2021-08-11 22:14:59,642] {scheduler_job.py:181} INFO - Started process (PID=1452) to work on /home/airflow/.local/lib/python3.6/site-packages/airflow/example_dags/tutorial.py
[2021-08-11 22:14:59,645] {scheduler_job.py:632} INFO - Processing file /home/airflow/.local/lib/python3.6/site-packages/airflow/example_dags/tutorial.py for tasks to queue
[2021-08-11 22:14:59,645] {logging_mixin.py:104} INFO - [2021-08-11 22:14:59,645] {dagbag.py:496} INFO - Filling up the DagBag from /home/airflow/.local/lib/python3.6/site-packages/airflow/example_dags/tutorial.py
[2021-08-11 22:14:59,650] {scheduler_job.py:642} INFO - DAG(s) dict_keys(['tutorial']) retrieved from /home/airflow/.local/lib/python3.6/site-packages/airflow/example_dags/tutorial.py
[2021-08-11 22:14:59,664] {logging_mixin.py:104} INFO - [2021-08-11 22:14:59,664] {dag.py:1833} INFO - Sync 1 DAGs
[2021-08-11 22:14:59,673] {logging_mixin.py:104} INFO - [2021-08-11 22:14:59,673] {dag.py:2306} INFO - Setting next_dagrun for tutorial to 2021-08-09 00:00:00+00:00
[2021-08-11 22:14:59,678] {scheduler_job.py:189} INFO - Processing /home/airflow/.local/lib/python3.6/site-packages/airflow/example_dags/tutorial.py took 0.039 seconds
