[2021-08-11 22:14:35,100] {taskinstance.py:896} INFO - Dependencies all met for <TaskInstance: example_bash_operator.runme_0 2021-08-09T00:00:00+00:00 [queued]>
[2021-08-11 22:14:35,114] {taskinstance.py:896} INFO - Dependencies all met for <TaskInstance: example_bash_operator.runme_0 2021-08-09T00:00:00+00:00 [queued]>
[2021-08-11 22:14:35,114] {taskinstance.py:1087} INFO - 
--------------------------------------------------------------------------------
[2021-08-11 22:14:35,114] {taskinstance.py:1088} INFO - Starting attempt 1 of 1
[2021-08-11 22:14:35,114] {taskinstance.py:1089} INFO - 
--------------------------------------------------------------------------------
[2021-08-11 22:14:35,119] {taskinstance.py:1107} INFO - Executing <Task(BashOperator): runme_0> on 2021-08-09T00:00:00+00:00
[2021-08-11 22:14:35,123] {standard_task_runner.py:52} INFO - Started process 1275 to run task
[2021-08-11 22:14:35,125] {standard_task_runner.py:76} INFO - Running: ['***', 'tasks', 'run', 'example_bash_operator', 'runme_0', '2021-08-09T00:00:00+00:00', '--job-id', '3', '--pool', 'default_pool', '--raw', '--subdir', '/home/***/.local/lib/python3.6/site-packages/***/example_dags/example_bash_operator.py', '--cfg-path', '/tmp/tmp6e8uh5rs', '--error-file', '/tmp/tmpnui98plx']
[2021-08-11 22:14:35,127] {standard_task_runner.py:77} INFO - Job 3: Subtask runme_0
[2021-08-11 22:14:35,164] {logging_mixin.py:104} INFO - Running <TaskInstance: example_bash_operator.runme_0 2021-08-09T00:00:00+00:00 [running]> on host cbaba99b3893
[2021-08-11 22:14:35,210] {taskinstance.py:1302} INFO - Exporting the following env vars:
AIRFLOW_CTX_DAG_OWNER=***
AIRFLOW_CTX_DAG_ID=example_bash_operator
AIRFLOW_CTX_TASK_ID=runme_0
AIRFLOW_CTX_EXECUTION_DATE=2021-08-09T00:00:00+00:00
AIRFLOW_CTX_DAG_RUN_ID=scheduled__2021-08-09T00:00:00+00:00
[2021-08-11 22:14:35,211] {subprocess.py:52} INFO - Tmp dir root location: 
 /tmp
[2021-08-11 22:14:35,211] {subprocess.py:63} INFO - Running command: ['bash', '-c', 'echo "example_bash_operator__runme_0__20210809" && sleep 1']
[2021-08-11 22:14:35,220] {subprocess.py:74} INFO - Output:
[2021-08-11 22:14:35,221] {subprocess.py:78} INFO - example_bash_operator__runme_0__20210809
[2021-08-11 22:14:36,222] {subprocess.py:82} INFO - Command exited with return code 0
[2021-08-11 22:14:36,244] {taskinstance.py:1211} INFO - Marking task as SUCCESS. dag_id=example_bash_operator, task_id=runme_0, execution_date=20210809T000000, start_date=20210811T221435, end_date=20210811T221436
[2021-08-11 22:14:36,269] {taskinstance.py:1265} INFO - 0 downstream tasks scheduled from follow-on schedule check
[2021-08-11 22:14:36,298] {local_task_job.py:149} INFO - Task exited with return code 0
