[2021-08-11 22:14:35,155] {taskinstance.py:896} INFO - Dependencies all met for <TaskInstance: example_bash_operator.runme_0 2021-08-10T00:00:00+00:00 [queued]>
[2021-08-11 22:14:35,168] {taskinstance.py:896} INFO - Dependencies all met for <TaskInstance: example_bash_operator.runme_0 2021-08-10T00:00:00+00:00 [queued]>
[2021-08-11 22:14:35,169] {taskinstance.py:1087} INFO - 
--------------------------------------------------------------------------------
[2021-08-11 22:14:35,169] {taskinstance.py:1088} INFO - Starting attempt 1 of 1
[2021-08-11 22:14:35,169] {taskinstance.py:1089} INFO - 
--------------------------------------------------------------------------------
[2021-08-11 22:14:35,176] {taskinstance.py:1107} INFO - Executing <Task(BashOperator): runme_0> on 2021-08-10T00:00:00+00:00
[2021-08-11 22:14:35,181] {standard_task_runner.py:52} INFO - Started process 1281 to run task
[2021-08-11 22:14:35,183] {standard_task_runner.py:76} INFO - Running: ['***', 'tasks', 'run', 'example_bash_operator', 'runme_0', '2021-08-10T00:00:00+00:00', '--job-id', '9', '--pool', 'default_pool', '--raw', '--subdir', '/home/***/.local/lib/python3.6/site-packages/***/example_dags/example_bash_operator.py', '--cfg-path', '/tmp/tmpstq75wls', '--error-file', '/tmp/tmpnkf4vg6b']
[2021-08-11 22:14:35,185] {standard_task_runner.py:77} INFO - Job 9: Subtask runme_0
[2021-08-11 22:14:35,221] {logging_mixin.py:104} INFO - Running <TaskInstance: example_bash_operator.runme_0 2021-08-10T00:00:00+00:00 [running]> on host cbaba99b3893
[2021-08-11 22:14:35,261] {taskinstance.py:1302} INFO - Exporting the following env vars:
AIRFLOW_CTX_DAG_OWNER=***
AIRFLOW_CTX_DAG_ID=example_bash_operator
AIRFLOW_CTX_TASK_ID=runme_0
AIRFLOW_CTX_EXECUTION_DATE=2021-08-10T00:00:00+00:00
AIRFLOW_CTX_DAG_RUN_ID=scheduled__2021-08-10T00:00:00+00:00
[2021-08-11 22:14:35,262] {subprocess.py:52} INFO - Tmp dir root location: 
 /tmp
[2021-08-11 22:14:35,263] {subprocess.py:63} INFO - Running command: ['bash', '-c', 'echo "example_bash_operator__runme_0__20210810" && sleep 1']
[2021-08-11 22:14:35,271] {subprocess.py:74} INFO - Output:
[2021-08-11 22:14:35,273] {subprocess.py:78} INFO - example_bash_operator__runme_0__20210810
[2021-08-11 22:14:36,274] {subprocess.py:82} INFO - Command exited with return code 0
[2021-08-11 22:14:36,295] {taskinstance.py:1211} INFO - Marking task as SUCCESS. dag_id=example_bash_operator, task_id=runme_0, execution_date=20210810T000000, start_date=20210811T221435, end_date=20210811T221436
[2021-08-11 22:14:36,323] {taskinstance.py:1265} INFO - 0 downstream tasks scheduled from follow-on schedule check
[2021-08-11 22:14:36,356] {local_task_job.py:149} INFO - Task exited with return code 0
