[2021-08-11 22:14:35,107] {taskinstance.py:896} INFO - Dependencies all met for <TaskInstance: example_bash_operator.this_will_skip 2021-08-10T00:00:00+00:00 [queued]>
[2021-08-11 22:14:35,119] {taskinstance.py:896} INFO - Dependencies all met for <TaskInstance: example_bash_operator.this_will_skip 2021-08-10T00:00:00+00:00 [queued]>
[2021-08-11 22:14:35,119] {taskinstance.py:1087} INFO - 
--------------------------------------------------------------------------------
[2021-08-11 22:14:35,119] {taskinstance.py:1088} INFO - Starting attempt 1 of 1
[2021-08-11 22:14:35,119] {taskinstance.py:1089} INFO - 
--------------------------------------------------------------------------------
[2021-08-11 22:14:35,127] {taskinstance.py:1107} INFO - Executing <Task(BashOperator): this_will_skip> on 2021-08-10T00:00:00+00:00
[2021-08-11 22:14:35,132] {standard_task_runner.py:52} INFO - Started process 1280 to run task
[2021-08-11 22:14:35,137] {standard_task_runner.py:76} INFO - Running: ['***', 'tasks', 'run', 'example_bash_operator', 'this_will_skip', '2021-08-10T00:00:00+00:00', '--job-id', '6', '--pool', 'default_pool', '--raw', '--subdir', '/home/***/.local/lib/python3.6/site-packages/***/example_dags/example_bash_operator.py', '--cfg-path', '/tmp/tmp588v5ow3', '--error-file', '/tmp/tmpcwahkrup']
[2021-08-11 22:14:35,139] {standard_task_runner.py:77} INFO - Job 6: Subtask this_will_skip
[2021-08-11 22:14:35,173] {logging_mixin.py:104} INFO - Running <TaskInstance: example_bash_operator.this_will_skip 2021-08-10T00:00:00+00:00 [running]> on host cbaba99b3893
[2021-08-11 22:14:35,215] {taskinstance.py:1302} INFO - Exporting the following env vars:
AIRFLOW_CTX_DAG_OWNER=***
AIRFLOW_CTX_DAG_ID=example_bash_operator
AIRFLOW_CTX_TASK_ID=this_will_skip
AIRFLOW_CTX_EXECUTION_DATE=2021-08-10T00:00:00+00:00
AIRFLOW_CTX_DAG_RUN_ID=scheduled__2021-08-10T00:00:00+00:00
[2021-08-11 22:14:35,216] {subprocess.py:52} INFO - Tmp dir root location: 
 /tmp
[2021-08-11 22:14:35,217] {subprocess.py:63} INFO - Running command: ['bash', '-c', 'echo "hello world"; exit 99;']
[2021-08-11 22:14:35,225] {subprocess.py:74} INFO - Output:
[2021-08-11 22:14:35,226] {subprocess.py:78} INFO - hello world
[2021-08-11 22:14:35,226] {subprocess.py:82} INFO - Command exited with return code 99
[2021-08-11 22:14:35,227] {taskinstance.py:1167} INFO - Bash command returned exit code 99. Skipping.
[2021-08-11 22:14:35,234] {taskinstance.py:1177} INFO - Marking task as SKIPPED. dag_id=example_bash_operator, task_id=this_will_skip, execution_date=20210810T000000, start_date=20210811T221435, end_date=
[2021-08-11 22:14:35,235] {taskinstance.py:1211} INFO - Marking task as SUCCESS. dag_id=example_bash_operator, task_id=this_will_skip, execution_date=20210810T000000, start_date=20210811T221435, end_date=20210811T221435
[2021-08-11 22:14:35,259] {taskinstance.py:1265} INFO - 0 downstream tasks scheduled from follow-on schedule check
[2021-08-11 22:14:35,266] {local_task_job.py:149} INFO - Task exited with return code 0
